<?xml version="1.0" encoding="UTF-8"?>
<testng-results skipped="3" failed="0" total="3" passed="0">
  <reporter-output>
  </reporter-output>
  <suite name="Default suite" duration-ms="179" started-at="2019-08-01T22:45:21Z" finished-at="2019-08-01T22:45:22Z">
    <groups>
    </groups>
    <test name="Default test" duration-ms="179" started-at="2019-08-01T22:45:21Z" finished-at="2019-08-01T22:45:22Z">
      <class name="com.Adactin.qa.TestCases.LoginPageTest">
        <test-method status="FAIL" signature="setUp()[pri:0, instance:com.Adactin.qa.TestCases.LoginPageTest@28feb3fa]" name="setUp" is-config="true" duration-ms="0" started-at="2019-08-02T04:15:21Z" finished-at="2019-08-02T04:15:21Z">
          <exception class="java.lang.NoClassDefFoundError">
            <message>
              <![CDATA[org/apache/commons/logging/LogFactory]]>
            </message>
            <full-stacktrace>
              <![CDATA[java.lang.NoClassDefFoundError: org/apache/commons/logging/LogFactory
	at org.apache.http.conn.ssl.AbstractVerifier.<init>(AbstractVerifier.java:89)
	at org.apache.http.conn.ssl.AllowAllHostnameVerifier.<init>(AllowAllHostnameVerifier.java:40)
	at org.apache.http.conn.ssl.SSLConnectionSocketFactory.<clinit>(SSLConnectionSocketFactory.java:126)
	at org.openqa.selenium.remote.internal.HttpClientFactory.getClientConnectionManager(HttpClientFactory.java:71)
	at org.openqa.selenium.remote.internal.HttpClientFactory.<init>(HttpClientFactory.java:57)
	at org.openqa.selenium.remote.internal.HttpClientFactory.<init>(HttpClientFactory.java:60)
	at org.openqa.selenium.remote.internal.ApacheHttpClient$Factory.getDefaultHttpClientFactory(ApacheHttpClient.java:252)
	at org.openqa.selenium.remote.internal.ApacheHttpClient$Factory.<init>(ApacheHttpClient.java:229)
	at org.openqa.selenium.remote.HttpCommandExecutor.getDefaultClientFactory(HttpCommandExecutor.java:96)
	at org.openqa.selenium.remote.HttpCommandExecutor.<init>(HttpCommandExecutor.java:70)
	at org.openqa.selenium.remote.service.DriverCommandExecutor.<init>(DriverCommandExecutor.java:62)
	at org.openqa.selenium.chrome.ChromeDriverCommandExecutor.<init>(ChromeDriverCommandExecutor.java:40)
	at org.openqa.selenium.chrome.ChromeDriver.<init>(ChromeDriver.java:170)
	at org.openqa.selenium.chrome.ChromeDriver.<init>(ChromeDriver.java:159)
	at org.openqa.selenium.chrome.ChromeDriver.<init>(ChromeDriver.java:116)
	at com.Adactin.qa.Base.TestBase.initialization(TestBase.java:57)
	at com.Adactin.qa.TestCases.LoginPageTest.setUp(LoginPageTest.java:24)
	at sun.reflect.NativeMethodAccessorImpl.invoke0(Native Method)
	at sun.reflect.NativeMethodAccessorImpl.invoke(Unknown Source)
	at sun.reflect.DelegatingMethodAccessorImpl.invoke(Unknown Source)
	at java.lang.reflect.Method.invoke(Unknown Source)
	at org.testng.internal.MethodInvocationHelper.invokeMethod(MethodInvocationHelper.java:80)
	at org.testng.internal.Invoker.invokeConfigurationMethod(Invoker.java:564)
	at org.testng.internal.Invoker.invokeConfigurations(Invoker.java:213)
	at org.testng.internal.Invoker.invokeMethod(Invoker.java:653)
	at org.testng.internal.Invoker.invokeTestMethod(Invoker.java:901)
	at org.testng.internal.Invoker.invokeTestMethods(Invoker.java:1231)
	at org.testng.internal.TestMethodWorker.invokeTestMethods(TestMethodWorker.java:127)
	at org.testng.internal.TestMethodWorker.run(TestMethodWorker.java:111)
	at org.testng.TestRunner.privateRun(TestRunner.java:767)
	at org.testng.TestRunner.run(TestRunner.java:617)
	at org.testng.SuiteRunner.runTest(SuiteRunner.java:334)
	at org.testng.SuiteRunner.runSequentially(SuiteRunner.java:329)
	at org.testng.SuiteRunner.privateRun(SuiteRunner.java:291)
	at org.testng.SuiteRunner.run(SuiteRunner.java:240)
	at org.testng.SuiteRunnerWorker.runSuite(SuiteRunnerWorker.java:52)
	at org.testng.SuiteRunnerWorker.run(SuiteRunnerWorker.java:86)
	at org.testng.TestNG.runSuitesSequentially(TestNG.java:1198)
	at org.testng.TestNG.runSuitesLocally(TestNG.java:1123)
	at org.testng.TestNG.run(TestNG.java:1031)
	at org.testng.remote.AbstractRemoteTestNG.run(AbstractRemoteTestNG.java:115)
	at org.testng.remote.RemoteTestNG.initAndRun(RemoteTestNG.java:251)
	at org.testng.remote.RemoteTestNG.main(RemoteTestNG.java:77)
Caused by: java.lang.ClassNotFoundException: org.apache.commons.logging.LogFactory
	at java.net.URLClassLoader.findClass(Unknown Source)
	at java.lang.ClassLoader.loadClass(Unknown Source)
	at sun.misc.Launcher$AppClassLoader.loadClass(Unknown Source)
	at java.lang.ClassLoader.loadClass(Unknown Source)
	... 43 more
]]>
            </full-stacktrace>
          </exception> <!-- java.lang.NoClassDefFoundError -->
          <reporter-output>
          </reporter-output>
        </test-method> <!-- setUp -->
        <test-method status="SKIP" signature="LoginPageTitleTest()[pri:0, instance:com.Adactin.qa.TestCases.LoginPageTest@28feb3fa]" name="LoginPageTitleTest" duration-ms="2" started-at="2019-08-02T04:15:22Z" finished-at="2019-08-02T04:15:22Z">
          <reporter-output>
          </reporter-output>
        </test-method> <!-- LoginPageTitleTest -->
        <test-method status="SKIP" signature="tearDown()[pri:0, instance:com.Adactin.qa.TestCases.LoginPageTest@28feb3fa]" name="tearDown" is-config="true" duration-ms="0" started-at="2019-08-02T04:15:22Z" finished-at="2019-08-02T04:15:22Z">
          <reporter-output>
          </reporter-output>
        </test-method> <!-- tearDown -->
        <test-method status="SKIP" signature="setUp()[pri:0, instance:com.Adactin.qa.TestCases.LoginPageTest@28feb3fa]" name="setUp" is-config="true" duration-ms="0" started-at="2019-08-02T04:15:22Z" finished-at="2019-08-02T04:15:22Z">
          <reporter-output>
          </reporter-output>
        </test-method> <!-- setUp -->
        <test-method status="SKIP" signature="varifylogo()[pri:0, instance:com.Adactin.qa.TestCases.LoginPageTest@28feb3fa]" name="varifylogo" duration-ms="3" started-at="2019-08-02T04:15:22Z" finished-at="2019-08-02T04:15:22Z">
          <reporter-output>
          </reporter-output>
        </test-method> <!-- varifylogo -->
        <test-method status="SKIP" signature="tearDown()[pri:0, instance:com.Adactin.qa.TestCases.LoginPageTest@28feb3fa]" name="tearDown" is-config="true" duration-ms="0" started-at="2019-08-02T04:15:22Z" finished-at="2019-08-02T04:15:22Z">
          <reporter-output>
          </reporter-output>
        </test-method> <!-- tearDown -->
        <test-method status="SKIP" signature="setUp()[pri:0, instance:com.Adactin.qa.TestCases.LoginPageTest@28feb3fa]" name="setUp" is-config="true" duration-ms="0" started-at="2019-08-02T04:15:22Z" finished-at="2019-08-02T04:15:22Z">
          <reporter-output>
          </reporter-output>
        </test-method> <!-- setUp -->
        <test-method status="SKIP" signature="LoginTest()[pri:0, instance:com.Adactin.qa.TestCases.LoginPageTest@28feb3fa]" name="LoginTest" duration-ms="2" started-at="2019-08-02T04:15:22Z" finished-at="2019-08-02T04:15:22Z">
          <reporter-output>
          </reporter-output>
        </test-method> <!-- LoginTest -->
        <test-method status="SKIP" signature="tearDown()[pri:0, instance:com.Adactin.qa.TestCases.LoginPageTest@28feb3fa]" name="tearDown" is-config="true" duration-ms="0" started-at="2019-08-02T04:15:22Z" finished-at="2019-08-02T04:15:22Z">
          <reporter-output>
          </reporter-output>
        </test-method> <!-- tearDown -->
      </class> <!-- com.Adactin.qa.TestCases.LoginPageTest -->
    </test> <!-- Default test -->
  </suite> <!-- Default suite -->
</testng-results>
