<?xml version="1.0" encoding="UTF-8"?>
<!-- Generated by org.testng.reporters.JUnitXMLReporter -->
<testsuite hostname="Welcome-PC" name="Default test" tests="3" failures="0" timestamp="5 Jul 2019 11:24:56 GMT" time="88.908" errors="0">
  <testcase name="openbrowser" time="30.092" classname="workingwithDataDriven.zohoDDTLogin"/>
  <testcase name="openbrowser" time="27.734" classname="workingwithDataDriven.zohoDDTLogin"/>
  <testcase name="openbrowser" time="28.519" classname="workingwithDataDriven.zohoDDTLogin"/>
</testsuite> <!-- Default test -->
