<?xml version="1.0" encoding="UTF-8"?>
<!-- Generated by org.testng.reporters.JUnitXMLReporter -->
<testsuite hostname="Welcome-PC" name="Default test" tests="3" failures="0" timestamp="1 Aug 2019 22:23:56 GMT" time="7.091" errors="0">
  <testcase name="@BeforeMethod setUp" time="0.0" classname="com.Adactin.qa.TestCases.LoginPageTest">
    <failure type="java.lang.StackOverflowError">
      <![CDATA[java.lang.StackOverflowError
	at java.io.InputStream.<init>(Unknown Source)
	at java.io.FileInputStream.<init>(Unknown Source)
	at java.io.FileInputStream.<init>(Unknown Source)
	at com.Adactin.qa.Base.TestBase.<init>(TestBase.java:26)
	at com.Adactin.qa.Pages.LoginPage.<init>(LoginPage.java:35)
	at sun.reflect.GeneratedConstructorAccessor11.newInstance(Unknown Source)
	at sun.reflect.DelegatingConstructorAccessorImpl.newInstance(Unknown Source)
	at java.lang.reflect.Constructor.newInstance(Unknown Source)
	at java.lang.Class.newInstance(Unknown Source)
	at org.openqa.selenium.support.PageFactory.instantiatePage(PageFactory.java:131)
	at org.openqa.selenium.support.PageFactory.initElements(PageFactory.java:64)
	at com.Adactin.qa.Pages.LoginPage.<init>(LoginPage.java:38)
	at sun.reflect.GeneratedConstructorAccessor11.newInstance(Unknown Source)
	at sun.reflect.DelegatingConstructorAccessorImpl.newInstance(Unknown Source)
	at java.lang.reflect.Constructor.newInstance(Unknown Source)
	at java.lang.Class.newInstance(Unknown Source)
	at org.openqa.selenium.support.PageFactory.instantiatePage(PageFactory.java:131)
	at org.openqa.selenium.support.PageFactory.initElements(PageFactory.java:64)
	at com.Adactin.qa.Pages.LoginPage.<init>(LoginPage.java:38)
	at sun.reflect.GeneratedConstructorAccessor11.newInstance(Unknown Source)
	at sun.reflect.DelegatingConstructorAccessorImpl.newInstance(Unknown Source)
	at java.lang.reflect.Constructor.newInstance(Unknown Source)
	at java.lang.Class.newInstance(Unknown Source)
	at org.openqa.selenium.support.PageFactory.instantiatePage(PageFactory.java:131)
	at org.openqa.selenium.support.PageFactory.initElements(PageFactory.java:64)
	at com.Adactin.qa.Pages.LoginPage.<init>(LoginPage.java:38)
	at sun.reflect.GeneratedConstructorAccessor11.newInstance(Unknown Source)
	at sun.reflect.DelegatingConstructorAccessorImpl.newInstance(Unknown Source)
	at java.lang.reflect.Constructor.newInstance(Unknown Source)
	at java.lang.Class.newInstance(Unknown Source)
	at org.openqa.selenium.support.PageFactory.instantiatePage(PageFactory.java:131)
	at org.openqa.selenium.support.PageFactory.initElements(PageFactory.java:64)
	at com.Adactin.qa.Pages.LoginPage.<init>(LoginPage.java:38)
	at sun.reflect.GeneratedConstructorAccessor11.newInstance(Unknown Source)
	at sun.reflect.DelegatingConstructorAccessorImpl.newInstance(Unknown Source)
	at java.lang.reflect.Constructor.newInstance(Unknown Source)
	at java.lang.Class.newInstance(Unknown Source)
	at org.openqa.selenium.support.PageFactory.instantiatePage(PageFactory.java:131)
	at org.openqa.selenium.support.PageFactory.initElements(PageFactory.java:64)
	at com.Adactin.qa.Pages.LoginPage.<init>(LoginPage.java:38)
	at sun.reflect.GeneratedConstructorAccessor11.newInstance(Unknown Source)
	at sun.reflect.DelegatingConstructorAccessorImpl.newInstance(Unknown Source)
	at java.lang.reflect.Constructor.newInstance(Unknown Source)
	at java.lang.Class.newInstance(Unknown Source)
	at org.openqa.selenium.support.PageFactory.instantiatePage(PageFactory.java:131)
	at org.openqa.selenium.support.PageFactory.initElements(PageFactory.java:64)
	at com.Adactin.qa.Pages.LoginPage.<init>(LoginPage.java:38)
	at sun.reflect.GeneratedConstructorAccessor11.newInstance(Unknown Source)
	at sun.reflect.DelegatingConstructorAccessorImpl.newInstance(Unknown Source)
	at java.lang.reflect.Constructor.newInstance(Unknown Source)
	at java.lang.Class.newInstance(Unknown Source)
	at org.openqa.selenium.support.PageFactory.instantiatePage(PageFactory.java:131)
	at org.openqa.selenium.support.PageFactory.initElements(PageFactory.java:64)
	at com.Adactin.qa.Pages.LoginPage.<init>(LoginPage.java:38)
	at sun.reflect.GeneratedConstructorAccessor11.newInstance(Unknown Source)
	at sun.reflect.DelegatingConstructorAccessorImpl.newInstance(Unknown Source)
	at java.lang.reflect.Constructor.newInstance(Unknown Source)
	at java.lang.Class.newInstance(Unknown Source)
	at org.openqa.selenium.support.PageFactory.instantiatePage(PageFactory.java:131)
	at org.openqa.selenium.support.PageFactory.initElements(PageFactory.java:64)
	at com.Adactin.qa.Pages.LoginPage.<init>(LoginPage.java:38)
	at sun.reflect.GeneratedConstructorAccessor11.newInstance(Unknown Source)
	at sun.reflect.DelegatingConstructorAccessorImpl.newInstance(Unknown Source)
	at java.lang.reflect.Constructor.newInstance(Unknown Source)
	at java.lang.Class.newInstance(Unknown Source)
	at org.openqa.selenium.support.PageFactory.instantiatePage(PageFactory.java:131)
	at org.openqa.selenium.support.PageFactory.initElements(PageFactory.java:64)
	at com.Adactin.qa.Pages.LoginPage.<init>(LoginPage.java:38)
	at sun.reflect.GeneratedConstructorAccessor11.newInstance(Unknown Source)
	at sun.reflect.DelegatingConstructorAccessorImpl.newInstance(Unknown Source)
	at java.lang.reflect.Constructor.newInstance(Unknown Source)
	at java.lang.Class.newInstance(Unknown Source)
	at org.openqa.selenium.support.PageFactory.instantiatePage(PageFactory.java:131)
	at org.openqa.selenium.support.PageFactory.initElements(PageFactory.java:64)
	at com.Adactin.qa.Pages.LoginPage.<init>(LoginPage.java:38)
	at sun.reflect.GeneratedConstructorAccessor11.newInstance(Unknown Source)
	at sun.reflect.DelegatingConstructorAccessorImpl.newInstance(Unknown Source)
	at java.lang.reflect.Constructor.newInstance(Unknown Source)
	at java.lang.Class.newInstance(Unknown Source)
	at org.openqa.selenium.support.PageFactory.instantiatePage(PageFactory.java:131)
	at org.openqa.selenium.support.PageFactory.initElements(PageFactory.java:64)
	at com.Adactin.qa.Pages.LoginPage.<init>(LoginPage.java:38)
	at sun.reflect.GeneratedConstructorAccessor11.newInstance(Unknown Source)
	at sun.reflect.DelegatingConstructorAccessorImpl.newInstance(Unknown Source)
	at java.lang.reflect.Constructor.newInstance(Unknown Source)
	at java.lang.Class.newInstance(Unknown Source)
	at org.openqa.selenium.support.PageFactory.instantiatePage(PageFactory.java:131)
	at org.openqa.selenium.support.PageFactory.initElements(PageFactory.java:64)
	at com.Adactin.qa.Pages.LoginPage.<init>(LoginPage.java:38)
	at sun.reflect.GeneratedConstructorAccessor11.newInstance(Unknown Source)
	at sun.reflect.DelegatingConstructorAccessorImpl.newInstance(Unknown Source)
	at java.lang.reflect.Constructor.newInstance(Unknown Source)
	at java.lang.Class.newInstance(Unknown Source)
	at org.openqa.selenium.support.PageFactory.instantiatePage(PageFactory.java:131)
	at org.openqa.selenium.support.PageFactory.initElements(PageFactory.java:64)
	at com.Adactin.qa.Pages.LoginPage.<init>(LoginPage.java:38)
	at sun.reflect.GeneratedConstructorAccessor11.newInstance(Unknown Source)
	at sun.reflect.DelegatingConstructorAccessorImpl.newInstance(Unknown Source)
	at java.lang.reflect.Constructor.newInstance(Unknown Source)
	at java.lang.Class.newInstance(Unknown Source)
	at org.openqa.selenium.support.PageFactory.instantiatePage(PageFactory.java:131)
	at org.openqa.selenium.support.PageFactory.initElements(PageFactory.java:64)
	at com.Adactin.qa.Pages.LoginPage.<init>(LoginPage.java:38)
	at sun.reflect.GeneratedConstructorAccessor11.newInstance(Unknown Source)
	at sun.reflect.DelegatingConstructorAccessorImpl.newInstance(Unknown Source)
	at java.lang.reflect.Constructor.newInstance(Unknown Source)
	at java.lang.Class.newInstance(Unknown Source)
	at org.openqa.selenium.support.PageFactory.instantiatePage(PageFactory.java:131)
	at org.openqa.selenium.support.PageFactory.initElements(PageFactory.java:64)
	at com.Adactin.qa.Pages.LoginPage.<init>(LoginPage.java:38)
	at sun.reflect.GeneratedConstructorAccessor11.newInstance(Unknown Source)
	at sun.reflect.DelegatingConstructorAccessorImpl.newInstance(Unknown Source)
	at java.lang.reflect.Constructor.newInstance(Unknown Source)
	at java.lang.Class.newInstance(Unknown Source)
	at org.openqa.selenium.support.PageFactory.instantiatePage(PageFactory.java:131)
	at org.openqa.selenium.support.PageFactory.initElements(PageFactory.java:64)
	at com.Adactin.qa.Pages.LoginPage.<init>(LoginPage.java:38)
	at sun.reflect.GeneratedConstructorAccessor11.newInstance(Unknown Source)
	at sun.reflect.DelegatingConstructorAccessorImpl.newInstance(Unknown Source)
	at java.lang.reflect.Constructor.newInstance(Unknown Source)
	at java.lang.Class.newInstance(Unknown Source)
	at org.openqa.selenium.support.PageFactory.instantiatePage(PageFactory.java:131)
	at org.openqa.selenium.support.PageFactory.initElements(PageFactory.java:64)
	at com.Adactin.qa.Pages.LoginPage.<init>(LoginPage.java:38)
	at sun.reflect.GeneratedConstructorAccessor11.newInstance(Unknown Source)
	at sun.reflect.DelegatingConstructorAccessorImpl.newInstance(Unknown Source)
	at java.lang.reflect.Constructor.newInstance(Unknown Source)
	at java.lang.Class.newInstance(Unknown Source)
	at org.openqa.selenium.support.PageFactory.instantiatePage(PageFactory.java:131)
	at org.openqa.selenium.support.PageFactory.initElements(PageFactory.java:64)
	at com.Adactin.qa.Pages.LoginPage.<init>(LoginPage.java:38)
	at sun.reflect.GeneratedConstructorAccessor11.newInstance(Unknown Source)
	at sun.reflect.DelegatingConstructorAccessorImpl.newInstance(Unknown Source)
	at java.lang.reflect.Constructor.newInstance(Unknown Source)
	at java.lang.Class.newInstance(Unknown Source)
	at org.openqa.selenium.support.PageFactory.instantiatePage(PageFactory.java:131)
	at org.openqa.selenium.support.PageFactory.initElements(PageFactory.java:64)
	at com.Adactin.qa.Pages.LoginPage.<init>(LoginPage.java:38)
	at sun.reflect.GeneratedConstructorAccessor11.newInstance(Unknown Source)
	at sun.reflect.DelegatingConstructorAccessorImpl.newInstance(Unknown Source)
	at java.lang.reflect.Constructor.newInstance(Unknown Source)
	at java.lang.Class.newInstance(Unknown Source)
	at org.openqa.selenium.support.PageFactory.instantiatePage(PageFactory.java:131)
	at org.openqa.selenium.support.PageFactory.initElements(PageFactory.java:64)
	at com.Adactin.qa.Pages.LoginPage.<init>(LoginPage.java:38)
	at sun.reflect.GeneratedConstructorAccessor11.newInstance(Unknown Source)
	at sun.reflect.DelegatingConstructorAccessorImpl.newInstance(Unknown Source)
	at java.lang.reflect.Constructor.newInstance(Unknown Source)
	at java.lang.Class.newInstance(Unknown Source)
	at org.openqa.selenium.support.PageFactory.instantiatePage(PageFactory.java:131)
	at org.openqa.selenium.support.PageFactory.initElements(PageFactory.java:64)
	at com.Adactin.qa.Pages.LoginPage.<init>(LoginPage.java:38)
	at sun.reflect.GeneratedConstructorAccessor11.newInstance(Unknown Source)
	at sun.reflect.DelegatingConstructorAccessorImpl.newInstance(Unknown Source)
	at java.lang.reflect.Constructor.newInstance(Unknown Source)
	at java.lang.Class.newInstance(Unknown Source)
	at org.openqa.selenium.support.PageFactory.instantiatePage(PageFactory.java:131)
	at org.openqa.selenium.support.PageFactory.initElements(PageFactory.java:64)
	at com.Adactin.qa.Pages.LoginPage.<init>(LoginPage.java:38)
	at sun.reflect.GeneratedConstructorAccessor11.newInstance(Unknown Source)
	at sun.reflect.DelegatingConstructorAccessorImpl.newInstance(Unknown Source)
	at java.lang.reflect.Constructor.newInstance(Unknown Source)
	at java.lang.Class.newInstance(Unknown Source)
	at org.openqa.selenium.support.PageFactory.instantiatePage(PageFactory.java:131)
	at org.openqa.selenium.support.PageFactory.initElements(PageFactory.java:64)
	at com.Adactin.qa.Pages.LoginPage.<init>(LoginPage.java:38)
	at sun.reflect.GeneratedConstructorAccessor11.newInstance(Unknown Source)
	at sun.reflect.DelegatingConstructorAccessorImpl.newInstance(Unknown Source)
	at java.lang.reflect.Constructor.newInstance(Unknown Source)
	at java.lang.Class.newInstance(Unknown Source)
	at org.openqa.selenium.support.PageFactory.instantiatePage(PageFactory.java:131)
	at org.openqa.selenium.support.PageFactory.initElements(PageFactory.java:64)
	at com.Adactin.qa.Pages.LoginPage.<init>(LoginPage.java:38)
	at sun.reflect.GeneratedConstructorAccessor11.newInstance(Unknown Source)
	at sun.reflect.DelegatingConstructorAccessorImpl.newInstance(Unknown Source)
	at java.lang.reflect.Constructor.newInstance(Unknown Source)
	at java.lang.Class.newInstance(Unknown Source)
	at org.openqa.selenium.support.PageFactory.instantiatePage(PageFactory.java:131)
	at org.openqa.selenium.support.PageFactory.initElements(PageFactory.java:64)
	at com.Adactin.qa.Pages.LoginPage.<init>(LoginPage.java:38)
	at sun.reflect.GeneratedConstructorAccessor11.newInstance(Unknown Source)
	at sun.reflect.DelegatingConstructorAccessorImpl.newInstance(Unknown Source)
	at java.lang.reflect.Constructor.newInstance(Unknown Source)
	at java.lang.Class.newInstance(Unknown Source)
	at org.openqa.selenium.support.PageFactory.instantiatePage(PageFactory.java:131)
	at org.openqa.selenium.support.PageFactory.initElements(PageFactory.java:64)
	at com.Adactin.qa.Pages.LoginPage.<init>(LoginPage.java:38)
	at sun.reflect.GeneratedConstructorAccessor11.newInstance(Unknown Source)
	at sun.reflect.DelegatingConstructorAccessorImpl.newInstance(Unknown Source)
	at java.lang.reflect.Constructor.newInstance(Unknown Source)
	at java.lang.Class.newInstance(Unknown Source)
	at org.openqa.selenium.support.PageFactory.instantiatePage(PageFactory.java:131)
	at org.openqa.selenium.support.PageFactory.initElements(PageFactory.java:64)
	at com.Adactin.qa.Pages.LoginPage.<init>(LoginPage.java:38)
	at sun.reflect.GeneratedConstructorAccessor11.newInstance(Unknown Source)
	at sun.reflect.DelegatingConstructorAccessorImpl.newInstance(Unknown Source)
	at java.lang.reflect.Constructor.newInstance(Unknown Source)
	at java.lang.Class.newInstance(Unknown Source)
	at org.openqa.selenium.support.PageFactory.instantiatePage(PageFactory.java:131)
	at org.openqa.selenium.support.PageFactory.initElements(PageFactory.java:64)
	at com.Adactin.qa.Pages.LoginPage.<init>(LoginPage.java:38)
	at sun.reflect.GeneratedConstructorAccessor11.newInstance(Unknown Source)
	at sun.reflect.DelegatingConstructorAccessorImpl.newInstance(Unknown Source)
	at java.lang.reflect.Constructor.newInstance(Unknown Source)
	at java.lang.Class.newInstance(Unknown Source)
	at org.openqa.selenium.support.PageFactory.instantiatePage(PageFactory.java:131)
	at org.openqa.selenium.support.PageFactory.initElements(PageFactory.java:64)
	at com.Adactin.qa.Pages.LoginPage.<init>(LoginPage.java:38)
	at sun.reflect.GeneratedConstructorAccessor11.newInstance(Unknown Source)
	at sun.reflect.DelegatingConstructorAccessorImpl.newInstance(Unknown Source)
	at java.lang.reflect.Constructor.newInstance(Unknown Source)
	at java.lang.Class.newInstance(Unknown Source)
	at org.openqa.selenium.support.PageFactory.instantiatePage(PageFactory.java:131)
	at org.openqa.selenium.support.PageFactory.initElements(PageFactory.java:64)
	at com.Adactin.qa.Pages.LoginPage.<init>(LoginPage.java:38)
	at sun.reflect.GeneratedConstructorAccessor11.newInstance(Unknown Source)
	at sun.reflect.DelegatingConstructorAccessorImpl.newInstance(Unknown Source)
	at java.lang.reflect.Constructor.newInstance(Unknown Source)
	at java.lang.Class.newInstance(Unknown Source)
	at org.openqa.selenium.support.PageFactory.instantiatePage(PageFactory.java:131)
	at org.openqa.selenium.support.PageFactory.initElements(PageFactory.java:64)
	at com.Adactin.qa.Pages.LoginPage.<init>(LoginPage.java:38)
	at sun.reflect.GeneratedConstructorAccessor11.newInstance(Unknown Source)
	at sun.reflect.DelegatingConstructorAccessorImpl.newInstance(Unknown Source)
	at java.lang.reflect.Constructor.newInstance(Unknown Source)
	at java.lang.Class.newInstance(Unknown Source)
	at org.openqa.selenium.support.PageFactory.instantiatePage(PageFactory.java:131)
	at org.openqa.selenium.support.PageFactory.initElements(PageFactory.java:64)
	at com.Adactin.qa.Pages.LoginPage.<init>(LoginPage.java:38)
	at sun.reflect.GeneratedConstructorAccessor11.newInstance(Unknown Source)
	at sun.reflect.DelegatingConstructorAccessorImpl.newInstance(Unknown Source)
	at java.lang.reflect.Constructor.newInstance(Unknown Source)
	at java.lang.Class.newInstance(Unknown Source)
	at org.openqa.selenium.support.PageFactory.instantiatePage(PageFactory.java:131)
	at org.openqa.selenium.support.PageFactory.initElements(PageFactory.java:64)
	at com.Adactin.qa.Pages.LoginPage.<init>(LoginPage.java:38)
	at sun.reflect.GeneratedConstructorAccessor11.newInstance(Unknown Source)
	at sun.reflect.DelegatingConstructorAccessorImpl.newInstance(Unknown Source)
	at java.lang.reflect.Constructor.newInstance(Unknown Source)
	at java.lang.Class.newInstance(Unknown Source)
	at org.openqa.selenium.support.PageFactory.instantiatePage(PageFactory.java:131)
	at org.openqa.selenium.support.PageFactory.initElements(PageFactory.java:64)
	at com.Adactin.qa.Pages.LoginPage.<init>(LoginPage.java:38)
	at sun.reflect.GeneratedConstructorAccessor11.newInstance(Unknown Source)
	at sun.reflect.DelegatingConstructorAccessorImpl.newInstance(Unknown Source)
	at java.lang.reflect.Constructor.newInstance(Unknown Source)
	at java.lang.Class.newInstance(Unknown Source)
	at org.openqa.selenium.support.PageFactory.instantiatePage(PageFactory.java:131)
	at org.openqa.selenium.support.PageFactory.initElements(PageFactory.java:64)
	at com.Adactin.qa.Pages.LoginPage.<init>(LoginPage.java:38)
	at sun.reflect.GeneratedConstructorAccessor11.newInstance(Unknown Source)
	at sun.reflect.DelegatingConstructorAccessorImpl.newInstance(Unknown Source)
	at java.lang.reflect.Constructor.newInstance(Unknown Source)
	at java.lang.Class.newInstance(Unknown Source)
	at org.openqa.selenium.support.PageFactory.instantiatePage(PageFactory.java:131)
	at org.openqa.selenium.support.PageFactory.initElements(PageFactory.java:64)
	at com.Adactin.qa.Pages.LoginPage.<init>(LoginPage.java:38)
	at sun.reflect.GeneratedConstructorAccessor11.newInstance(Unknown Source)
	at sun.reflect.DelegatingConstructorAccessorImpl.newInstance(Unknown Source)
	at java.lang.reflect.Constructor.newInstance(Unknown Source)
	at java.lang.Class.newInstance(Unknown Source)
	at org.openqa.selenium.support.PageFactory.instantiatePage(PageFactory.java:131)
	at org.openqa.selenium.support.PageFactory.initElements(PageFactory.java:64)
	at com.Adactin.qa.Pages.LoginPage.<init>(LoginPage.java:38)
	at sun.reflect.GeneratedConstructorAccessor11.newInstance(Unknown Source)
	at sun.reflect.DelegatingConstructorAccessorImpl.newInstance(Unknown Source)
	at java.lang.reflect.Constructor.newInstance(Unknown Source)
	at java.lang.Class.newInstance(Unknown Source)
	at org.openqa.selenium.support.PageFactory.instantiatePage(PageFactory.java:131)
	at org.openqa.selenium.support.PageFactory.initElements(PageFactory.java:64)
	at com.Adactin.qa.Pages.LoginPage.<init>(LoginPage.java:38)
	at sun.reflect.GeneratedConstructorAccessor11.newInstance(Unknown Source)
	at sun.reflect.DelegatingConstructorAccessorImpl.newInstance(Unknown Source)
	at java.lang.reflect.Constructor.newInstance(Unknown Source)
	at java.lang.Class.newInstance(Unknown Source)
	at org.openqa.selenium.support.PageFactory.instantiatePage(PageFactory.java:131)
	at org.openqa.selenium.support.PageFactory.initElements(PageFactory.java:64)
	at com.Adactin.qa.Pages.LoginPage.<init>(LoginPage.java:38)
	at sun.reflect.GeneratedConstructorAccessor11.newInstance(Unknown Source)
	at sun.reflect.DelegatingConstructorAccessorImpl.newInstance(Unknown Source)
	at java.lang.reflect.Constructor.newInstance(Unknown Source)
	at java.lang.Class.newInstance(Unknown Source)
	at org.openqa.selenium.support.PageFactory.instantiatePage(PageFactory.java:131)
	at org.openqa.selenium.support.PageFactory.initElements(PageFactory.java:64)
	at com.Adactin.qa.Pages.LoginPage.<init>(LoginPage.java:38)
	at sun.reflect.GeneratedConstructorAccessor11.newInstance(Unknown Source)
	at sun.reflect.DelegatingConstructorAccessorImpl.newInstance(Unknown Source)
	at java.lang.reflect.Constructor.newInstance(Unknown Source)
	at java.lang.Class.newInstance(Unknown Source)
	at org.openqa.selenium.support.PageFactory.instantiatePage(PageFactory.java:131)
	at org.openqa.selenium.support.PageFactory.initElements(PageFactory.java:64)
	at com.Adactin.qa.Pages.LoginPage.<init>(LoginPage.java:38)
	at sun.reflect.GeneratedConstructorAccessor11.newInstance(Unknown Source)
	at sun.reflect.DelegatingConstructorAccessorImpl.newInstance(Unknown Source)
	at java.lang.reflect.Constructor.newInstance(Unknown Source)
	at java.lang.Class.newInstance(Unknown Source)
	at org.openqa.selenium.support.PageFactory.instantiatePage(PageFactory.java:131)
	at org.openqa.selenium.support.PageFactory.initElements(PageFactory.java:64)
	at com.Adactin.qa.Pages.LoginPage.<init>(LoginPage.java:38)
	at sun.reflect.GeneratedConstructorAccessor11.newInstance(Unknown Source)
	at sun.reflect.DelegatingConstructorAccessorImpl.newInstance(Unknown Source)
	at java.lang.reflect.Constructor.newInstance(Unknown Source)
	at java.lang.Class.newInstance(Unknown Source)
	at org.openqa.selenium.support.PageFactory.instantiatePage(PageFactory.java:131)
	at org.openqa.selenium.support.PageFactory.initElements(PageFactory.java:64)
	at com.Adactin.qa.Pages.LoginPage.<init>(LoginPage.java:38)
	at sun.reflect.GeneratedConstructorAccessor11.newInstance(Unknown Source)
	at sun.reflect.DelegatingConstructorAccessorImpl.newInstance(Unknown Source)
	at java.lang.reflect.Constructor.newInstance(Unknown Source)
	at java.lang.Class.newInstance(Unknown Source)
	at org.openqa.selenium.support.PageFactory.instantiatePage(PageFactory.java:131)
	at org.openqa.selenium.support.PageFactory.initElements(PageFactory.java:64)
	at com.Adactin.qa.Pages.LoginPage.<init>(LoginPage.java:38)
	at sun.reflect.GeneratedConstructorAccessor11.newInstance(Unknown Source)
	at sun.reflect.DelegatingConstructorAccessorImpl.newInstance(Unknown Source)
	at java.lang.reflect.Constructor.newInstance(Unknown Source)
	at java.lang.Class.newInstance(Unknown Source)
	at org.openqa.selenium.support.PageFactory.instantiatePage(PageFactory.java:131)
	at org.openqa.selenium.support.PageFactory.initElements(PageFactory.java:64)
	at com.Adactin.qa.Pages.LoginPage.<init>(LoginPage.java:38)
	at sun.reflect.GeneratedConstructorAccessor11.newInstance(Unknown Source)
	at sun.reflect.DelegatingConstructorAccessorImpl.newInstance(Unknown Source)
	at java.lang.reflect.Constructor.newInstance(Unknown Source)
	at java.lang.Class.newInstance(Unknown Source)
	at org.openqa.selenium.support.PageFactory.instantiatePage(PageFactory.java:131)
	at org.openqa.selenium.support.PageFactory.initElements(PageFactory.java:64)
	at com.Adactin.qa.Pages.LoginPage.<init>(LoginPage.java:38)
	at sun.reflect.GeneratedConstructorAccessor11.newInstance(Unknown Source)
	at sun.reflect.DelegatingConstructorAccessorImpl.newInstance(Unknown Source)
	at java.lang.reflect.Constructor.newInstance(Unknown Source)
	at java.lang.Class.newInstance(Unknown Source)
	at org.openqa.selenium.support.PageFactory.instantiatePage(PageFactory.java:131)
	at org.openqa.selenium.support.PageFactory.initElements(PageFactory.java:64)
	at com.Adactin.qa.Pages.LoginPage.<init>(LoginPage.java:38)
	at sun.reflect.GeneratedConstructorAccessor11.newInstance(Unknown Source)
	at sun.reflect.DelegatingConstructorAccessorImpl.newInstance(Unknown Source)
	at java.lang.reflect.Constructor.newInstance(Unknown Source)
	at java.lang.Class.newInstance(Unknown Source)
	at org.openqa.selenium.support.PageFactory.instantiatePage(PageFactory.java:131)
	at org.openqa.selenium.support.PageFactory.initElements(PageFactory.java:64)
	at com.Adactin.qa.Pages.LoginPage.<init>(LoginPage.java:38)
	at sun.reflect.GeneratedConstructorAccessor11.newInstance(Unknown Source)
	at sun.reflect.DelegatingConstructorAccessorImpl.newInstance(Unknown Source)
	at java.lang.reflect.Constructor.newInstance(Unknown Source)
	at java.lang.Class.newInstance(Unknown Source)
	at org.openqa.selenium.support.PageFactory.instantiatePage(PageFactory.java:131)
	at org.openqa.selenium.support.PageFactory.initElements(PageFactory.java:64)
	at com.Adactin.qa.Pages.LoginPage.<init>(LoginPage.java:38)
	at sun.reflect.GeneratedConstructorAccessor11.newInstance(Unknown Source)
	at sun.reflect.DelegatingConstructorAccessorImpl.newInstance(Unknown Source)
	at java.lang.reflect.Constructor.newInstance(Unknown Source)
	at java.lang.Class.newInstance(Unknown Source)
	at org.openqa.selenium.support.PageFactory.instantiatePage(PageFactory.java:131)
	at org.openqa.selenium.support.PageFactory.initElements(PageFactory.java:64)
	at com.Adactin.qa.Pages.LoginPage.<init>(LoginPage.java:38)
	at sun.reflect.GeneratedConstructorAccessor11.newInstance(Unknown Source)
	at sun.reflect.DelegatingConstructorAccessorImpl.newInstance(Unknown Source)
	at java.lang.reflect.Constructor.newInstance(Unknown Source)
	at java.lang.Class.newInstance(Unknown Source)
	at org.openqa.selenium.support.PageFactory.instantiatePage(PageFactory.java:131)
	at org.openqa.selenium.support.PageFactory.initElements(PageFactory.java:64)
	at com.Adactin.qa.Pages.LoginPage.<init>(LoginPage.java:38)
	at sun.reflect.GeneratedConstructorAccessor11.newInstance(Unknown Source)
	at sun.reflect.DelegatingConstructorAccessorImpl.newInstance(Unknown Source)
	at java.lang.reflect.Constructor.newInstance(Unknown Source)
	at java.lang.Class.newInstance(Unknown Source)
	at org.openqa.selenium.support.PageFactory.instantiatePage(PageFactory.java:131)
	at org.openqa.selenium.support.PageFactory.initElements(PageFactory.java:64)
	at com.Adactin.qa.Pages.LoginPage.<init>(LoginPage.java:38)
	at sun.reflect.GeneratedConstructorAccessor11.newInstance(Unknown Source)
	at sun.reflect.DelegatingConstructorAccessorImpl.newInstance(Unknown Source)
	at java.lang.reflect.Constructor.newInstance(Unknown Source)
	at java.lang.Class.newInstance(Unknown Source)
	at org.openqa.selenium.support.PageFactory.instantiatePage(PageFactory.java:131)
	at org.openqa.selenium.support.PageFactory.initElements(PageFactory.java:64)
	at com.Adactin.qa.Pages.LoginPage.<init>(LoginPage.java:38)
	at sun.reflect.GeneratedConstructorAccessor11.newInstance(Unknown Source)
	at sun.reflect.DelegatingConstructorAccessorImpl.newInstance(Unknown Source)
	at java.lang.reflect.Constructor.newInstance(Unknown Source)
	at java.lang.Class.newInstance(Unknown Source)
	at org.openqa.selenium.support.PageFactory.instantiatePage(PageFactory.java:131)
	at org.openqa.selenium.support.PageFactory.initElements(PageFactory.java:64)
	at com.Adactin.qa.Pages.LoginPage.<init>(LoginPage.java:38)
	at sun.reflect.GeneratedConstructorAccessor11.newInstance(Unknown Source)
	at sun.reflect.DelegatingConstructorAccessorImpl.newInstance(Unknown Source)
	at java.lang.reflect.Constructor.newInstance(Unknown Source)
	at java.lang.Class.newInstance(Unknown Source)
	at org.openqa.selenium.support.PageFactory.instantiatePage(PageFactory.java:131)
	at org.openqa.selenium.support.PageFactory.initElements(PageFactory.java:64)
	at com.Adactin.qa.Pages.LoginPage.<init>(LoginPage.java:38)
	at sun.reflect.GeneratedConstructorAccessor11.newInstance(Unknown Source)
	at sun.reflect.DelegatingConstructorAccessorImpl.newInstance(Unknown Source)
	at java.lang.reflect.Constructor.newInstance(Unknown Source)
	at java.lang.Class.newInstance(Unknown Source)
	at org.openqa.selenium.support.PageFactory.instantiatePage(PageFactory.java:131)
	at org.openqa.selenium.support.PageFactory.initElements(PageFactory.java:64)
	at com.Adactin.qa.Pages.LoginPage.<init>(LoginPage.java:38)
	at sun.reflect.GeneratedConstructorAccessor11.newInstance(Unknown Source)
	at sun.reflect.DelegatingConstructorAccessorImpl.newInstance(Unknown Source)
	at java.lang.reflect.Constructor.newInstance(Unknown Source)
	at java.lang.Class.newInstance(Unknown Source)
	at org.openqa.selenium.support.PageFactory.instantiatePage(PageFactory.java:131)
	at org.openqa.selenium.support.PageFactory.initElements(PageFactory.java:64)
	at com.Adactin.qa.Pages.LoginPage.<init>(LoginPage.java:38)
	at sun.reflect.GeneratedConstructorAccessor11.newInstance(Unknown Source)
	at sun.reflect.DelegatingConstructorAccessorImpl.newInstance(Unknown Source)
	at java.lang.reflect.Constructor.newInstance(Unknown Source)
	at java.lang.Class.newInstance(Unknown Source)
	at org.openqa.selenium.support.PageFactory.instantiatePage(PageFactory.java:131)
	at org.openqa.selenium.support.PageFactory.initElements(PageFactory.java:64)
	at com.Adactin.qa.Pages.LoginPage.<init>(LoginPage.java:38)
	at sun.reflect.GeneratedConstructorAccessor11.newInstance(Unknown Source)
	at sun.reflect.DelegatingConstructorAccessorImpl.newInstance(Unknown Source)
	at java.lang.reflect.Constructor.newInstance(Unknown Source)
	at java.lang.Class.newInstance(Unknown Source)
	at org.openqa.selenium.support.PageFactory.instantiatePage(PageFactory.java:131)
	at org.openqa.selenium.support.PageFactory.initElements(PageFactory.java:64)
	at com.Adactin.qa.Pages.LoginPage.<init>(LoginPage.java:38)
	at sun.reflect.GeneratedConstructorAccessor11.newInstance(Unknown Source)
	at sun.reflect.DelegatingConstructorAccessorImpl.newInstance(Unknown Source)
	at java.lang.reflect.Constructor.newInstance(Unknown Source)
	at java.lang.Class.newInstance(Unknown Source)
	at org.openqa.selenium.support.PageFactory.instantiatePage(PageFactory.java:131)
	at org.openqa.selenium.support.PageFactory.initElements(PageFactory.java:64)
	at com.Adactin.qa.Pages.LoginPage.<init>(LoginPage.java:38)
	at sun.reflect.GeneratedConstructorAccessor11.newInstance(Unknown Source)
	at sun.reflect.DelegatingConstructorAccessorImpl.newInstance(Unknown Source)
	at java.lang.reflect.Constructor.newInstance(Unknown Source)
	at java.lang.Class.newInstance(Unknown Source)
	at org.openqa.selenium.support.PageFactory.instantiatePage(PageFactory.java:131)
	at org.openqa.selenium.support.PageFactory.initElements(PageFactory.java:64)
	at com.Adactin.qa.Pages.LoginPage.<init>(LoginPage.java:38)
	at sun.reflect.GeneratedConstructorAccessor11.newInstance(Unknown Source)
	at sun.reflect.DelegatingConstructorAccessorImpl.newInstance(Unknown Source)
	at java.lang.reflect.Constructor.newInstance(Unknown Source)
	at java.lang.Class.newInstance(Unknown Source)
	at org.openqa.selenium.support.PageFactory.instantiatePage(PageFactory.java:131)
	at org.openqa.selenium.support.PageFactory.initElements(PageFactory.java:64)
	at com.Adactin.qa.Pages.LoginPage.<init>(LoginPage.java:38)
	at sun.reflect.GeneratedConstructorAccessor11.newInstance(Unknown Source)
	at sun.reflect.DelegatingConstructorAccessorImpl.newInstance(Unknown Source)
	at java.lang.reflect.Constructor.newInstance(Unknown Source)
	at java.lang.Class.newInstance(Unknown Source)
	at org.openqa.selenium.support.PageFactory.instantiatePage(PageFactory.java:131)
	at org.openqa.selenium.support.PageFactory.initElements(PageFactory.java:64)
	at com.Adactin.qa.Pages.LoginPage.<init>(LoginPage.java:38)
	at sun.reflect.GeneratedConstructorAccessor11.newInstance(Unknown Source)
	at sun.reflect.DelegatingConstructorAccessorImpl.newInstance(Unknown Source)
	at java.lang.reflect.Constructor.newInstance(Unknown Source)
	at java.lang.Class.newInstance(Unknown Source)
	at org.openqa.selenium.support.PageFactory.instantiatePage(PageFactory.java:131)
	at org.openqa.selenium.support.PageFactory.initElements(PageFactory.java:64)
	at com.Adactin.qa.Pages.LoginPage.<init>(LoginPage.java:38)
	at sun.reflect.GeneratedConstructorAccessor11.newInstance(Unknown Source)
	at sun.reflect.DelegatingConstructorAccessorImpl.newInstance(Unknown Source)
	at java.lang.reflect.Constructor.newInstance(Unknown Source)
	at java.lang.Class.newInstance(Unknown Source)
	at org.openqa.selenium.support.PageFactory.instantiatePage(PageFactory.java:131)
	at org.openqa.selenium.support.PageFactory.initElements(PageFactory.java:64)
	at com.Adactin.qa.Pages.LoginPage.<init>(LoginPage.java:38)
	at sun.reflect.GeneratedConstructorAccessor11.newInstance(Unknown Source)
	at sun.reflect.DelegatingConstructorAccessorImpl.newInstance(Unknown Source)
	at java.lang.reflect.Constructor.newInstance(Unknown Source)
	at java.lang.Class.newInstance(Unknown Source)
	at org.openqa.selenium.support.PageFactory.instantiatePage(PageFactory.java:131)
	at org.openqa.selenium.support.PageFactory.initElements(PageFactory.java:64)
	at com.Adactin.qa.Pages.LoginPage.<init>(LoginPage.java:38)
	at sun.reflect.GeneratedConstructorAccessor11.newInstance(Unknown Source)
	at sun.reflect.DelegatingConstructorAccessorImpl.newInstance(Unknown Source)
	at java.lang.reflect.Constructor.newInstance(Unknown Source)
	at java.lang.Class.newInstance(Unknown Source)
	at org.openqa.selenium.support.PageFactory.instantiatePage(PageFactory.java:131)
	at org.openqa.selenium.support.PageFactory.initElements(PageFactory.java:64)
	at com.Adactin.qa.Pages.LoginPage.<init>(LoginPage.java:38)
	at sun.reflect.GeneratedConstructorAccessor11.newInstance(Unknown Source)
	at sun.reflect.DelegatingConstructorAccessorImpl.newInstance(Unknown Source)
	at java.lang.reflect.Constructor.newInstance(Unknown Source)
	at java.lang.Class.newInstance(Unknown Source)
	at org.openqa.selenium.support.PageFactory.instantiatePage(PageFactory.java:131)
	at org.openqa.selenium.support.PageFactory.initElements(PageFactory.java:64)
	at com.Adactin.qa.Pages.LoginPage.<init>(LoginPage.java:38)
	at sun.reflect.GeneratedConstructorAccessor11.newInstance(Unknown Source)
	at sun.reflect.DelegatingConstructorAccessorImpl.newInstance(Unknown Source)
	at java.lang.reflect.Constructor.newInstance(Unknown Source)
	at java.lang.Class.newInstance(Unknown Source)
	at org.openqa.selenium.support.PageFactory.instantiatePage(PageFactory.java:131)
	at org.openqa.selenium.support.PageFactory.initElements(PageFactory.java:64)
	at com.Adactin.qa.Pages.LoginPage.<init>(LoginPage.java:38)
	at sun.reflect.GeneratedConstructorAccessor11.newInstance(Unknown Source)
	at sun.reflect.DelegatingConstructorAccessorImpl.newInstance(Unknown Source)
	at java.lang.reflect.Constructor.newInstance(Unknown Source)
	at java.lang.Class.newInstance(Unknown Source)
	at org.openqa.selenium.support.PageFactory.instantiatePage(PageFactory.java:131)
	at org.openqa.selenium.support.PageFactory.initElements(PageFactory.java:64)
	at com.Adactin.qa.Pages.LoginPage.<init>(LoginPage.java:38)
	at sun.reflect.GeneratedConstructorAccessor11.newInstance(Unknown Source)
	at sun.reflect.DelegatingConstructorAccessorImpl.newInstance(Unknown Source)
	at java.lang.reflect.Constructor.newInstance(Unknown Source)
	at java.lang.Class.newInstance(Unknown Source)
	at org.openqa.selenium.support.PageFactory.instantiatePage(PageFactory.java:131)
	at org.openqa.selenium.support.PageFactory.initElements(PageFactory.java:64)
	at com.Adactin.qa.Pages.LoginPage.<init>(LoginPage.java:38)
	at sun.reflect.GeneratedConstructorAccessor11.newInstance(Unknown Source)
	at sun.reflect.DelegatingConstructorAccessorImpl.newInstance(Unknown Source)
	at java.lang.reflect.Constructor.newInstance(Unknown Source)
	at java.lang.Class.newInstance(Unknown Source)
	at org.openqa.selenium.support.PageFactory.instantiatePage(PageFactory.java:131)
	at org.openqa.selenium.support.PageFactory.initElements(PageFactory.java:64)
	at com.Adactin.qa.Pages.LoginPage.<init>(LoginPage.java:38)
	at sun.reflect.GeneratedConstructorAccessor11.newInstance(Unknown Source)
	at sun.reflect.DelegatingConstructorAccessorImpl.newInstance(Unknown Source)
	at java.lang.reflect.Constructor.newInstance(Unknown Source)
	at java.lang.Class.newInstance(Unknown Source)
	at org.openqa.selenium.support.PageFactory.instantiatePage(PageFactory.java:131)
	at org.openqa.selenium.support.PageFactory.initElements(PageFactory.java:64)
	at com.Adactin.qa.Pages.LoginPage.<init>(LoginPage.java:38)
	at sun.reflect.GeneratedConstructorAccessor11.newInstance(Unknown Source)
	at sun.reflect.DelegatingConstructorAccessorImpl.newInstance(Unknown Source)
	at java.lang.reflect.Constructor.newInstance(Unknown Source)
	at java.lang.Class.newInstance(Unknown Source)
	at org.openqa.selenium.support.PageFactory.instantiatePage(PageFactory.java:131)
	at org.openqa.selenium.support.PageFactory.initElements(PageFactory.java:64)
	at com.Adactin.qa.Pages.LoginPage.<init>(LoginPage.java:38)
	at sun.reflect.GeneratedConstructorAccessor11.newInstance(Unknown Source)
	at sun.reflect.DelegatingConstructorAccessorImpl.newInstance(Unknown Source)
	at java.lang.reflect.Constructor.newInstance(Unknown Source)
	at java.lang.Class.newInstance(Unknown Source)
	at org.openqa.selenium.support.PageFactory.instantiatePage(PageFactory.java:131)
	at org.openqa.selenium.support.PageFactory.initElements(PageFactory.java:64)
	at com.Adactin.qa.Pages.LoginPage.<init>(LoginPage.java:38)
	at sun.reflect.GeneratedConstructorAccessor11.newInstance(Unknown Source)
	at sun.reflect.DelegatingConstructorAccessorImpl.newInstance(Unknown Source)
	at java.lang.reflect.Constructor.newInstance(Unknown Source)
	at java.lang.Class.newInstance(Unknown Source)
	at org.openqa.selenium.support.PageFactory.instantiatePage(PageFactory.java:131)
	at org.openqa.selenium.support.PageFactory.initElements(PageFactory.java:64)
	at com.Adactin.qa.Pages.LoginPage.<init>(LoginPage.java:38)
	at sun.reflect.GeneratedConstructorAccessor11.newInstance(Unknown Source)
	at sun.reflect.DelegatingConstructorAccessorImpl.newInstance(Unknown Source)
	at java.lang.reflect.Constructor.newInstance(Unknown Source)
	at java.lang.Class.newInstance(Unknown Source)
	at org.openqa.selenium.support.PageFactory.instantiatePage(PageFactory.java:131)
	at org.openqa.selenium.support.PageFactory.initElements(PageFactory.java:64)
	at com.Adactin.qa.Pages.LoginPage.<init>(LoginPage.java:38)
	at sun.reflect.GeneratedConstructorAccessor11.newInstance(Unknown Source)
	at sun.reflect.DelegatingConstructorAccessorImpl.newInstance(Unknown Source)
	at java.lang.reflect.Constructor.newInstance(Unknown Source)
	at java.lang.Class.newInstance(Unknown Source)
	at org.openqa.selenium.support.PageFactory.instantiatePage(PageFactory.java:131)
	at org.openqa.selenium.support.PageFactory.initElements(PageFactory.java:64)
	at com.Adactin.qa.Pages.LoginPage.<init>(LoginPage.java:38)
	at sun.reflect.GeneratedConstructorAccessor11.newInstance(Unknown Source)
	at sun.reflect.DelegatingConstructorAccessorImpl.newInstance(Unknown Source)
	at java.lang.reflect.Constructor.newInstance(Unknown Source)
	at java.lang.Class.newInstance(Unknown Source)
	at org.openqa.selenium.support.PageFactory.instantiatePage(PageFactory.java:131)
	at org.openqa.selenium.support.PageFactory.initElements(PageFactory.java:64)
	at com.Adactin.qa.Pages.LoginPage.<init>(LoginPage.java:38)
	at sun.reflect.GeneratedConstructorAccessor11.newInstance(Unknown Source)
	at sun.reflect.DelegatingConstructorAccessorImpl.newInstance(Unknown Source)
	at java.lang.reflect.Constructor.newInstance(Unknown Source)
	at java.lang.Class.newInstance(Unknown Source)
	at org.openqa.selenium.support.PageFactory.instantiatePage(PageFactory.java:131)
	at org.openqa.selenium.support.PageFactory.initElements(PageFactory.java:64)
	at com.Adactin.qa.Pages.LoginPage.<init>(LoginPage.java:38)
	at sun.reflect.GeneratedConstructorAccessor11.newInstance(Unknown Source)
	at sun.reflect.DelegatingConstructorAccessorImpl.newInstance(Unknown Source)
	at java.lang.reflect.Constructor.newInstance(Unknown Source)
	at java.lang.Class.newInstance(Unknown Source)
	at org.openqa.selenium.support.PageFactory.instantiatePage(PageFactory.java:131)
	at org.openqa.selenium.support.PageFactory.initElements(PageFactory.java:64)
	at com.Adactin.qa.Pages.LoginPage.<init>(LoginPage.java:38)
	at sun.reflect.GeneratedConstructorAccessor11.newInstance(Unknown Source)
	at sun.reflect.DelegatingConstructorAccessorImpl.newInstance(Unknown Source)
	at java.lang.reflect.Constructor.newInstance(Unknown Source)
	at java.lang.Class.newInstance(Unknown Source)
	at org.openqa.selenium.support.PageFactory.instantiatePage(PageFactory.java:131)
	at org.openqa.selenium.support.PageFactory.initElements(PageFactory.java:64)
	at com.Adactin.qa.Pages.LoginPage.<init>(LoginPage.java:38)
	at sun.reflect.GeneratedConstructorAccessor11.newInstance(Unknown Source)
	at sun.reflect.DelegatingConstructorAccessorImpl.newInstance(Unknown Source)
	at java.lang.reflect.Constructor.newInstance(Unknown Source)
	at java.lang.Class.newInstance(Unknown Source)
	at org.openqa.selenium.support.PageFactory.instantiatePage(PageFactory.java:131)
	at org.openqa.selenium.support.PageFactory.initElements(PageFactory.java:64)
	at com.Adactin.qa.Pages.LoginPage.<init>(LoginPage.java:38)
	at sun.reflect.GeneratedConstructorAccessor11.newInstance(Unknown Source)
	at sun.reflect.DelegatingConstructorAccessorImpl.newInstance(Unknown Source)
	at java.lang.reflect.Constructor.newInstance(Unknown Source)
	at java.lang.Class.newInstance(Unknown Source)
	at org.openqa.selenium.support.PageFactory.instantiatePage(PageFactory.java:131)
	at org.openqa.selenium.support.PageFactory.initElements(PageFactory.java:64)
	at com.Adactin.qa.Pages.LoginPage.<init>(LoginPage.java:38)
	at sun.reflect.GeneratedConstructorAccessor11.newInstance(Unknown Source)
	at sun.reflect.DelegatingConstructorAccessorImpl.newInstance(Unknown Source)
	at java.lang.reflect.Constructor.newInstance(Unknown Source)
	at java.lang.Class.newInstance(Unknown Source)
	at org.openqa.selenium.support.PageFactory.instantiatePage(PageFactory.java:131)
	at org.openqa.selenium.support.PageFactory.initElements(PageFactory.java:64)
	at com.Adactin.qa.Pages.LoginPage.<init>(LoginPage.java:38)
	at sun.reflect.GeneratedConstructorAccessor11.newInstance(Unknown Source)
	at sun.reflect.DelegatingConstructorAccessorImpl.newInstance(Unknown Source)
	at java.lang.reflect.Constructor.newInstance(Unknown Source)
	at java.lang.Class.newInstance(Unknown Source)
	at org.openqa.selenium.support.PageFactory.instantiatePage(PageFactory.java:131)
	at org.openqa.selenium.support.PageFactory.initElements(PageFactory.java:64)
	at com.Adactin.qa.Pages.LoginPage.<init>(LoginPage.java:38)
	at sun.reflect.GeneratedConstructorAccessor11.newInstance(Unknown Source)
	at sun.reflect.DelegatingConstructorAccessorImpl.newInstance(Unknown Source)
	at java.lang.reflect.Constructor.newInstance(Unknown Source)
	at java.lang.Class.newInstance(Unknown Source)
	at org.openqa.selenium.support.PageFactory.instantiatePage(PageFactory.java:131)
	at org.openqa.selenium.support.PageFactory.initElements(PageFactory.java:64)
	at com.Adactin.qa.Pages.LoginPage.<init>(LoginPage.java:38)
	at sun.reflect.GeneratedConstructorAccessor11.newInstance(Unknown Source)
	at sun.reflect.DelegatingConstructorAccessorImpl.newInstance(Unknown Source)
	at java.lang.reflect.Constructor.newInstance(Unknown Source)
	at java.lang.Class.newInstance(Unknown Source)
	at org.openqa.selenium.support.PageFactory.instantiatePage(PageFactory.java:131)
	at org.openqa.selenium.support.PageFactory.initElements(PageFactory.java:64)
	at com.Adactin.qa.Pages.LoginPage.<init>(LoginPage.java:38)
	at sun.reflect.GeneratedConstructorAccessor11.newInstance(Unknown Source)
	at sun.reflect.DelegatingConstructorAccessorImpl.newInstance(Unknown Source)
	at java.lang.reflect.Constructor.newInstance(Unknown Source)
	at java.lang.Class.newInstance(Unknown Source)
	at org.openqa.selenium.support.PageFactory.instantiatePage(PageFactory.java:131)
	at org.openqa.selenium.support.PageFactory.initElements(PageFactory.java:64)
	at com.Adactin.qa.Pages.LoginPage.<init>(LoginPage.java:38)
	at sun.reflect.GeneratedConstructorAccessor11.newInstance(Unknown Source)
	at sun.reflect.DelegatingConstructorAccessorImpl.newInstance(Unknown Source)
	at java.lang.reflect.Constructor.newInstance(Unknown Source)
	at java.lang.Class.newInstance(Unknown Source)
	at org.openqa.selenium.support.PageFactory.instantiatePage(PageFactory.java:131)
	at org.openqa.selenium.support.PageFactory.initElements(PageFactory.java:64)
	at com.Adactin.qa.Pages.LoginPage.<init>(LoginPage.java:38)
	at sun.reflect.GeneratedConstructorAccessor11.newInstance(Unknown Source)
	at sun.reflect.DelegatingConstructorAccessorImpl.newInstance(Unknown Source)
	at java.lang.reflect.Constructor.newInstance(Unknown Source)
	at java.lang.Class.newInstance(Unknown Source)
	at org.openqa.selenium.support.PageFactory.instantiatePage(PageFactory.java:131)
	at org.openqa.selenium.support.PageFactory.initElements(PageFactory.java:64)
	at com.Adactin.qa.Pages.LoginPage.<init>(LoginPage.java:38)
	at sun.reflect.GeneratedConstructorAccessor11.newInstance(Unknown Source)
	at sun.reflect.DelegatingConstructorAccessorImpl.newInstance(Unknown Source)
	at java.lang.reflect.Constructor.newInstance(Unknown Source)
	at java.lang.Class.newInstance(Unknown Source)
	at org.openqa.selenium.support.PageFactory.instantiatePage(PageFactory.java:131)
	at org.openqa.selenium.support.PageFactory.initElements(PageFactory.java:64)
	at com.Adactin.qa.Pages.LoginPage.<init>(LoginPage.java:38)
	at sun.reflect.GeneratedConstructorAccessor11.newInstance(Unknown Source)
	at sun.reflect.DelegatingConstructorAccessorImpl.newInstance(Unknown Source)
	at java.lang.reflect.Constructor.newInstance(Unknown Source)
	at java.lang.Class.newInstance(Unknown Source)
	at org.openqa.selenium.support.PageFactory.instantiatePage(PageFactory.java:131)
	at org.openqa.selenium.support.PageFactory.initElements(PageFactory.java:64)
	at com.Adactin.qa.Pages.LoginPage.<init>(LoginPage.java:38)
	at sun.reflect.GeneratedConstructorAccessor11.newInstance(Unknown Source)
	at sun.reflect.DelegatingConstructorAccessorImpl.newInstance(Unknown Source)
	at java.lang.reflect.Constructor.newInstance(Unknown Source)
	at java.lang.Class.newInstance(Unknown Source)
	at org.openqa.selenium.support.PageFactory.instantiatePage(PageFactory.java:131)
	at org.openqa.selenium.support.PageFactory.initElements(PageFactory.java:64)
	at com.Adactin.qa.Pages.LoginPage.<init>(LoginPage.java:38)
	at sun.reflect.GeneratedConstructorAccessor11.newInstance(Unknown Source)
	at sun.reflect.DelegatingConstructorAccessorImpl.newInstance(Unknown Source)
	at java.lang.reflect.Constructor.newInstance(Unknown Source)
	at java.lang.Class.newInstance(Unknown Source)
	at org.openqa.selenium.support.PageFactory.instantiatePage(PageFactory.java:131)
	at org.openqa.selenium.support.PageFactory.initElements(PageFactory.java:64)
	at com.Adactin.qa.Pages.LoginPage.<init>(LoginPage.java:38)
	at sun.reflect.GeneratedConstructorAccessor11.newInstance(Unknown Source)
	at sun.reflect.DelegatingConstructorAccessorImpl.newInstance(Unknown Source)
	at java.lang.reflect.Constructor.newInstance(Unknown Source)
	at java.lang.Class.newInstance(Unknown Source)
	at org.openqa.selenium.support.PageFactory.instantiatePage(PageFactory.java:131)
	at org.openqa.selenium.support.PageFactory.initElements(PageFactory.java:64)
	at com.Adactin.qa.Pages.LoginPage.<init>(LoginPage.java:38)
	at sun.reflect.GeneratedConstructorAccessor11.newInstance(Unknown Source)
	at sun.reflect.DelegatingConstructorAccessorImpl.newInstance(Unknown Source)
	at java.lang.reflect.Constructor.newInstance(Unknown Source)
	at java.lang.Class.newInstance(Unknown Source)
	at org.openqa.selenium.support.PageFactory.instantiatePage(PageFactory.java:131)
	at org.openqa.selenium.support.PageFactory.initElements(PageFactory.java:64)
	at com.Adactin.qa.Pages.LoginPage.<init>(LoginPage.java:38)
	at sun.reflect.GeneratedConstructorAccessor11.newInstance(Unknown Source)
	at sun.reflect.DelegatingConstructorAccessorImpl.newInstance(Unknown Source)
	at java.lang.reflect.Constructor.newInstance(Unknown Source)
	at java.lang.Class.newInstance(Unknown Source)
	at org.openqa.selenium.support.PageFactory.instantiatePage(PageFactory.java:131)
	at org.openqa.selenium.support.PageFactory.initElements(PageFactory.java:64)
	at com.Adactin.qa.Pages.LoginPage.<init>(LoginPage.java:38)
	at sun.reflect.GeneratedConstructorAccessor11.newInstance(Unknown Source)
	at sun.reflect.DelegatingConstructorAccessorImpl.newInstance(Unknown Source)
	at java.lang.reflect.Constructor.newInstance(Unknown Source)
	at java.lang.Class.newInstance(Unknown Source)
	at org.openqa.selenium.support.PageFactory.instantiatePage(PageFactory.java:131)
	at org.openqa.selenium.support.PageFactory.initElements(PageFactory.java:64)
	at com.Adactin.qa.Pages.LoginPage.<init>(LoginPage.java:38)
	at sun.reflect.GeneratedConstructorAccessor11.newInstance(Unknown Source)
	at sun.reflect.DelegatingConstructorAccessorImpl.newInstance(Unknown Source)
	at java.lang.reflect.Constructor.newInstance(Unknown Source)
	at java.lang.Class.newInstance(Unknown Source)
	at org.openqa.selenium.support.PageFactory.instantiatePage(PageFactory.java:131)
	at org.openqa.selenium.support.PageFactory.initElements(PageFactory.java:64)
	at com.Adactin.qa.Pages.LoginPage.<init>(LoginPage.java:38)
	at sun.reflect.GeneratedConstructorAccessor11.newInstance(Unknown Source)
	at sun.reflect.DelegatingConstructorAccessorImpl.newInstance(Unknown Source)
	at java.lang.reflect.Constructor.newInstance(Unknown Source)
	at java.lang.Class.newInstance(Unknown Source)
	at org.openqa.selenium.support.PageFactory.instantiatePage(PageFactory.java:131)
	at org.openqa.selenium.support.PageFactory.initElements(PageFactory.java:64)
	at com.Adactin.qa.Pages.LoginPage.<init>(LoginPage.java:38)
	at sun.reflect.GeneratedConstructorAccessor11.newInstance(Unknown Source)
	at sun.reflect.DelegatingConstructorAccessorImpl.newInstance(Unknown Source)
	at java.lang.reflect.Constructor.newInstance(Unknown Source)
	at java.lang.Class.newInstance(Unknown Source)
	at org.openqa.selenium.support.PageFactory.instantiatePage(PageFactory.java:131)
	at org.openqa.selenium.support.PageFactory.initElements(PageFactory.java:64)
	at com.Adactin.qa.Pages.LoginPage.<init>(LoginPage.java:38)
	at sun.reflect.GeneratedConstructorAccessor11.newInstance(Unknown Source)
	at sun.reflect.DelegatingConstructorAccessorImpl.newInstance(Unknown Source)
	at java.lang.reflect.Constructor.newInstance(Unknown Source)
	at java.lang.Class.newInstance(Unknown Source)
	at org.openqa.selenium.support.PageFactory.instantiatePage(PageFactory.java:131)
	at org.openqa.selenium.support.PageFactory.initElements(PageFactory.java:64)
	at com.Adactin.qa.Pages.LoginPage.<init>(LoginPage.java:38)
	at sun.reflect.GeneratedConstructorAccessor11.newInstance(Unknown Source)
	at sun.reflect.DelegatingConstructorAccessorImpl.newInstance(Unknown Source)
	at java.lang.reflect.Constructor.newInstance(Unknown Source)
	at java.lang.Class.newInstance(Unknown Source)
	at org.openqa.selenium.support.PageFactory.instantiatePage(PageFactory.java:131)
	at org.openqa.selenium.support.PageFactory.initElements(PageFactory.java:64)
	at com.Adactin.qa.Pages.LoginPage.<init>(LoginPage.java:38)
	at sun.reflect.GeneratedConstructorAccessor11.newInstance(Unknown Source)
	at sun.reflect.DelegatingConstructorAccessorImpl.newInstance(Unknown Source)
	at java.lang.reflect.Constructor.newInstance(Unknown Source)
	at java.lang.Class.newInstance(Unknown Source)
	at org.openqa.selenium.support.PageFactory.instantiatePage(PageFactory.java:131)
	at org.openqa.selenium.support.PageFactory.initElements(PageFactory.java:64)
	at com.Adactin.qa.Pages.LoginPage.<init>(LoginPage.java:38)
	at sun.reflect.GeneratedConstructorAccessor11.newInstance(Unknown Source)
	at sun.reflect.DelegatingConstructorAccessorImpl.newInstance(Unknown Source)
	at java.lang.reflect.Constructor.newInstance(Unknown Source)
	at java.lang.Class.newInstance(Unknown Source)
	at org.openqa.selenium.support.PageFactory.instantiatePage(PageFactory.java:131)
	at org.openqa.selenium.support.PageFactory.initElements(PageFactory.java:64)
	at com.Adactin.qa.Pages.LoginPage.<init>(LoginPage.java:38)
	at sun.reflect.GeneratedConstructorAccessor11.newInstance(Unknown Source)
	at sun.reflect.DelegatingConstructorAccessorImpl.newInstance(Unknown Source)
	at java.lang.reflect.Constructor.newInstance(Unknown Source)
	at java.lang.Class.newInstance(Unknown Source)
	at org.openqa.selenium.support.PageFactory.instantiatePage(PageFactory.java:131)
	at org.openqa.selenium.support.PageFactory.initElements(PageFactory.java:64)
	at com.Adactin.qa.Pages.LoginPage.<init>(LoginPage.java:38)
	at sun.reflect.GeneratedConstructorAccessor11.newInstance(Unknown Source)
	at sun.reflect.DelegatingConstructorAccessorImpl.newInstance(Unknown Source)
	at java.lang.reflect.Constructor.newInstance(Unknown Source)
	at java.lang.Class.newInstance(Unknown Source)
	at org.openqa.selenium.support.PageFactory.instantiatePage(PageFactory.java:131)
	at org.openqa.selenium.support.PageFactory.initElements(PageFactory.java:64)
	at com.Adactin.qa.Pages.LoginPage.<init>(LoginPage.java:38)
	at sun.reflect.GeneratedConstructorAccessor11.newInstance(Unknown Source)
	at sun.reflect.DelegatingConstructorAccessorImpl.newInstance(Unknown Source)
	at java.lang.reflect.Constructor.newInstance(Unknown Source)
	at java.lang.Class.newInstance(Unknown Source)
	at org.openqa.selenium.support.PageFactory.instantiatePage(PageFactory.java:131)
	at org.openqa.selenium.support.PageFactory.initElements(PageFactory.java:64)
	at com.Adactin.qa.Pages.LoginPage.<init>(LoginPage.java:38)
	at sun.reflect.GeneratedConstructorAccessor11.newInstance(Unknown Source)
	at sun.reflect.DelegatingConstructorAccessorImpl.newInstance(Unknown Source)
	at java.lang.reflect.Constructor.newInstance(Unknown Source)
	at java.lang.Class.newInstance(Unknown Source)
	at org.openqa.selenium.support.PageFactory.instantiatePage(PageFactory.java:131)
	at org.openqa.selenium.support.PageFactory.initElements(PageFactory.java:64)
	at com.Adactin.qa.Pages.LoginPage.<init>(LoginPage.java:38)
	at sun.reflect.GeneratedConstructorAccessor11.newInstance(Unknown Source)
	at sun.reflect.DelegatingConstructorAccessorImpl.newInstance(Unknown Source)
	at java.lang.reflect.Constructor.newInstance(Unknown Source)
	at java.lang.Class.newInstance(Unknown Source)
	at org.openqa.selenium.support.PageFactory.instantiatePage(PageFactory.java:131)
	at org.openqa.selenium.support.PageFactory.initElements(PageFactory.java:64)
	at com.Adactin.qa.Pages.LoginPage.<init>(LoginPage.java:38)
	at sun.reflect.GeneratedConstructorAccessor11.newInstance(Unknown Source)
	at sun.reflect.DelegatingConstructorAccessorImpl.newInstance(Unknown Source)
	at java.lang.reflect.Constructor.newInstance(Unknown Source)
	at java.lang.Class.newInstance(Unknown Source)
	at org.openqa.selenium.support.PageFactory.instantiatePage(PageFactory.java:131)
	at org.openqa.selenium.support.PageFactory.initElements(PageFactory.java:64)
	at com.Adactin.qa.Pages.LoginPage.<init>(LoginPage.java:38)
	at sun.reflect.GeneratedConstructorAccessor11.newInstance(Unknown Source)
	at sun.reflect.DelegatingConstructorAccessorImpl.newInstance(Unknown Source)
	at java.lang.reflect.Constructor.newInstance(Unknown Source)
	at java.lang.Class.newInstance(Unknown Source)
	at org.openqa.selenium.support.PageFactory.instantiatePage(PageFactory.java:131)
	at org.openqa.selenium.support.PageFactory.initElements(PageFactory.java:64)
	at com.Adactin.qa.Pages.LoginPage.<init>(LoginPage.java:38)
	at sun.reflect.GeneratedConstructorAccessor11.newInstance(Unknown Source)
	at sun.reflect.DelegatingConstructorAccessorImpl.newInstance(Unknown Source)
	at java.lang.reflect.Constructor.newInstance(Unknown Source)
	at java.lang.Class.newInstance(Unknown Source)
	at org.openqa.selenium.support.PageFactory.instantiatePage(PageFactory.java:131)
	at org.openqa.selenium.support.PageFactory.initElements(PageFactory.java:64)
	at com.Adactin.qa.Pages.LoginPage.<init>(LoginPage.java:38)
	at sun.reflect.GeneratedConstructorAccessor11.newInstance(Unknown Source)
	at sun.reflect.DelegatingConstructorAccessorImpl.newInstance(Unknown Source)
	at java.lang.reflect.Constructor.newInstance(Unknown Source)
	at java.lang.Class.newInstance(Unknown Source)
	at org.openqa.selenium.support.PageFactory.instantiatePage(PageFactory.java:131)
	at org.openqa.selenium.support.PageFactory.initElements(PageFactory.java:64)
	at com.Adactin.qa.Pages.LoginPage.<init>(LoginPage.java:38)
	at sun.reflect.GeneratedConstructorAccessor11.newInstance(Unknown Source)
	at sun.reflect.DelegatingConstructorAccessorImpl.newInstance(Unknown Source)
	at java.lang.reflect.Constructor.newInstance(Unknown Source)
	at java.lang.Class.newInstance(Unknown Source)
	at org.openqa.selenium.support.PageFactory.instantiatePage(PageFactory.java:131)
	at org.openqa.selenium.support.PageFactory.initElements(PageFactory.java:64)
	at com.Adactin.qa.Pages.LoginPage.<init>(LoginPage.java:38)
	at sun.reflect.GeneratedConstructorAccessor11.newInstance(Unknown Source)
	at sun.reflect.DelegatingConstructorAccessorImpl.newInstance(Unknown Source)
	at java.lang.reflect.Constructor.newInstance(Unknown Source)
	at java.lang.Class.newInstance(Unknown Source)
	at org.openqa.selenium.support.PageFactory.instantiatePage(PageFactory.java:131)
	at org.openqa.selenium.support.PageFactory.initElements(PageFactory.java:64)
	at com.Adactin.qa.Pages.LoginPage.<init>(LoginPage.java:38)
	at sun.reflect.GeneratedConstructorAccessor11.newInstance(Unknown Source)
	at sun.reflect.DelegatingConstructorAccessorImpl.newInstance(Unknown Source)
	at java.lang.reflect.Constructor.newInstance(Unknown Source)
	at java.lang.Class.newInstance(Unknown Source)
	at org.openqa.selenium.support.PageFactory.instantiatePage(PageFactory.java:131)
	at org.openqa.selenium.support.PageFactory.initElements(PageFactory.java:64)
	at com.Adactin.qa.Pages.LoginPage.<init>(LoginPage.java:38)
	at sun.reflect.GeneratedConstructorAccessor11.newInstance(Unknown Source)
	at sun.reflect.DelegatingConstructorAccessorImpl.newInstance(Unknown Source)
	at java.lang.reflect.Constructor.newInstance(Unknown Source)
	at java.lang.Class.newInstance(Unknown Source)
	at org.openqa.selenium.support.PageFactory.instantiatePage(PageFactory.java:131)
	at org.openqa.selenium.support.PageFactory.initElements(PageFactory.java:64)
	at com.Adactin.qa.Pages.LoginPage.<init>(LoginPage.java:38)
	at sun.reflect.GeneratedConstructorAccessor11.newInstance(Unknown Source)
	at sun.reflect.DelegatingConstructorAccessorImpl.newInstance(Unknown Source)
	at java.lang.reflect.Constructor.newInstance(Unknown Source)
	at java.lang.Class.newInstance(Unknown Source)
	at org.openqa.selenium.support.PageFactory.instantiatePage(PageFactory.java:131)
	at org.openqa.selenium.support.PageFactory.initElements(PageFactory.java:64)
	at com.Adactin.qa.Pages.LoginPage.<init>(LoginPage.java:38)
	at sun.reflect.GeneratedConstructorAccessor11.newInstance(Unknown Source)
	at sun.reflect.DelegatingConstructorAccessorImpl.newInstance(Unknown Source)
	at java.lang.reflect.Constructor.newInstance(Unknown Source)
	at java.lang.Class.newInstance(Unknown Source)
	at org.openqa.selenium.support.PageFactory.instantiatePage(PageFactory.java:131)
	at org.openqa.selenium.support.PageFactory.initElements(PageFactory.java:64)
	at com.Adactin.qa.Pages.LoginPage.<init>(LoginPage.java:38)
	at sun.reflect.GeneratedConstructorAccessor11.newInstance(Unknown Source)
	at sun.reflect.DelegatingConstructorAccessorImpl.newInstance(Unknown Source)
	at java.lang.reflect.Constructor.newInstance(Unknown Source)
	at java.lang.Class.newInstance(Unknown Source)
	at org.openqa.selenium.support.PageFactory.instantiatePage(PageFactory.java:131)
	at org.openqa.selenium.support.PageFactory.initElements(PageFactory.java:64)
	at com.Adactin.qa.Pages.LoginPage.<init>(LoginPage.java:38)
	at sun.reflect.GeneratedConstructorAccessor11.newInstance(Unknown Source)
	at sun.reflect.DelegatingConstructorAccessorImpl.newInstance(Unknown Source)
	at java.lang.reflect.Constructor.newInstance(Unknown Source)
	at java.lang.Class.newInstance(Unknown Source)
	at org.openqa.selenium.support.PageFactory.instantiatePage(PageFactory.java:131)
	at org.openqa.selenium.support.PageFactory.initElements(PageFactory.java:64)
	at com.Adactin.qa.Pages.LoginPage.<init>(LoginPage.java:38)
	at sun.reflect.GeneratedConstructorAccessor11.newInstance(Unknown Source)
	at sun.reflect.DelegatingConstructorAccessorImpl.newInstance(Unknown Source)
	at java.lang.reflect.Constructor.newInstance(Unknown Source)
	at java.lang.Class.newInstance(Unknown Source)
	at org.openqa.selenium.support.PageFactory.instantiatePage(PageFactory.java:131)
	at org.openqa.selenium.support.PageFactory.initElements(PageFactory.java:64)
	at com.Adactin.qa.Pages.LoginPage.<init>(LoginPage.java:38)
	at sun.reflect.GeneratedConstructorAccessor11.newInstance(Unknown Source)
	at sun.reflect.DelegatingConstructorAccessorImpl.newInstance(Unknown Source)
	at java.lang.reflect.Constructor.newInstance(Unknown Source)
	at java.lang.Class.newInstance(Unknown Source)
	at org.openqa.selenium.support.PageFactory.instantiatePage(PageFactory.java:131)
	at org.openqa.selenium.support.PageFactory.initElements(PageFactory.java:64)
	at com.Adactin.qa.Pages.LoginPage.<init>(LoginPage.java:38)
	at sun.reflect.GeneratedConstructorAccessor11.newInstance(Unknown Source)
	at sun.reflect.DelegatingConstructorAccessorImpl.newInstance(Unknown Source)
	at java.lang.reflect.Constructor.newInstance(Unknown Source)
	at java.lang.Class.newInstance(Unknown Source)
	at org.openqa.selenium.support.PageFactory.instantiatePage(PageFactory.java:131)
	at org.openqa.selenium.support.PageFactory.initElements(PageFactory.java:64)
	at com.Adactin.qa.Pages.LoginPage.<init>(LoginPage.java:38)
	at sun.reflect.GeneratedConstructorAccessor11.newInstance(Unknown Source)
	at sun.reflect.DelegatingConstructorAccessorImpl.newInstance(Unknown Source)
	at java.lang.reflect.Constructor.newInstance(Unknown Source)
	at java.lang.Class.newInstance(Unknown Source)
	at org.openqa.selenium.support.PageFactory.instantiatePage(PageFactory.java:131)
	at org.openqa.selenium.support.PageFactory.initElements(PageFactory.java:64)
	at com.Adactin.qa.Pages.LoginPage.<init>(LoginPage.java:38)
	at sun.reflect.GeneratedConstructorAccessor11.newInstance(Unknown Source)
	at sun.reflect.DelegatingConstructorAccessorImpl.newInstance(Unknown Source)
	at java.lang.reflect.Constructor.newInstance(Unknown Source)
	at java.lang.Class.newInstance(Unknown Source)
	at org.openqa.selenium.support.PageFactory.instantiatePage(PageFactory.java:131)
	at org.openqa.selenium.support.PageFactory.initElements(PageFactory.java:64)
	at com.Adactin.qa.Pages.LoginPage.<init>(LoginPage.java:38)
	at sun.reflect.GeneratedConstructorAccessor11.newInstance(Unknown Source)
	at sun.reflect.DelegatingConstructorAccessorImpl.newInstance(Unknown Source)
	at java.lang.reflect.Constructor.newInstance(Unknown Source)
	at java.lang.Class.newInstance(Unknown Source)
	at org.openqa.selenium.support.PageFactory.instantiatePage(PageFactory.java:131)
	at org.openqa.selenium.support.PageFactory.initElements(PageFactory.java:64)
	at com.Adactin.qa.Pages.LoginPage.<init>(LoginPage.java:38)
	at sun.reflect.GeneratedConstructorAccessor11.newInstance(Unknown Source)
	at sun.reflect.DelegatingConstructorAccessorImpl.newInstance(Unknown Source)
	at java.lang.reflect.Constructor.newInstance(Unknown Source)
	at java.lang.Class.newInstance(Unknown Source)
	at org.openqa.selenium.support.PageFactory.instantiatePage(PageFactory.java:131)
	at org.openqa.selenium.support.PageFactory.initElements(PageFactory.java:64)
	at com.Adactin.qa.Pages.LoginPage.<init>(LoginPage.java:38)
	at sun.reflect.GeneratedConstructorAccessor11.newInstance(Unknown Source)
	at sun.reflect.DelegatingConstructorAccessorImpl.newInstance(Unknown Source)
	at java.lang.reflect.Constructor.newInstance(Unknown Source)
	at java.lang.Class.newInstance(Unknown Source)
	at org.openqa.selenium.support.PageFactory.instantiatePage(PageFactory.java:131)
	at org.openqa.selenium.support.PageFactory.initElements(PageFactory.java:64)
	at com.Adactin.qa.Pages.LoginPage.<init>(LoginPage.java:38)
	at sun.reflect.GeneratedConstructorAccessor11.newInstance(Unknown Source)
	at sun.reflect.DelegatingConstructorAccessorImpl.newInstance(Unknown Source)
	at java.lang.reflect.Constructor.newInstance(Unknown Source)
	at java.lang.Class.newInstance(Unknown Source)
	at org.openqa.selenium.support.PageFactory.instantiatePage(PageFactory.java:131)
	at org.openqa.selenium.support.PageFactory.initElements(PageFactory.java:64)
	at com.Adactin.qa.Pages.LoginPage.<init>(LoginPage.java:38)
	at sun.reflect.GeneratedConstructorAccessor11.newInstance(Unknown Source)
	at sun.reflect.DelegatingConstructorAccessorImpl.newInstance(Unknown Source)
	at java.lang.reflect.Constructor.newInstance(Unknown Source)
	at java.lang.Class.newInstance(Unknown Source)
	at org.openqa.selenium.support.PageFactory.instantiatePage(PageFactory.java:131)
	at org.openqa.selenium.support.PageFactory.initElements(PageFactory.java:64)
	at com.Adactin.qa.Pages.LoginPage.<init>(LoginPage.java:38)
	at sun.reflect.GeneratedConstructorAccessor11.newInstance(Unknown Source)
	at sun.reflect.DelegatingConstructorAccessorImpl.newInstance(Unknown Source)
	at java.lang.reflect.Constructor.newInstance(Unknown Source)
	at java.lang.Class.newInstance(Unknown Source)
	at org.openqa.selenium.support.PageFactory.instantiatePage(PageFactory.java:131)
	at org.openqa.selenium.support.PageFactory.initElements(PageFactory.java:64)
	at com.Adactin.qa.Pages.LoginPage.<init>(LoginPage.java:38)
	at sun.reflect.GeneratedConstructorAccessor11.newInstance(Unknown Source)
	at sun.reflect.DelegatingConstructorAccessorImpl.newInstance(Unknown Source)
	at java.lang.reflect.Constructor.newInstance(Unknown Source)
	at java.lang.Class.newInstance(Unknown Source)
	at org.openqa.selenium.support.PageFactory.instantiatePage(PageFactory.java:131)
	at org.openqa.selenium.support.PageFactory.initElements(PageFactory.java:64)
	at com.Adactin.qa.Pages.LoginPage.<init>(LoginPage.java:38)
	at sun.reflect.GeneratedConstructorAccessor11.newInstance(Unknown Source)
	at sun.reflect.DelegatingConstructorAccessorImpl.newInstance(Unknown Source)
	at java.lang.reflect.Constructor.newInstance(Unknown Source)
	at java.lang.Class.newInstance(Unknown Source)
	at org.openqa.selenium.support.PageFactory.instantiatePage(PageFactory.java:131)
	at org.openqa.selenium.support.PageFactory.initElements(PageFactory.java:64)
	at com.Adactin.qa.Pages.LoginPage.<init>(LoginPage.java:38)
	at sun.reflect.GeneratedConstructorAccessor11.newInstance(Unknown Source)
	at sun.reflect.DelegatingConstructorAccessorImpl.newInstance(Unknown Source)
	at java.lang.reflect.Constructor.newInstance(Unknown Source)
	at java.lang.Class.newInstance(Unknown Source)
	at org.openqa.selenium.support.PageFactory.instantiatePage(PageFactory.java:131)
	at org.openqa.selenium.support.PageFactory.initElements(PageFactory.java:64)
	at com.Adactin.qa.Pages.LoginPage.<init>(LoginPage.java:38)
	at sun.reflect.GeneratedConstructorAccessor11.newInstance(Unknown Source)
	at sun.reflect.DelegatingConstructorAccessorImpl.newInstance(Unknown Source)
	at java.lang.reflect.Constructor.newInstance(Unknown Source)
	at java.lang.Class.newInstance(Unknown Source)
	at org.openqa.selenium.support.PageFactory.instantiatePage(PageFactory.java:131)
	at org.openqa.selenium.support.PageFactory.initElements(PageFactory.java:64)
	at com.Adactin.qa.Pages.LoginPage.<init>(LoginPage.java:38)
	at sun.reflect.GeneratedConstructorAccessor11.newInstance(Unknown Source)
	at sun.reflect.DelegatingConstructorAccessorImpl.newInstance(Unknown Source)
	at java.lang.reflect.Constructor.newInstance(Unknown Source)
	at java.lang.Class.newInstance(Unknown Source)
	at org.openqa.selenium.support.PageFactory.instantiatePage(PageFactory.java:131)
	at org.openqa.selenium.support.PageFactory.initElements(PageFactory.java:64)
	at com.Adactin.qa.Pages.LoginPage.<init>(LoginPage.java:38)
	at sun.reflect.GeneratedConstructorAccessor11.newInstance(Unknown Source)
	at sun.reflect.DelegatingConstructorAccessorImpl.newInstance(Unknown Source)
	at java.lang.reflect.Constructor.newInstance(Unknown Source)
	at java.lang.Class.newInstance(Unknown Source)
	at org.openqa.selenium.support.PageFactory.instantiatePage(PageFactory.java:131)
	at org.openqa.selenium.support.PageFactory.initElements(PageFactory.java:64)
	at com.Adactin.qa.Pages.LoginPage.<init>(LoginPage.java:38)
	at sun.reflect.GeneratedConstructorAccessor11.newInstance(Unknown Source)
	at sun.reflect.DelegatingConstructorAccessorImpl.newInstance(Unknown Source)
	at java.lang.reflect.Constructor.newInstance(Unknown Source)
	at java.lang.Class.newInstance(Unknown Source)
	at org.openqa.selenium.support.PageFactory.instantiatePage(PageFactory.java:131)
	at org.openqa.selenium.support.PageFactory.initElements(PageFactory.java:64)
	at com.Adactin.qa.Pages.LoginPage.<init>(LoginPage.java:38)
	at sun.reflect.GeneratedConstructorAccessor11.newInstance(Unknown Source)
	at sun.reflect.DelegatingConstructorAccessorImpl.newInstance(Unknown Source)
	at java.lang.reflect.Constructor.newInstance(Unknown Source)
	at java.lang.Class.newInstance(Unknown Source)
	at org.openqa.selenium.support.PageFactory.instantiatePage(PageFactory.java:131)
	at org.openqa.selenium.support.PageFactory.initElements(PageFactory.java:64)
	at com.Adactin.qa.Pages.LoginPage.<init>(LoginPage.java:38)
	at sun.reflect.GeneratedConstructorAccessor11.newInstance(Unknown Source)
	at sun.reflect.DelegatingConstructorAccessorImpl.newInstance(Unknown Source)
	at java.lang.reflect.Constructor.newInstance(Unknown Source)
	at java.lang.Class.newInstance(Unknown Source)
	at org.openqa.selenium.support.PageFactory.instantiatePage(PageFactory.java:131)
	at org.openqa.selenium.support.PageFactory.initElements(PageFactory.java:64)
	at com.Adactin.qa.Pages.LoginPage.<init>(LoginPage.java:38)
	at sun.reflect.GeneratedConstructorAccessor11.newInstance(Unknown Source)
	at sun.reflect.DelegatingConstructorAccessorImpl.newInstance(Unknown Source)
	at java.lang.reflect.Constructor.newInstance(Unknown Source)
	at java.lang.Class.newInstance(Unknown Source)
	at org.openqa.selenium.support.PageFactory.instantiatePage(PageFactory.java:131)
	at org.openqa.selenium.support.PageFactory.initElements(PageFactory.java:64)
	at com.Adactin.qa.Pages.LoginPage.<init>(LoginPage.java:38)
	at sun.reflect.GeneratedConstructorAccessor11.newInstance(Unknown Source)
	at sun.reflect.DelegatingConstructorAccessorImpl.newInstance(Unknown Source)
	at java.lang.reflect.Constructor.newInstance(Unknown Source)
	at java.lang.Class.newInstance(Unknown Source)
	at org.openqa.selenium.support.PageFactory.instantiatePage(PageFactory.java:131)
	at org.openqa.selenium.support.PageFactory.initElements(PageFactory.java:64)
	at com.Adactin.qa.Pages.LoginPage.<init>(LoginPage.java:38)
	at sun.reflect.GeneratedConstructorAccessor11.newInstance(Unknown Source)
	at sun.reflect.DelegatingConstructorAccessorImpl.newInstance(Unknown Source)
	at java.lang.reflect.Constructor.newInstance(Unknown Source)
	at java.lang.Class.newInstance(Unknown Source)
]]>
    </failure>
  </testcase> <!-- @BeforeMethod setUp -->
  <testcase name="@AfterMethod tearDown" time="0.0" classname="com.Adactin.qa.TestCases.LoginPageTest">
    <skipped/>
  </testcase> <!-- @AfterMethod tearDown -->
  <testcase name="@BeforeMethod setUp" time="0.0" classname="com.Adactin.qa.TestCases.LoginPageTest">
    <skipped/>
  </testcase> <!-- @BeforeMethod setUp -->
  <testcase name="@AfterMethod tearDown" time="0.0" classname="com.Adactin.qa.TestCases.LoginPageTest">
    <skipped/>
  </testcase> <!-- @AfterMethod tearDown -->
  <testcase name="@BeforeMethod setUp" time="0.0" classname="com.Adactin.qa.TestCases.LoginPageTest">
    <skipped/>
  </testcase> <!-- @BeforeMethod setUp -->
  <testcase name="@AfterMethod tearDown" time="0.0" classname="com.Adactin.qa.TestCases.LoginPageTest">
    <skipped/>
  </testcase> <!-- @AfterMethod tearDown -->
  <testcase name="LoginPageTitleTest" time="0.003" classname="com.Adactin.qa.TestCases.LoginPageTest">
    <skipped/>
  </testcase> <!-- LoginPageTitleTest -->
  <testcase name="varifylogo" time="0.003" classname="com.Adactin.qa.TestCases.LoginPageTest">
    <skipped/>
  </testcase> <!-- varifylogo -->
  <testcase name="LoginTest" time="0.002" classname="com.Adactin.qa.TestCases.LoginPageTest">
    <skipped/>
  </testcase> <!-- LoginTest -->
</testsuite> <!-- Default test -->
