<?xml version="1.0" encoding="UTF-8"?>
<!-- Generated by org.testng.reporters.JUnitReportReporter -->
<testsuite hostname="Welcome-PC" name="com.Adactin.qa.TestCases.LoginPageTest" tests="3" failures="3" timestamp="1 Aug 2019 22:23:56 GMT" time="0.007" errors="0">
  <testcase name="LoginTest" time="0.002" classname="com.Adactin.qa.TestCases.LoginPageTest">
    <failure type="java.lang.StackOverflowError">
      <![CDATA[java.lang.StackOverflowError
	at java.io.InputStream.<init>(Unknown Source)
	at java.io.FileInputStream.<init>(Unknown Source)
	at java.io.FileInputStream.<init>(Unknown Source)
	at com.Adactin.qa.Base.TestBase.<init>(TestBase.java:26)
	at com.Adactin.qa.Pages.LoginPage.<init>(LoginPage.java:35)
	at sun.reflect.GeneratedConstructorAccessor11.newInstance(Unknown Source)
	at sun.reflect.DelegatingConstructorAccessorImpl.newInstance(Unknown Source)
	at java.lang.reflect.Constructor.newInstance(Unknown Source)
	at java.lang.Class.newInstance(Unknown Source)
	at org.openqa.selenium.support.PageFactory.instantiatePage(PageFactory.java:131)
	at org.openqa.selenium.support.PageFactory.initElements(PageFactory.java:64)
	at com.Adactin.qa.Pages.LoginPage.<init>(LoginPage.java:38)
	at sun.reflect.GeneratedConstructorAccessor11.newInstance(Unknown Source)
	at sun.reflect.DelegatingConstructorAccessorImpl.newInstance(Unknown Source)
	at java.lang.reflect.Constructor.newInstance(Unknown Source)
	at java.lang.Class.newInstance(Unknown Source)
	at org.openqa.selenium.support.PageFactory.instantiatePage(PageFactory.java:131)
	at org.openqa.selenium.support.PageFactory.initElements(PageFactory.java:64)
	at com.Adactin.qa.Pages.LoginPage.<init>(LoginPage.java:38)
	at sun.reflect.GeneratedConstructorAccessor11.newInstance(Unknown Source)
	at sun.reflect.DelegatingConstructorAccessorImpl.newInstance(Unknown Source)
	at java.lang.reflect.Constructor.newInstance(Unknown Source)
	at java.lang.Class.newInstance(Unknown Source)
	at org.openqa.selenium.support.PageFactory.instantiatePage(PageFactory.java:131)
	at org.openqa.selenium.support.PageFactory.initElements(PageFactory.java:64)
	at com.Adactin.qa.Pages.LoginPage.<init>(LoginPage.java:38)
	at sun.reflect.GeneratedConstructorAccessor11.newInstance(Unknown Source)
	at sun.reflect.DelegatingConstructorAccessorImpl.newInstance(Unknown Source)
	at java.lang.reflect.Constructor.newInstance(Unknown Source)
	at java.lang.Class.newInstance(Unknown Source)
	at org.openqa.selenium.support.PageFactory.instantiatePage(PageFactory.java:131)
	at org.openqa.selenium.support.PageFactory.initElements(PageFactory.java:64)
	at com.Adactin.qa.Pages.LoginPage.<init>(LoginPage.java:38)
	at sun.reflect.GeneratedConstructorAccessor11.newInstance(Unknown Source)
	at sun.reflect.DelegatingConstructorAccessorImpl.newInstance(Unknown Source)
	at java.lang.reflect.Constructor.newInstance(Unknown Source)
	at java.lang.Class.newInstance(Unknown Source)
	at org.openqa.selenium.support.PageFactory.instantiatePage(PageFactory.java:131)
	at org.openqa.selenium.support.PageFactory.initElements(PageFactory.java:64)
	at com.Adactin.qa.Pages.LoginPage.<init>(LoginPage.java:38)
	at sun.reflect.GeneratedConstructorAccessor11.newInstance(Unknown Source)
	at sun.reflect.DelegatingConstructorAccessorImpl.newInstance(Unknown Source)
	at java.lang.reflect.Constructor.newInstance(Unknown Source)
	at java.lang.Class.newInstance(Unknown Source)
	at org.openqa.selenium.support.PageFactory.instantiatePage(PageFactory.java:131)
	at org.openqa.selenium.support.PageFactory.initElements(PageFactory.java:64)
	at com.Adactin.qa.Pages.LoginPage.<init>(LoginPage.java:38)
	at sun.reflect.GeneratedConstructorAccessor11.newInstance(Unknown Source)
	at sun.reflect.DelegatingConstructorAccessorImpl.newInstance(Unknown Source)
	at java.lang.reflect.Constructor.newInstance(Unknown Source)
	at java.lang.Class.newInstance(Unknown Source)
	at org.openqa.selenium.support.PageFactory.instantiatePage(PageFactory.java:131)
	at org.openqa.selenium.support.PageFactory.initElements(PageFactory.java:64)
	at com.Adactin.qa.Pages.LoginPage.<init>(LoginPage.java:38)
	at sun.reflect.GeneratedConstructorAccessor11.newInstance(Unknown Source)
	at sun.reflect.DelegatingConstructorAccessorImpl.newInstance(Unknown Source)
	at java.lang.reflect.Constructor.newInstance(Unknown Source)
	at java.lang.Class.newInstance(Unknown Source)
	at org.openqa.selenium.support.PageFactory.instantiatePage(PageFactory.java:131)
	at org.openqa.selenium.support.PageFactory.initElements(PageFactory.java:64)
	at com.Adactin.qa.Pages.LoginPage.<init>(LoginPage.java:38)
	at sun.reflect.GeneratedConstructorAccessor11.newInstance(Unknown Source)
	at sun.reflect.DelegatingConstructorAccessorImpl.newInstance(Unknown Source)
	at java.lang.reflect.Constructor.newInstance(Unknown Source)
	at java.lang.Class.newInstance(Unknown Source)
	at org.openqa.selenium.support.PageFactory.instantiatePage(PageFactory.java:131)
	at org.openqa.selenium.support.PageFactory.initElements(PageFactory.java:64)
	at com.Adactin.qa.Pages.LoginPage.<init>(LoginPage.java:38)
	at sun.reflect.GeneratedConstructorAccessor11.newInstance(Unknown Source)
	at sun.reflect.DelegatingConstructorAccessorImpl.newInstance(Unknown Source)
	at java.lang.reflect.Constructor.newInstance(Unknown Source)
	at java.lang.Class.newInstance(Unknown Source)
	at org.openqa.selenium.support.PageFactory.instantiatePage(PageFactory.java:131)
	at org.openqa.selenium.support.PageFactory.initElements(PageFactory.java:64)
	at com.Adactin.qa.Pages.LoginPage.<init>(LoginPage.java:38)
	at sun.reflect.GeneratedConstructorAccessor11.newInstance(Unknown Source)
	at sun.reflect.DelegatingConstructorAccessorImpl.newInstance(Unknown Source)
	at java.lang.reflect.Constructor.newInstance(Unknown Source)
	at java.lang.Class.newInstance(Unknown Source)
	at org.openqa.selenium.support.PageFactory.instantiatePage(PageFactory.java:131)
	at org.openqa.selenium.support.PageFactory.initElements(PageFactory.java:64)
	at com.Adactin.qa.Pages.LoginPage.<init>(LoginPage.java:38)
	at sun.reflect.GeneratedConstructorAccessor11.newInstance(Unknown Source)
	at sun.reflect.DelegatingConstructorAccessorImpl.newInstance(Unknown Source)
	at java.lang.reflect.Constructor.newInstance(Unknown Source)
	at java.lang.Class.newInstance(Unknown Source)
	at org.openqa.selenium.support.PageFactory.instantiatePage(PageFactory.java:131)
	at org.openqa.selenium.support.PageFactory.initElements(PageFactory.java:64)
	at com.Adactin.qa.Pages.LoginPage.<init>(LoginPage.java:38)
	at sun.reflect.GeneratedConstructorAccessor11.newInstance(Unknown Source)
	at sun.reflect.DelegatingConstructorAccessorImpl.newInstance(Unknown Source)
	at java.lang.reflect.Constructor.newInstance(Unknown Source)
	at java.lang.Class.newInstance(Unknown Source)
	at org.openqa.selenium.support.PageFactory.instantiatePage(PageFactory.java:131)
	at org.openqa.selenium.support.PageFactory.initElements(PageFactory.java:64)
	at com.Adactin.qa.Pages.LoginPage.<init>(LoginPage.java:38)
	at sun.reflect.GeneratedConstructorAccessor11.newInstance(Unknown Source)
	at sun.reflect.DelegatingConstructorAccessorImpl.newInstance(Unknown Source)
	at java.lang.reflect.Constructor.newInstance(Unknown Source)
	at java.lang.Class.newInstance(Unknown Source)
	at org.openqa.selenium.support.PageFactory.instantiatePage(PageFactory.java:131)
	at org.openqa.selenium.support.PageFactory.initElements(PageFactory.java:64)
	at com.Adactin.qa.Pages.LoginPage.<init>(LoginPage.java:38)
	at sun.reflect.GeneratedConstructorAccessor11.newInstance(Unknown Source)
	at sun.reflect.DelegatingConstructorAccessorImpl.newInstance(Unknown Source)
	at java.lang.reflect.Constructor.newInstance(Unknown Source)
	at java.lang.Class.newInstance(Unknown Source)
	at org.openqa.selenium.support.PageFactory.instantiatePage(PageFactory.java:131)
	at org.openqa.selenium.support.PageFactory.initElements(PageFactory.java:64)
	at com.Adactin.qa.Pages.LoginPage.<init>(LoginPage.java:38)
	at sun.reflect.GeneratedConstructorAccessor11.newInstance(Unknown Source)
	at sun.reflect.DelegatingConstructorAccessorImpl.newInstance(Unknown Source)
	at java.lang.reflect.Constructor.newInstance(Unknown Source)
	at java.lang.Class.newInstance(Unknown Source)
	at org.openqa.selenium.support.PageFactory.instantiatePage(PageFactory.java:131)
	at org.openqa.selenium.support.PageFactory.initElements(PageFactory.java:64)
	at com.Adactin.qa.Pages.LoginPage.<init>(LoginPage.java:38)
	at sun.reflect.GeneratedConstructorAccessor11.newInstance(Unknown Source)
	at sun.reflect.DelegatingConstructorAccessorImpl.newInstance(Unknown Source)
	at java.lang.reflect.Constructor.newInstance(Unknown Source)
	at java.lang.Class.newInstance(Unknown Source)
	at org.openqa.selenium.support.PageFactory.instantiatePage(PageFactory.java:131)
	at org.openqa.selenium.support.PageFactory.initElements(PageFactory.java:64)
	at com.Adactin.qa.Pages.LoginPage.<init>(LoginPage.java:38)
	at sun.reflect.GeneratedConstructorAccessor11.newInstance(Unknown Source)
	at sun.reflect.DelegatingConstructorAccessorImpl.newInstance(Unknown Source)
	at java.lang.reflect.Constructor.newInstance(Unknown Source)
	at java.lang.Class.newInstance(Unknown Source)
	at org.openqa.selenium.support.PageFactory.instantiatePage(PageFactory.java:131)
	at org.openqa.selenium.support.PageFactory.initElements(PageFactory.java:64)
	at com.Adactin.qa.Pages.LoginPage.<init>(LoginPage.java:38)
	at sun.reflect.GeneratedConstructorAccessor11.newInstance(Unknown Source)
	at sun.reflect.DelegatingConstructorAccessorImpl.newInstance(Unknown Source)
	at java.lang.reflect.Constructor.newInstance(Unknown Source)
	at java.lang.Class.newInstance(Unknown Source)
	at org.openqa.selenium.support.PageFactory.instantiatePage(PageFactory.java:131)
	at org.openqa.selenium.support.PageFactory.initElements(PageFactory.java:64)
	at com.Adactin.qa.Pages.LoginPage.<init>(LoginPage.java:38)
	at sun.reflect.GeneratedConstructorAccessor11.newInstance(Unknown Source)
	at sun.reflect.DelegatingConstructorAccessorImpl.newInstance(Unknown Source)
	at java.lang.reflect.Constructor.newInstance(Unknown Source)
	at java.lang.Class.newInstance(Unknown Source)
	at org.openqa.selenium.support.PageFactory.instantiatePage(PageFactory.java:131)
	at org.openqa.selenium.support.PageFactory.initElements(PageFactory.java:64)
	at com.Adactin.qa.Pages.LoginPage.<init>(LoginPage.java:38)
	at sun.reflect.GeneratedConstructorAccessor11.newInstance(Unknown Source)
	at sun.reflect.DelegatingConstructorAccessorImpl.newInstance(Unknown Source)
	at java.lang.reflect.Constructor.newInstance(Unknown Source)
	at java.lang.Class.newInstance(Unknown Source)
	at org.openqa.selenium.support.PageFactory.instantiatePage(PageFactory.java:131)
	at org.openqa.selenium.support.PageFactory.initElements(PageFactory.java:64)
	at com.Adactin.qa.Pages.LoginPage.<init>(LoginPage.java:38)
	at sun.reflect.GeneratedConstructorAccessor11.newInstance(Unknown Source)
	at sun.reflect.DelegatingConstructorAccessorImpl.newInstance(Unknown Source)
	at java.lang.reflect.Constructor.newInstance(Unknown Source)
	at java.lang.Class.newInstance(Unknown Source)
	at org.openqa.selenium.support.PageFactory.instantiatePage(PageFactory.java:131)
	at org.openqa.selenium.support.PageFactory.initElements(PageFactory.java:64)
	at com.Adactin.qa.Pages.LoginPage.<init>(LoginPage.java:38)
	at sun.reflect.GeneratedConstructorAccessor11.newInstance(Unknown Source)
	at sun.reflect.DelegatingConstructorAccessorImpl.newInstance(Unknown Source)
	at java.lang.reflect.Constructor.newInstance(Unknown Source)
	at java.lang.Class.newInstance(Unknown Source)
	at org.openqa.selenium.support.PageFactory.instantiatePage(PageFactory.java:131)
	at org.openqa.selenium.support.PageFactory.initElements(PageFactory.java:64)
	at com.Adactin.qa.Pages.LoginPage.<init>(LoginPage.java:38)
	at sun.reflect.GeneratedConstructorAccessor11.newInstance(Unknown Source)
	at sun.reflect.DelegatingConstructorAccessorImpl.newInstance(Unknown Source)
	at java.lang.reflect.Constructor.newInstance(Unknown Source)
	at java.lang.Class.newInstance(Unknown Source)
	at org.openqa.selenium.support.PageFactory.instantiatePage(PageFactory.java:131)
	at org.openqa.selenium.support.PageFactory.initElements(PageFactory.java:64)
	at com.Adactin.qa.Pages.LoginPage.<init>(LoginPage.java:38)
	at sun.reflect.GeneratedConstructorAccessor11.newInstance(Unknown Source)
	at sun.reflect.DelegatingConstructorAccessorImpl.newInstance(Unknown Source)
	at java.lang.reflect.Constructor.newInstance(Unknown Source)
	at java.lang.Class.newInstance(Unknown Source)
	at org.openqa.selenium.support.PageFactory.instantiatePage(PageFactory.java:131)
	at org.openqa.selenium.support.PageFactory.initElements(PageFactory.java:64)
	at com.Adactin.qa.Pages.LoginPage.<init>(LoginPage.java:38)
	at sun.reflect.GeneratedConstructorAccessor11.newInstance(Unknown Source)
	at sun.reflect.DelegatingConstructorAccessorImpl.newInstance(Unknown Source)
	at java.lang.reflect.Constructor.newInstance(Unknown Source)
	at java.lang.Class.newInstance(Unknown Source)
	at org.openqa.selenium.support.PageFactory.instantiatePage(PageFactory.java:131)
	at org.openqa.selenium.support.PageFactory.initElements(PageFactory.java:64)
	at com.Adactin.qa.Pages.LoginPage.<init>(LoginPage.java:38)
	at sun.reflect.GeneratedConstructorAccessor11.newInstance(Unknown Source)
	at sun.reflect.DelegatingConstructorAccessorImpl.newInstance(Unknown Source)
	at java.lang.reflect.Constructor.newInstance(Unknown Source)
	at java.lang.Class.newInstance(Unknown Source)
	at org.openqa.selenium.support.PageFactory.instantiatePage(PageFactory.java:131)
	at org.openqa.selenium.support.PageFactory.initElements(PageFactory.java:64)
	at com.Adactin.qa.Pages.LoginPage.<init>(LoginPage.java:38)
	at sun.reflect.GeneratedConstructorAccessor11.newInstance(Unknown Source)
	at sun.reflect.DelegatingConstructorAccessorImpl.newInstance(Unknown Source)
	at java.lang.reflect.Constructor.newInstance(Unknown Source)
	at java.lang.Class.newInstance(Unknown Source)
	at org.openqa.selenium.support.PageFactory.instantiatePage(PageFactory.java:131)
	at org.openqa.selenium.support.PageFactory.initElements(PageFactory.java:64)
	at com.Adactin.qa.Pages.LoginPage.<init>(LoginPage.java:38)
	at sun.reflect.GeneratedConstructorAccessor11.newInstance(Unknown Source)
	at sun.reflect.DelegatingConstructorAccessorImpl.newInstance(Unknown Source)
	at java.lang.reflect.Constructor.newInstance(Unknown Source)
	at java.lang.Class.newInstance(Unknown Source)
	at org.openqa.selenium.support.PageFactory.instantiatePage(PageFactory.java:131)
	at org.openqa.selenium.support.PageFactory.initElements(PageFactory.java:64)
	at com.Adactin.qa.Pages.LoginPage.<init>(LoginPage.java:38)
	at sun.reflect.GeneratedConstructorAccessor11.newInstance(Unknown Source)
	at sun.reflect.DelegatingConstructorAccessorImpl.newInstance(Unknown Source)
	at java.lang.reflect.Constructor.newInstance(Unknown Source)
	at java.lang.Class.newInstance(Unknown Source)
	at org.openqa.selenium.support.PageFactory.instantiatePage(PageFactory.java:131)
	at org.openqa.selenium.support.PageFactory.initElements(PageFactory.java:64)
	at com.Adactin.qa.Pages.LoginPage.<init>(LoginPage.java:38)
	at sun.reflect.GeneratedConstructorAccessor11.newInstance(Unknown Source)
	at sun.reflect.DelegatingConstructorAccessorImpl.newInstance(Unknown Source)
	at java.lang.reflect.Constructor.newInstance(Unknown Source)
	at java.lang.Class.newInstance(Unknown Source)
	at org.openqa.selenium.support.PageFactory.instantiatePage(PageFactory.java:131)
	at org.openqa.selenium.support.PageFactory.initElements(PageFactory.java:64)
	at com.Adactin.qa.Pages.LoginPage.<init>(LoginPage.java:38)
	at sun.reflect.GeneratedConstructorAccessor11.newInstance(Unknown Source)
	at sun.reflect.DelegatingConstructorAccessorImpl.newInstance(Unknown Source)
	at java.lang.reflect.Constructor.newInstance(Unknown Source)
	at java.lang.Class.newInstance(Unknown Source)
	at org.openqa.selenium.support.PageFactory.instantiatePage(PageFactory.java:131)
	at org.openqa.selenium.support.PageFactory.initElements(PageFactory.java:64)
	at com.Adactin.qa.Pages.LoginPage.<init>(LoginPage.java:38)
	at sun.reflect.GeneratedConstructorAccessor11.newInstance(Unknown Source)
	at sun.reflect.DelegatingConstructorAccessorImpl.newInstance(Unknown Source)
	at java.lang.reflect.Constructor.newInstance(Unknown Source)
	at java.lang.Class.newInstance(Unknown Source)
	at org.openqa.selenium.support.PageFactory.instantiatePage(PageFactory.java:131)
	at org.openqa.selenium.support.PageFactory.initElements(PageFactory.java:64)
	at com.Adactin.qa.Pages.LoginPage.<init>(LoginPage.java:38)
	at sun.reflect.GeneratedConstructorAccessor11.newInstance(Unknown Source)
	at sun.reflect.DelegatingConstructorAccessorImpl.newInstance(Unknown Source)
	at java.lang.reflect.Constructor.newInstance(Unknown Source)
	at java.lang.Class.newInstance(Unknown Source)
	at org.openqa.selenium.support.PageFactory.instantiatePage(PageFactory.java:131)
	at org.openqa.selenium.support.PageFactory.initElements(PageFactory.java:64)
	at com.Adactin.qa.Pages.LoginPage.<init>(LoginPage.java:38)
	at sun.reflect.GeneratedConstructorAccessor11.newInstance(Unknown Source)
	at sun.reflect.DelegatingConstructorAccessorImpl.newInstance(Unknown Source)
	at java.lang.reflect.Constructor.newInstance(Unknown Source)
	at java.lang.Class.newInstance(Unknown Source)
	at org.openqa.selenium.support.PageFactory.instantiatePage(PageFactory.java:131)
	at org.openqa.selenium.support.PageFactory.initElements(PageFactory.java:64)
	at com.Adactin.qa.Pages.LoginPage.<init>(LoginPage.java:38)
	at sun.reflect.GeneratedConstructorAccessor11.newInstance(Unknown Source)
	at sun.reflect.DelegatingConstructorAccessorImpl.newInstance(Unknown Source)
	at java.lang.reflect.Constructor.newInstance(Unknown Source)
	at java.lang.Class.newInstance(Unknown Source)
	at org.openqa.selenium.support.PageFactory.instantiatePage(PageFactory.java:131)
	at org.openqa.selenium.support.PageFactory.initElements(PageFactory.java:64)
	at com.Adactin.qa.Pages.LoginPage.<init>(LoginPage.java:38)
	at sun.reflect.GeneratedConstructorAccessor11.newInstance(Unknown Source)
	at sun.reflect.DelegatingConstructorAccessorImpl.newInstance(Unknown Source)
	at java.lang.reflect.Constructor.newInstance(Unknown Source)
	at java.lang.Class.newInstance(Unknown Source)
	at org.openqa.selenium.support.PageFactory.instantiatePage(PageFactory.java:131)
	at org.openqa.selenium.support.PageFactory.initElements(PageFactory.java:64)
	at com.Adactin.qa.Pages.LoginPage.<init>(LoginPage.java:38)
	at sun.reflect.GeneratedConstructorAccessor11.newInstance(Unknown Source)
	at sun.reflect.DelegatingConstructorAccessorImpl.newInstance(Unknown Source)
	at java.lang.reflect.Constructor.newInstance(Unknown Source)
	at java.lang.Class.newInstance(Unknown Source)
	at org.openqa.selenium.support.PageFactory.instantiatePage(PageFactory.java:131)
	at org.openqa.selenium.support.PageFactory.initElements(PageFactory.java:64)
	at com.Adactin.qa.Pages.LoginPage.<init>(LoginPage.java:38)
	at sun.reflect.GeneratedConstructorAccessor11.newInstance(Unknown Source)
	at sun.reflect.DelegatingConstructorAccessorImpl.newInstance(Unknown Source)
	at java.lang.reflect.Constructor.newInstance(Unknown Source)
	at java.lang.Class.newInstance(Unknown Source)
	at org.openqa.selenium.support.PageFactory.instantiatePage(PageFactory.java:131)
	at org.openqa.selenium.support.PageFactory.initElements(PageFactory.java:64)
	at com.Adactin.qa.Pages.LoginPage.<init>(LoginPage.java:38)
	at sun.reflect.GeneratedConstructorAccessor11.newInstance(Unknown Source)
	at sun.reflect.DelegatingConstructorAccessorImpl.newInstance(Unknown Source)
	at java.lang.reflect.Constructor.newInstance(Unknown Source)
	at java.lang.Class.newInstance(Unknown Source)
	at org.openqa.selenium.support.PageFactory.instantiatePage(PageFactory.java:131)
	at org.openqa.selenium.support.PageFactory.initElements(PageFactory.java:64)
	at com.Adactin.qa.Pages.LoginPage.<init>(LoginPage.java:38)
	at sun.reflect.GeneratedConstructorAccessor11.newInstance(Unknown Source)
	at sun.reflect.DelegatingConstructorAccessorImpl.newInstance(Unknown Source)
	at java.lang.reflect.Constructor.newInstance(Unknown Source)
	at java.lang.Class.newInstance(Unknown Source)
	at org.openqa.selenium.support.PageFactory.instantiatePage(PageFactory.java:131)
	at org.openqa.selenium.support.PageFactory.initElements(PageFactory.java:64)
	at com.Adactin.qa.Pages.LoginPage.<init>(LoginPage.java:38)
	at sun.reflect.GeneratedConstructorAccessor11.newInstance(Unknown Source)
	at sun.reflect.DelegatingConstructorAccessorImpl.newInstance(Unknown Source)
	at java.lang.reflect.Constructor.newInstance(Unknown Source)
	at java.lang.Class.newInstance(Unknown Source)
	at org.openqa.selenium.support.PageFactory.instantiatePage(PageFactory.java:131)
	at org.openqa.selenium.support.PageFactory.initElements(PageFactory.java:64)
	at com.Adactin.qa.Pages.LoginPage.<init>(LoginPage.java:38)
	at sun.reflect.GeneratedConstructorAccessor11.newInstance(Unknown Source)
	at sun.reflect.DelegatingConstructorAccessorImpl.newInstance(Unknown Source)
	at java.lang.reflect.Constructor.newInstance(Unknown Source)
	at java.lang.Class.newInstance(Unknown Source)
	at org.openqa.selenium.support.PageFactory.instantiatePage(PageFactory.java:131)
	at org.openqa.selenium.support.PageFactory.initElements(PageFactory.java:64)
	at com.Adactin.qa.Pages.LoginPage.<init>(LoginPage.java:38)
	at sun.reflect.GeneratedConstructorAccessor11.newInstance(Unknown Source)
	at sun.reflect.DelegatingConstructorAccessorImpl.newInstance(Unknown Source)
	at java.lang.reflect.Constructor.newInstance(Unknown Source)
	at java.lang.Class.newInstance(Unknown Source)
	at org.openqa.selenium.support.PageFactory.instantiatePage(PageFactory.java:131)
	at org.openqa.selenium.support.PageFactory.initElements(PageFactory.java:64)
	at com.Adactin.qa.Pages.LoginPage.<init>(LoginPage.java:38)
	at sun.reflect.GeneratedConstructorAccessor11.newInstance(Unknown Source)
	at sun.reflect.DelegatingConstructorAccessorImpl.newInstance(Unknown Source)
	at java.lang.reflect.Constructor.newInstance(Unknown Source)
	at java.lang.Class.newInstance(Unknown Source)
	at org.openqa.selenium.support.PageFactory.instantiatePage(PageFactory.java:131)
	at org.openqa.selenium.support.PageFactory.initElements(PageFactory.java:64)
	at com.Adactin.qa.Pages.LoginPage.<init>(LoginPage.java:38)
	at sun.reflect.GeneratedConstructorAccessor11.newInstance(Unknown Source)
	at sun.reflect.DelegatingConstructorAccessorImpl.newInstance(Unknown Source)
	at java.lang.reflect.Constructor.newInstance(Unknown Source)
	at java.lang.Class.newInstance(Unknown Source)
	at org.openqa.selenium.support.PageFactory.instantiatePage(PageFactory.java:131)
	at org.openqa.selenium.support.PageFactory.initElements(PageFactory.java:64)
	at com.Adactin.qa.Pages.LoginPage.<init>(LoginPage.java:38)
	at sun.reflect.GeneratedConstructorAccessor11.newInstance(Unknown Source)
	at sun.reflect.DelegatingConstructorAccessorImpl.newInstance(Unknown Source)
	at java.lang.reflect.Constructor.newInstance(Unknown Source)
	at java.lang.Class.newInstance(Unknown Source)
	at org.openqa.selenium.support.PageFactory.instantiatePage(PageFactory.java:131)
	at org.openqa.selenium.support.PageFactory.initElements(PageFactory.java:64)
	at com.Adactin.qa.Pages.LoginPage.<init>(LoginPage.java:38)
	at sun.reflect.GeneratedConstructorAccessor11.newInstance(Unknown Source)
	at sun.reflect.DelegatingConstructorAccessorImpl.newInstance(Unknown Source)
	at java.lang.reflect.Constructor.newInstance(Unknown Source)
	at java.lang.Class.newInstance(Unknown Source)
	at org.openqa.selenium.support.PageFactory.instantiatePage(PageFactory.java:131)
	at org.openqa.selenium.support.PageFactory.initElements(PageFactory.java:64)
	at com.Adactin.qa.Pages.LoginPage.<init>(LoginPage.java:38)
	at sun.reflect.GeneratedConstructorAccessor11.newInstance(Unknown Source)
	at sun.reflect.DelegatingConstructorAccessorImpl.newInstance(Unknown Source)
	at java.lang.reflect.Constructor.newInstance(Unknown Source)
	at java.lang.Class.newInstance(Unknown Source)
	at org.openqa.selenium.support.PageFactory.instantiatePage(PageFactory.java:131)
	at org.openqa.selenium.support.PageFactory.initElements(PageFactory.java:64)
	at com.Adactin.qa.Pages.LoginPage.<init>(LoginPage.java:38)
	at sun.reflect.GeneratedConstructorAccessor11.newInstance(Unknown Source)
	at sun.reflect.DelegatingConstructorAccessorImpl.newInstance(Unknown Source)
	at java.lang.reflect.Constructor.newInstance(Unknown Source)
	at java.lang.Class.newInstance(Unknown Source)
	at org.openqa.selenium.support.PageFactory.instantiatePage(PageFactory.java:131)
	at org.openqa.selenium.support.PageFactory.initElements(PageFactory.java:64)
	at com.Adactin.qa.Pages.LoginPage.<init>(LoginPage.java:38)
	at sun.reflect.GeneratedConstructorAccessor11.newInstance(Unknown Source)
	at sun.reflect.DelegatingConstructorAccessorImpl.newInstance(Unknown Source)
	at java.lang.reflect.Constructor.newInstance(Unknown Source)
	at java.lang.Class.newInstance(Unknown Source)
	at org.openqa.selenium.support.PageFactory.instantiatePage(PageFactory.java:131)
	at org.openqa.selenium.support.PageFactory.initElements(PageFactory.java:64)
	at com.Adactin.qa.Pages.LoginPage.<init>(LoginPage.java:38)
	at sun.reflect.GeneratedConstructorAccessor11.newInstance(Unknown Source)
	at sun.reflect.DelegatingConstructorAccessorImpl.newInstance(Unknown Source)
	at java.lang.reflect.Constructor.newInstance(Unknown Source)
	at java.lang.Class.newInstance(Unknown Source)
	at org.openqa.selenium.support.PageFactory.instantiatePage(PageFactory.java:131)
	at org.openqa.selenium.support.PageFactory.initElements(PageFactory.java:64)
	at com.Adactin.qa.Pages.LoginPage.<init>(LoginPage.java:38)
	at sun.reflect.GeneratedConstructorAccessor11.newInstance(Unknown Source)
	at sun.reflect.DelegatingConstructorAccessorImpl.newInstance(Unknown Source)
	at java.lang.reflect.Constructor.newInstance(Unknown Source)
	at java.lang.Class.newInstance(Unknown Source)
	at org.openqa.selenium.support.PageFactory.instantiatePage(PageFactory.java:131)
	at org.openqa.selenium.support.PageFactory.initElements(PageFactory.java:64)
	at com.Adactin.qa.Pages.LoginPage.<init>(LoginPage.java:38)
	at sun.reflect.GeneratedConstructorAccessor11.newInstance(Unknown Source)
	at sun.reflect.DelegatingConstructorAccessorImpl.newInstance(Unknown Source)
	at java.lang.reflect.Constructor.newInstance(Unknown Source)
	at java.lang.Class.newInstance(Unknown Source)
	at org.openqa.selenium.support.PageFactory.instantiatePage(PageFactory.java:131)
	at org.openqa.selenium.support.PageFactory.initElements(PageFactory.java:64)
	at com.Adactin.qa.Pages.LoginPage.<init>(LoginPage.java:38)
	at sun.reflect.GeneratedConstructorAccessor11.newInstance(Unknown Source)
	at sun.reflect.DelegatingConstructorAccessorImpl.newInstance(Unknown Source)
	at java.lang.reflect.Constructor.newInstance(Unknown Source)
	at java.lang.Class.newInstance(Unknown Source)
	at org.openqa.selenium.support.PageFactory.instantiatePage(PageFactory.java:131)
	at org.openqa.selenium.support.PageFactory.initElements(PageFactory.java:64)
	at com.Adactin.qa.Pages.LoginPage.<init>(LoginPage.java:38)
	at sun.reflect.GeneratedConstructorAccessor11.newInstance(Unknown Source)
	at sun.reflect.DelegatingConstructorAccessorImpl.newInstance(Unknown Source)
	at java.lang.reflect.Constructor.newInstance(Unknown Source)
	at java.lang.Class.newInstance(Unknown Source)
	at org.openqa.selenium.support.PageFactory.instantiatePage(PageFactory.java:131)
	at org.openqa.selenium.support.PageFactory.initElements(PageFactory.java:64)
	at com.Adactin.qa.Pages.LoginPage.<init>(LoginPage.java:38)
	at sun.reflect.GeneratedConstructorAccessor11.newInstance(Unknown Source)
	at sun.reflect.DelegatingConstructorAccessorImpl.newInstance(Unknown Source)
	at java.lang.reflect.Constructor.newInstance(Unknown Source)
	at java.lang.Class.newInstance(Unknown Source)
	at org.openqa.selenium.support.PageFactory.instantiatePage(PageFactory.java:131)
	at org.openqa.selenium.support.PageFactory.initElements(PageFactory.java:64)
	at com.Adactin.qa.Pages.LoginPage.<init>(LoginPage.java:38)
	at sun.reflect.GeneratedConstructorAccessor11.newInstance(Unknown Source)
	at sun.reflect.DelegatingConstructorAccessorImpl.newInstance(Unknown Source)
	at java.lang.reflect.Constructor.newInstance(Unknown Source)
	at java.lang.Class.newInstance(Unknown Source)
	at org.openqa.selenium.support.PageFactory.instantiatePage(PageFactory.java:131)
	at org.openqa.selenium.support.PageFactory.initElements(PageFactory.java:64)
	at com.Adactin.qa.Pages.LoginPage.<init>(LoginPage.java:38)
	at sun.reflect.GeneratedConstructorAccessor11.newInstance(Unknown Source)
	at sun.reflect.DelegatingConstructorAccessorImpl.newInstance(Unknown Source)
	at java.lang.reflect.Constructor.newInstance(Unknown Source)
	at java.lang.Class.newInstance(Unknown Source)
	at org.openqa.selenium.support.PageFactory.instantiatePage(PageFactory.java:131)
	at org.openqa.selenium.support.PageFactory.initElements(PageFactory.java:64)
	at com.Adactin.qa.Pages.LoginPage.<init>(LoginPage.java:38)
	at sun.reflect.GeneratedConstructorAccessor11.newInstance(Unknown Source)
	at sun.reflect.DelegatingConstructorAccessorImpl.newInstance(Unknown Source)
	at java.lang.reflect.Constructor.newInstance(Unknown Source)
	at java.lang.Class.newInstance(Unknown Source)
	at org.openqa.selenium.support.PageFactory.instantiatePage(PageFactory.java:131)
	at org.openqa.selenium.support.PageFactory.initElements(PageFactory.java:64)
	at com.Adactin.qa.Pages.LoginPage.<init>(LoginPage.java:38)
	at sun.reflect.GeneratedConstructorAccessor11.newInstance(Unknown Source)
	at sun.reflect.DelegatingConstructorAccessorImpl.newInstance(Unknown Source)
	at java.lang.reflect.Constructor.newInstance(Unknown Source)
	at java.lang.Class.newInstance(Unknown Source)
	at org.openqa.selenium.support.PageFactory.instantiatePage(PageFactory.java:131)
	at org.openqa.selenium.support.PageFactory.initElements(PageFactory.java:64)
	at com.Adactin.qa.Pages.LoginPage.<init>(LoginPage.java:38)
	at sun.reflect.GeneratedConstructorAccessor11.newInstance(Unknown Source)
	at sun.reflect.DelegatingConstructorAccessorImpl.newInstance(Unknown Source)
	at java.lang.reflect.Constructor.newInstance(Unknown Source)
	at java.lang.Class.newInstance(Unknown Source)
	at org.openqa.selenium.support.PageFactory.instantiatePage(PageFactory.java:131)
	at org.openqa.selenium.support.PageFactory.initElements(PageFactory.java:64)
	at com.Adactin.qa.Pages.LoginPage.<init>(LoginPage.java:38)
	at sun.reflect.GeneratedConstructorAccessor11.newInstance(Unknown Source)
	at sun.reflect.DelegatingConstructorAccessorImpl.newInstance(Unknown Source)
	at java.lang.reflect.Constructor.newInstance(Unknown Source)
	at java.lang.Class.newInstance(Unknown Source)
	at org.openqa.selenium.support.PageFactory.instantiatePage(PageFactory.java:131)
	at org.openqa.selenium.support.PageFactory.initElements(PageFactory.java:64)
	at com.Adactin.qa.Pages.LoginPage.<init>(LoginPage.java:38)
	at sun.reflect.GeneratedConstructorAccessor11.newInstance(Unknown Source)
	at sun.reflect.DelegatingConstructorAccessorImpl.newInstance(Unknown Source)
	at java.lang.reflect.Constructor.newInstance(Unknown Source)
	at java.lang.Class.newInstance(Unknown Source)
	at org.openqa.selenium.support.PageFactory.instantiatePage(PageFactory.java:131)
	at org.openqa.selenium.support.PageFactory.initElements(PageFactory.java:64)
	at com.Adactin.qa.Pages.LoginPage.<init>(LoginPage.java:38)
	at sun.reflect.GeneratedConstructorAccessor11.newInstance(Unknown Source)
	at sun.reflect.DelegatingConstructorAccessorImpl.newInstance(Unknown Source)
	at java.lang.reflect.Constructor.newInstance(Unknown Source)
	at java.lang.Class.newInstance(Unknown Source)
	at org.openqa.selenium.support.PageFactory.instantiatePage(PageFactory.java:131)
	at org.openqa.selenium.support.PageFactory.initElements(PageFactory.java:64)
	at com.Adactin.qa.Pages.LoginPage.<init>(LoginPage.java:38)
	at sun.reflect.GeneratedConstructorAccessor11.newInstance(Unknown Source)
	at sun.reflect.DelegatingConstructorAccessorImpl.newInstance(Unknown Source)
	at java.lang.reflect.Constructor.newInstance(Unknown Source)
	at java.lang.Class.newInstance(Unknown Source)
	at org.openqa.selenium.support.PageFactory.instantiatePage(PageFactory.java:131)
	at org.openqa.selenium.support.PageFactory.initElements(PageFactory.java:64)
	at com.Adactin.qa.Pages.LoginPage.<init>(LoginPage.java:38)
	at sun.reflect.GeneratedConstructorAccessor11.newInstance(Unknown Source)
	at sun.reflect.DelegatingConstructorAccessorImpl.newInstance(Unknown Source)
	at java.lang.reflect.Constructor.newInstance(Unknown Source)
	at java.lang.Class.newInstance(Unknown Source)
	at org.openqa.selenium.support.PageFactory.instantiatePage(PageFactory.java:131)
	at org.openqa.selenium.support.PageFactory.initElements(PageFactory.java:64)
	at com.Adactin.qa.Pages.LoginPage.<init>(LoginPage.java:38)
	at sun.reflect.GeneratedConstructorAccessor11.newInstance(Unknown Source)
	at sun.reflect.DelegatingConstructorAccessorImpl.newInstance(Unknown Source)
	at java.lang.reflect.Constructor.newInstance(Unknown Source)
	at java.lang.Class.newInstance(Unknown Source)
	at org.openqa.selenium.support.PageFactory.instantiatePage(PageFactory.java:131)
	at org.openqa.selenium.support.PageFactory.initElements(PageFactory.java:64)
	at com.Adactin.qa.Pages.LoginPage.<init>(LoginPage.java:38)
	at sun.reflect.GeneratedConstructorAccessor11.newInstance(Unknown Source)
	at sun.reflect.DelegatingConstructorAccessorImpl.newInstance(Unknown Source)
	at java.lang.reflect.Constructor.newInstance(Unknown Source)
	at java.lang.Class.newInstance(Unknown Source)
	at org.openqa.selenium.support.PageFactory.instantiatePage(PageFactory.java:131)
	at org.openqa.selenium.support.PageFactory.initElements(PageFactory.java:64)
	at com.Adactin.qa.Pages.LoginPage.<init>(LoginPage.java:38)
	at sun.reflect.GeneratedConstructorAccessor11.newInstance(Unknown Source)
	at sun.reflect.DelegatingConstructorAccessorImpl.newInstance(Unknown Source)
	at java.lang.reflect.Constructor.newInstance(Unknown Source)
	at java.lang.Class.newInstance(Unknown Source)
	at org.openqa.selenium.support.PageFactory.instantiatePage(PageFactory.java:131)
	at org.openqa.selenium.support.PageFactory.initElements(PageFactory.java:64)
	at com.Adactin.qa.Pages.LoginPage.<init>(LoginPage.java:38)
	at sun.reflect.GeneratedConstructorAccessor11.newInstance(Unknown Source)
	at sun.reflect.DelegatingConstructorAccessorImpl.newInstance(Unknown Source)
	at java.lang.reflect.Constructor.newInstance(Unknown Source)
	at java.lang.Class.newInstance(Unknown Source)
	at org.openqa.selenium.support.PageFactory.instantiatePage(PageFactory.java:131)
	at org.openqa.selenium.support.PageFactory.initElements(PageFactory.java:64)
	at com.Adactin.qa.Pages.LoginPage.<init>(LoginPage.java:38)
	at sun.reflect.GeneratedConstructorAccessor11.newInstance(Unknown Source)
	at sun.reflect.DelegatingConstructorAccessorImpl.newInstance(Unknown Source)
	at java.lang.reflect.Constructor.newInstance(Unknown Source)
	at java.lang.Class.newInstance(Unknown Source)
	at org.openqa.selenium.support.PageFactory.instantiatePage(PageFactory.java:131)
	at org.openqa.selenium.support.PageFactory.initElements(PageFactory.java:64)
	at com.Adactin.qa.Pages.LoginPage.<init>(LoginPage.java:38)
	at sun.reflect.GeneratedConstructorAccessor11.newInstance(Unknown Source)
	at sun.reflect.DelegatingConstructorAccessorImpl.newInstance(Unknown Source)
	at java.lang.reflect.Constructor.newInstance(Unknown Source)
	at java.lang.Class.newInstance(Unknown Source)
	at org.openqa.selenium.support.PageFactory.instantiatePage(PageFactory.java:131)
	at org.openqa.selenium.support.PageFactory.initElements(PageFactory.java:64)
	at com.Adactin.qa.Pages.LoginPage.<init>(LoginPage.java:38)
	at sun.reflect.GeneratedConstructorAccessor11.newInstance(Unknown Source)
	at sun.reflect.DelegatingConstructorAccessorImpl.newInstance(Unknown Source)
	at java.lang.reflect.Constructor.newInstance(Unknown Source)
	at java.lang.Class.newInstance(Unknown Source)
	at org.openqa.selenium.support.PageFactory.instantiatePage(PageFactory.java:131)
	at org.openqa.selenium.support.PageFactory.initElements(PageFactory.java:64)
	at com.Adactin.qa.Pages.LoginPage.<init>(LoginPage.java:38)
	at sun.reflect.GeneratedConstructorAccessor11.newInstance(Unknown Source)
	at sun.reflect.DelegatingConstructorAccessorImpl.newInstance(Unknown Source)
	at java.lang.reflect.Constructor.newInstance(Unknown Source)
	at java.lang.Class.newInstance(Unknown Source)
	at org.openqa.selenium.support.PageFactory.instantiatePage(PageFactory.java:131)
	at org.openqa.selenium.support.PageFactory.initElements(PageFactory.java:64)
	at com.Adactin.qa.Pages.LoginPage.<init>(LoginPage.java:38)
	at sun.reflect.GeneratedConstructorAccessor11.newInstance(Unknown Source)
	at sun.reflect.DelegatingConstructorAccessorImpl.newInstance(Unknown Source)
	at java.lang.reflect.Constructor.newInstance(Unknown Source)
	at java.lang.Class.newInstance(Unknown Source)
	at org.openqa.selenium.support.PageFactory.instantiatePage(PageFactory.java:131)
	at org.openqa.selenium.support.PageFactory.initElements(PageFactory.java:64)
	at com.Adactin.qa.Pages.LoginPage.<init>(LoginPage.java:38)
	at sun.reflect.GeneratedConstructorAccessor11.newInstance(Unknown Source)
	at sun.reflect.DelegatingConstructorAccessorImpl.newInstance(Unknown Source)
	at java.lang.reflect.Constructor.newInstance(Unknown Source)
	at java.lang.Class.newInstance(Unknown Source)
	at org.openqa.selenium.support.PageFactory.instantiatePage(PageFactory.java:131)
	at org.openqa.selenium.support.PageFactory.initElements(PageFactory.java:64)
	at com.Adactin.qa.Pages.LoginPage.<init>(LoginPage.java:38)
	at sun.reflect.GeneratedConstructorAccessor11.newInstance(Unknown Source)
	at sun.reflect.DelegatingConstructorAccessorImpl.newInstance(Unknown Source)
	at java.lang.reflect.Constructor.newInstance(Unknown Source)
	at java.lang.Class.newInstance(Unknown Source)
	at org.openqa.selenium.support.PageFactory.instantiatePage(PageFactory.java:131)
	at org.openqa.selenium.support.PageFactory.initElements(PageFactory.java:64)
	at com.Adactin.qa.Pages.LoginPage.<init>(LoginPage.java:38)
	at sun.reflect.GeneratedConstructorAccessor11.newInstance(Unknown Source)
	at sun.reflect.DelegatingConstructorAccessorImpl.newInstance(Unknown Source)
	at java.lang.reflect.Constructor.newInstance(Unknown Source)
	at java.lang.Class.newInstance(Unknown Source)
	at org.openqa.selenium.support.PageFactory.instantiatePage(PageFactory.java:131)
	at org.openqa.selenium.support.PageFactory.initElements(PageFactory.java:64)
	at com.Adactin.qa.Pages.LoginPage.<init>(LoginPage.java:38)
	at sun.reflect.GeneratedConstructorAccessor11.newInstance(Unknown Source)
	at sun.reflect.DelegatingConstructorAccessorImpl.newInstance(Unknown Source)
	at java.lang.reflect.Constructor.newInstance(Unknown Source)
	at java.lang.Class.newInstance(Unknown Source)
	at org.openqa.selenium.support.PageFactory.instantiatePage(PageFactory.java:131)
	at org.openqa.selenium.support.PageFactory.initElements(PageFactory.java:64)
	at com.Adactin.qa.Pages.LoginPage.<init>(LoginPage.java:38)
	at sun.reflect.GeneratedConstructorAccessor11.newInstance(Unknown Source)
	at sun.reflect.DelegatingConstructorAccessorImpl.newInstance(Unknown Source)
	at java.lang.reflect.Constructor.newInstance(Unknown Source)
	at java.lang.Class.newInstance(Unknown Source)
	at org.openqa.selenium.support.PageFactory.instantiatePage(PageFactory.java:131)
	at org.openqa.selenium.support.PageFactory.initElements(PageFactory.java:64)
	at com.Adactin.qa.Pages.LoginPage.<init>(LoginPage.java:38)
	at sun.reflect.GeneratedConstructorAccessor11.newInstance(Unknown Source)
	at sun.reflect.DelegatingConstructorAccessorImpl.newInstance(Unknown Source)
	at java.lang.reflect.Constructor.newInstance(Unknown Source)
	at java.lang.Class.newInstance(Unknown Source)
	at org.openqa.selenium.support.PageFactory.instantiatePage(PageFactory.java:131)
	at org.openqa.selenium.support.PageFactory.initElements(PageFactory.java:64)
	at com.Adactin.qa.Pages.LoginPage.<init>(LoginPage.java:38)
	at sun.reflect.GeneratedConstructorAccessor11.newInstance(Unknown Source)
	at sun.reflect.DelegatingConstructorAccessorImpl.newInstance(Unknown Source)
	at java.lang.reflect.Constructor.newInstance(Unknown Source)
	at java.lang.Class.newInstance(Unknown Source)
	at org.openqa.selenium.support.PageFactory.instantiatePage(PageFactory.java:131)
	at org.openqa.selenium.support.PageFactory.initElements(PageFactory.java:64)
	at com.Adactin.qa.Pages.LoginPage.<init>(LoginPage.java:38)
	at sun.reflect.GeneratedConstructorAccessor11.newInstance(Unknown Source)
	at sun.reflect.DelegatingConstructorAccessorImpl.newInstance(Unknown Source)
	at java.lang.reflect.Constructor.newInstance(Unknown Source)
	at java.lang.Class.newInstance(Unknown Source)
	at org.openqa.selenium.support.PageFactory.instantiatePage(PageFactory.java:131)
	at org.openqa.selenium.support.PageFactory.initElements(PageFactory.java:64)
	at com.Adactin.qa.Pages.LoginPage.<init>(LoginPage.java:38)
	at sun.reflect.GeneratedConstructorAccessor11.newInstance(Unknown Source)
	at sun.reflect.DelegatingConstructorAccessorImpl.newInstance(Unknown Source)
	at java.lang.reflect.Constructor.newInstance(Unknown Source)
	at java.lang.Class.newInstance(Unknown Source)
	at org.openqa.selenium.support.PageFactory.instantiatePage(PageFactory.java:131)
	at org.openqa.selenium.support.PageFactory.initElements(PageFactory.java:64)
	at com.Adactin.qa.Pages.LoginPage.<init>(LoginPage.java:38)
	at sun.reflect.GeneratedConstructorAccessor11.newInstance(Unknown Source)
	at sun.reflect.DelegatingConstructorAccessorImpl.newInstance(Unknown Source)
	at java.lang.reflect.Constructor.newInstance(Unknown Source)
	at java.lang.Class.newInstance(Unknown Source)
	at org.openqa.selenium.support.PageFactory.instantiatePage(PageFactory.java:131)
	at org.openqa.selenium.support.PageFactory.initElements(PageFactory.java:64)
	at com.Adactin.qa.Pages.LoginPage.<init>(LoginPage.java:38)
	at sun.reflect.GeneratedConstructorAccessor11.newInstance(Unknown Source)
	at sun.reflect.DelegatingConstructorAccessorImpl.newInstance(Unknown Source)
	at java.lang.reflect.Constructor.newInstance(Unknown Source)
	at java.lang.Class.newInstance(Unknown Source)
	at org.openqa.selenium.support.PageFactory.instantiatePage(PageFactory.java:131)
	at org.openqa.selenium.support.PageFactory.initElements(PageFactory.java:64)
	at com.Adactin.qa.Pages.LoginPage.<init>(LoginPage.java:38)
	at sun.reflect.GeneratedConstructorAccessor11.newInstance(Unknown Source)
	at sun.reflect.DelegatingConstructorAccessorImpl.newInstance(Unknown Source)
	at java.lang.reflect.Constructor.newInstance(Unknown Source)
	at java.lang.Class.newInstance(Unknown Source)
	at org.openqa.selenium.support.PageFactory.instantiatePage(PageFactory.java:131)
	at org.openqa.selenium.support.PageFactory.initElements(PageFactory.java:64)
	at com.Adactin.qa.Pages.LoginPage.<init>(LoginPage.java:38)
	at sun.reflect.GeneratedConstructorAccessor11.newInstance(Unknown Source)
	at sun.reflect.DelegatingConstructorAccessorImpl.newInstance(Unknown Source)
	at java.lang.reflect.Constructor.newInstance(Unknown Source)
	at java.lang.Class.newInstance(Unknown Source)
	at org.openqa.selenium.support.PageFactory.instantiatePage(PageFactory.java:131)
	at org.openqa.selenium.support.PageFactory.initElements(PageFactory.java:64)
	at com.Adactin.qa.Pages.LoginPage.<init>(LoginPage.java:38)
	at sun.reflect.GeneratedConstructorAccessor11.newInstance(Unknown Source)
	at sun.reflect.DelegatingConstructorAccessorImpl.newInstance(Unknown Source)
	at java.lang.reflect.Constructor.newInstance(Unknown Source)
	at java.lang.Class.newInstance(Unknown Source)
	at org.openqa.selenium.support.PageFactory.instantiatePage(PageFactory.java:131)
	at org.openqa.selenium.support.PageFactory.initElements(PageFactory.java:64)
	at com.Adactin.qa.Pages.LoginPage.<init>(LoginPage.java:38)
	at sun.reflect.GeneratedConstructorAccessor11.newInstance(Unknown Source)
	at sun.reflect.DelegatingConstructorAccessorImpl.newInstance(Unknown Source)
	at java.lang.reflect.Constructor.newInstance(Unknown Source)
	at java.lang.Class.newInstance(Unknown Source)
	at org.openqa.selenium.support.PageFactory.instantiatePage(PageFactory.java:131)
	at org.openqa.selenium.support.PageFactory.initElements(PageFactory.java:64)
	at com.Adactin.qa.Pages.LoginPage.<init>(LoginPage.java:38)
	at sun.reflect.GeneratedConstructorAccessor11.newInstance(Unknown Source)
	at sun.reflect.DelegatingConstructorAccessorImpl.newInstance(Unknown Source)
	at java.lang.reflect.Constructor.newInstance(Unknown Source)
	at java.lang.Class.newInstance(Unknown Source)
	at org.openqa.selenium.support.PageFactory.instantiatePage(PageFactory.java:131)
	at org.openqa.selenium.support.PageFactory.initElements(PageFactory.java:64)
	at com.Adactin.qa.Pages.LoginPage.<init>(LoginPage.java:38)
	at sun.reflect.GeneratedConstructorAccessor11.newInstance(Unknown Source)
	at sun.reflect.DelegatingConstructorAccessorImpl.newInstance(Unknown Source)
	at java.lang.reflect.Constructor.newInstance(Unknown Source)
	at java.lang.Class.newInstance(Unknown Source)
	at org.openqa.selenium.support.PageFactory.instantiatePage(PageFactory.java:131)
	at org.openqa.selenium.support.PageFactory.initElements(PageFactory.java:64)
	at com.Adactin.qa.Pages.LoginPage.<init>(LoginPage.java:38)
	at sun.reflect.GeneratedConstructorAccessor11.newInstance(Unknown Source)
	at sun.reflect.DelegatingConstructorAccessorImpl.newInstance(Unknown Source)
	at java.lang.reflect.Constructor.newInstance(Unknown Source)
	at java.lang.Class.newInstance(Unknown Source)
	at org.openqa.selenium.support.PageFactory.instantiatePage(PageFactory.java:131)
	at org.openqa.selenium.support.PageFactory.initElements(PageFactory.java:64)
	at com.Adactin.qa.Pages.LoginPage.<init>(LoginPage.java:38)
	at sun.reflect.GeneratedConstructorAccessor11.newInstance(Unknown Source)
	at sun.reflect.DelegatingConstructorAccessorImpl.newInstance(Unknown Source)
	at java.lang.reflect.Constructor.newInstance(Unknown Source)
	at java.lang.Class.newInstance(Unknown Source)
	at org.openqa.selenium.support.PageFactory.instantiatePage(PageFactory.java:131)
	at org.openqa.selenium.support.PageFactory.initElements(PageFactory.java:64)
	at com.Adactin.qa.Pages.LoginPage.<init>(LoginPage.java:38)
	at sun.reflect.GeneratedConstructorAccessor11.newInstance(Unknown Source)
	at sun.reflect.DelegatingConstructorAccessorImpl.newInstance(Unknown Source)
	at java.lang.reflect.Constructor.newInstance(Unknown Source)
	at java.lang.Class.newInstance(Unknown Source)
	at org.openqa.selenium.support.PageFactory.instantiatePage(PageFactory.java:131)
	at org.openqa.selenium.support.PageFactory.initElements(PageFactory.java:64)
	at com.Adactin.qa.Pages.LoginPage.<init>(LoginPage.java:38)
	at sun.reflect.GeneratedConstructorAccessor11.newInstance(Unknown Source)
	at sun.reflect.DelegatingConstructorAccessorImpl.newInstance(Unknown Source)
	at java.lang.reflect.Constructor.newInstance(Unknown Source)
	at java.lang.Class.newInstance(Unknown Source)
	at org.openqa.selenium.support.PageFactory.instantiatePage(PageFactory.java:131)
	at org.openqa.selenium.support.PageFactory.initElements(PageFactory.java:64)
	at com.Adactin.qa.Pages.LoginPage.<init>(LoginPage.java:38)
	at sun.reflect.GeneratedConstructorAccessor11.newInstance(Unknown Source)
	at sun.reflect.DelegatingConstructorAccessorImpl.newInstance(Unknown Source)
	at java.lang.reflect.Constructor.newInstance(Unknown Source)
	at java.lang.Class.newInstance(Unknown Source)
	at org.openqa.selenium.support.PageFactory.instantiatePage(PageFactory.java:131)
	at org.openqa.selenium.support.PageFactory.initElements(PageFactory.java:64)
	at com.Adactin.qa.Pages.LoginPage.<init>(LoginPage.java:38)
	at sun.reflect.GeneratedConstructorAccessor11.newInstance(Unknown Source)
	at sun.reflect.DelegatingConstructorAccessorImpl.newInstance(Unknown Source)
	at java.lang.reflect.Constructor.newInstance(Unknown Source)
	at java.lang.Class.newInstance(Unknown Source)
	at org.openqa.selenium.support.PageFactory.instantiatePage(PageFactory.java:131)
	at org.openqa.selenium.support.PageFactory.initElements(PageFactory.java:64)
	at com.Adactin.qa.Pages.LoginPage.<init>(LoginPage.java:38)
	at sun.reflect.GeneratedConstructorAccessor11.newInstance(Unknown Source)
	at sun.reflect.DelegatingConstructorAccessorImpl.newInstance(Unknown Source)
	at java.lang.reflect.Constructor.newInstance(Unknown Source)
	at java.lang.Class.newInstance(Unknown Source)
	at org.openqa.selenium.support.PageFactory.instantiatePage(PageFactory.java:131)
	at org.openqa.selenium.support.PageFactory.initElements(PageFactory.java:64)
	at com.Adactin.qa.Pages.LoginPage.<init>(LoginPage.java:38)
	at sun.reflect.GeneratedConstructorAccessor11.newInstance(Unknown Source)
	at sun.reflect.DelegatingConstructorAccessorImpl.newInstance(Unknown Source)
	at java.lang.reflect.Constructor.newInstance(Unknown Source)
	at java.lang.Class.newInstance(Unknown Source)
	at org.openqa.selenium.support.PageFactory.instantiatePage(PageFactory.java:131)
	at org.openqa.selenium.support.PageFactory.initElements(PageFactory.java:64)
	at com.Adactin.qa.Pages.LoginPage.<init>(LoginPage.java:38)
	at sun.reflect.GeneratedConstructorAccessor11.newInstance(Unknown Source)
	at sun.reflect.DelegatingConstructorAccessorImpl.newInstance(Unknown Source)
	at java.lang.reflect.Constructor.newInstance(Unknown Source)
	at java.lang.Class.newInstance(Unknown Source)
	at org.openqa.selenium.support.PageFactory.instantiatePage(PageFactory.java:131)
	at org.openqa.selenium.support.PageFactory.initElements(PageFactory.java:64)
	at com.Adactin.qa.Pages.LoginPage.<init>(LoginPage.java:38)
	at sun.reflect.GeneratedConstructorAccessor11.newInstance(Unknown Source)
	at sun.reflect.DelegatingConstructorAccessorImpl.newInstance(Unknown Source)
	at java.lang.reflect.Constructor.newInstance(Unknown Source)
	at java.lang.Class.newInstance(Unknown Source)
	at org.openqa.selenium.support.PageFactory.instantiatePage(PageFactory.java:131)
	at org.openqa.selenium.support.PageFactory.initElements(PageFactory.java:64)
	at com.Adactin.qa.Pages.LoginPage.<init>(LoginPage.java:38)
	at sun.reflect.GeneratedConstructorAccessor11.newInstance(Unknown Source)
	at sun.reflect.DelegatingConstructorAccessorImpl.newInstance(Unknown Source)
	at java.lang.reflect.Constructor.newInstance(Unknown Source)
	at java.lang.Class.newInstance(Unknown Source)
	at org.openqa.selenium.support.PageFactory.instantiatePage(PageFactory.java:131)
	at org.openqa.selenium.support.PageFactory.initElements(PageFactory.java:64)
	at com.Adactin.qa.Pages.LoginPage.<init>(LoginPage.java:38)
	at sun.reflect.GeneratedConstructorAccessor11.newInstance(Unknown Source)
	at sun.reflect.DelegatingConstructorAccessorImpl.newInstance(Unknown Source)
	at java.lang.reflect.Constructor.newInstance(Unknown Source)
	at java.lang.Class.newInstance(Unknown Source)
	at org.openqa.selenium.support.PageFactory.instantiatePage(PageFactory.java:131)
	at org.openqa.selenium.support.PageFactory.initElements(PageFactory.java:64)
	at com.Adactin.qa.Pages.LoginPage.<init>(LoginPage.java:38)
	at sun.reflect.GeneratedConstructorAccessor11.newInstance(Unknown Source)
	at sun.reflect.DelegatingConstructorAccessorImpl.newInstance(Unknown Source)
	at java.lang.reflect.Constructor.newInstance(Unknown Source)
	at java.lang.Class.newInstance(Unknown Source)
	at org.openqa.selenium.support.PageFactory.instantiatePage(PageFactory.java:131)
	at org.openqa.selenium.support.PageFactory.initElements(PageFactory.java:64)
	at com.Adactin.qa.Pages.LoginPage.<init>(LoginPage.java:38)
	at sun.reflect.GeneratedConstructorAccessor11.newInstance(Unknown Source)
	at sun.reflect.DelegatingConstructorAccessorImpl.newInstance(Unknown Source)
	at java.lang.reflect.Constructor.newInstance(Unknown Source)
	at java.lang.Class.newInstance(Unknown Source)
	at org.openqa.selenium.support.PageFactory.instantiatePage(PageFactory.java:131)
	at org.openqa.selenium.support.PageFactory.initElements(PageFactory.java:64)
	at com.Adactin.qa.Pages.LoginPage.<init>(LoginPage.java:38)
	at sun.reflect.GeneratedConstructorAccessor11.newInstance(Unknown Source)
	at sun.reflect.DelegatingConstructorAccessorImpl.newInstance(Unknown Source)
	at java.lang.reflect.Constructor.newInstance(Unknown Source)
	at java.lang.Class.newInstance(Unknown Source)
	at org.openqa.selenium.support.PageFactory.instantiatePage(PageFactory.java:131)
	at org.openqa.selenium.support.PageFactory.initElements(PageFactory.java:64)
	at com.Adactin.qa.Pages.LoginPage.<init>(LoginPage.java:38)
	at sun.reflect.GeneratedConstructorAccessor11.newInstance(Unknown Source)
	at sun.reflect.DelegatingConstructorAccessorImpl.newInstance(Unknown Source)
	at java.lang.reflect.Constructor.newInstance(Unknown Source)
	at java.lang.Class.newInstance(Unknown Source)
	at org.openqa.selenium.support.PageFactory.instantiatePage(PageFactory.java:131)
	at org.openqa.selenium.support.PageFactory.initElements(PageFactory.java:64)
	at com.Adactin.qa.Pages.LoginPage.<init>(LoginPage.java:38)
	at sun.reflect.GeneratedConstructorAccessor11.newInstance(Unknown Source)
	at sun.reflect.DelegatingConstructorAccessorImpl.newInstance(Unknown Source)
	at java.lang.reflect.Constructor.newInstance(Unknown Source)
	at java.lang.Class.newInstance(Unknown Source)
	at org.openqa.selenium.support.PageFactory.instantiatePage(PageFactory.java:131)
	at org.openqa.selenium.support.PageFactory.initElements(PageFactory.java:64)
	at com.Adactin.qa.Pages.LoginPage.<init>(LoginPage.java:38)
	at sun.reflect.GeneratedConstructorAccessor11.newInstance(Unknown Source)
	at sun.reflect.DelegatingConstructorAccessorImpl.newInstance(Unknown Source)
	at java.lang.reflect.Constructor.newInstance(Unknown Source)
	at java.lang.Class.newInstance(Unknown Source)
	at org.openqa.selenium.support.PageFactory.instantiatePage(PageFactory.java:131)
	at org.openqa.selenium.support.PageFactory.initElements(PageFactory.java:64)
	at com.Adactin.qa.Pages.LoginPage.<init>(LoginPage.java:38)
	at sun.reflect.GeneratedConstructorAccessor11.newInstance(Unknown Source)
	at sun.reflect.DelegatingConstructorAccessorImpl.newInstance(Unknown Source)
	at java.lang.reflect.Constructor.newInstance(Unknown Source)
	at java.lang.Class.newInstance(Unknown Source)
	at org.openqa.selenium.support.PageFactory.instantiatePage(PageFactory.java:131)
	at org.openqa.selenium.support.PageFactory.initElements(PageFactory.java:64)
	at com.Adactin.qa.Pages.LoginPage.<init>(LoginPage.java:38)
	at sun.reflect.GeneratedConstructorAccessor11.newInstance(Unknown Source)
	at sun.reflect.DelegatingConstructorAccessorImpl.newInstance(Unknown Source)
	at java.lang.reflect.Constructor.newInstance(Unknown Source)
	at java.lang.Class.newInstance(Unknown Source)
	at org.openqa.selenium.support.PageFactory.instantiatePage(PageFactory.java:131)
	at org.openqa.selenium.support.PageFactory.initElements(PageFactory.java:64)
	at com.Adactin.qa.Pages.LoginPage.<init>(LoginPage.java:38)
	at sun.reflect.GeneratedConstructorAccessor11.newInstance(Unknown Source)
	at sun.reflect.DelegatingConstructorAccessorImpl.newInstance(Unknown Source)
	at java.lang.reflect.Constructor.newInstance(Unknown Source)
	at java.lang.Class.newInstance(Unknown Source)
	at org.openqa.selenium.support.PageFactory.instantiatePage(PageFactory.java:131)
	at org.openqa.selenium.support.PageFactory.initElements(PageFactory.java:64)
	at com.Adactin.qa.Pages.LoginPage.<init>(LoginPage.java:38)
	at sun.reflect.GeneratedConstructorAccessor11.newInstance(Unknown Source)
	at sun.reflect.DelegatingConstructorAccessorImpl.newInstance(Unknown Source)
	at java.lang.reflect.Constructor.newInstance(Unknown Source)
	at java.lang.Class.newInstance(Unknown Source)
	at org.openqa.selenium.support.PageFactory.instantiatePage(PageFactory.java:131)
	at org.openqa.selenium.support.PageFactory.initElements(PageFactory.java:64)
	at com.Adactin.qa.Pages.LoginPage.<init>(LoginPage.java:38)
	at sun.reflect.GeneratedConstructorAccessor11.newInstance(Unknown Source)
	at sun.reflect.DelegatingConstructorAccessorImpl.newInstance(Unknown Source)
	at java.lang.reflect.Constructor.newInstance(Unknown Source)
	at java.lang.Class.newInstance(Unknown Source)
	at org.openqa.selenium.support.PageFactory.instantiatePage(PageFactory.java:131)
	at org.openqa.selenium.support.PageFactory.initElements(PageFactory.java:64)
	at com.Adactin.qa.Pages.LoginPage.<init>(LoginPage.java:38)
	at sun.reflect.GeneratedConstructorAccessor11.newInstance(Unknown Source)
	at sun.reflect.DelegatingConstructorAccessorImpl.newInstance(Unknown Source)
	at java.lang.reflect.Constructor.newInstance(Unknown Source)
	at java.lang.Class.newInstance(Unknown Source)
	at org.openqa.selenium.support.PageFactory.instantiatePage(PageFactory.java:131)
	at org.openqa.selenium.support.PageFactory.initElements(PageFactory.java:64)
	at com.Adactin.qa.Pages.LoginPage.<init>(LoginPage.java:38)
	at sun.reflect.GeneratedConstructorAccessor11.newInstance(Unknown Source)
	at sun.reflect.DelegatingConstructorAccessorImpl.newInstance(Unknown Source)
	at java.lang.reflect.Constructor.newInstance(Unknown Source)
	at java.lang.Class.newInstance(Unknown Source)
	at org.openqa.selenium.support.PageFactory.instantiatePage(PageFactory.java:131)
	at org.openqa.selenium.support.PageFactory.initElements(PageFactory.java:64)
	at com.Adactin.qa.Pages.LoginPage.<init>(LoginPage.java:38)
	at sun.reflect.GeneratedConstructorAccessor11.newInstance(Unknown Source)
	at sun.reflect.DelegatingConstructorAccessorImpl.newInstance(Unknown Source)
	at java.lang.reflect.Constructor.newInstance(Unknown Source)
	at java.lang.Class.newInstance(Unknown Source)
	at org.openqa.selenium.support.PageFactory.instantiatePage(PageFactory.java:131)
	at org.openqa.selenium.support.PageFactory.initElements(PageFactory.java:64)
	at com.Adactin.qa.Pages.LoginPage.<init>(LoginPage.java:38)
	at sun.reflect.GeneratedConstructorAccessor11.newInstance(Unknown Source)
	at sun.reflect.DelegatingConstructorAccessorImpl.newInstance(Unknown Source)
	at java.lang.reflect.Constructor.newInstance(Unknown Source)
	at java.lang.Class.newInstance(Unknown Source)
	at org.openqa.selenium.support.PageFactory.instantiatePage(PageFactory.java:131)
	at org.openqa.selenium.support.PageFactory.initElements(PageFactory.java:64)
	at com.Adactin.qa.Pages.LoginPage.<init>(LoginPage.java:38)
	at sun.reflect.GeneratedConstructorAccessor11.newInstance(Unknown Source)
	at sun.reflect.DelegatingConstructorAccessorImpl.newInstance(Unknown Source)
	at java.lang.reflect.Constructor.newInstance(Unknown Source)
	at java.lang.Class.newInstance(Unknown Source)
	at org.openqa.selenium.support.PageFactory.instantiatePage(PageFactory.java:131)
	at org.openqa.selenium.support.PageFactory.initElements(PageFactory.java:64)
	at com.Adactin.qa.Pages.LoginPage.<init>(LoginPage.java:38)
	at sun.reflect.GeneratedConstructorAccessor11.newInstance(Unknown Source)
	at sun.reflect.DelegatingConstructorAccessorImpl.newInstance(Unknown Source)
	at java.lang.reflect.Constructor.newInstance(Unknown Source)
	at java.lang.Class.newInstance(Unknown Source)
	at org.openqa.selenium.support.PageFactory.instantiatePage(PageFactory.java:131)
	at org.openqa.selenium.support.PageFactory.initElements(PageFactory.java:64)
	at com.Adactin.qa.Pages.LoginPage.<init>(LoginPage.java:38)
	at sun.reflect.GeneratedConstructorAccessor11.newInstance(Unknown Source)
	at sun.reflect.DelegatingConstructorAccessorImpl.newInstance(Unknown Source)
	at java.lang.reflect.Constructor.newInstance(Unknown Source)
	at java.lang.Class.newInstance(Unknown Source)
	at org.openqa.selenium.support.PageFactory.instantiatePage(PageFactory.java:131)
	at org.openqa.selenium.support.PageFactory.initElements(PageFactory.java:64)
	at com.Adactin.qa.Pages.LoginPage.<init>(LoginPage.java:38)
	at sun.reflect.GeneratedConstructorAccessor11.newInstance(Unknown Source)
	at sun.reflect.DelegatingConstructorAccessorImpl.newInstance(Unknown Source)
	at java.lang.reflect.Constructor.newInstance(Unknown Source)
	at java.lang.Class.newInstance(Unknown Source)
	at org.openqa.selenium.support.PageFactory.instantiatePage(PageFactory.java:131)
	at org.openqa.selenium.support.PageFactory.initElements(PageFactory.java:64)
	at com.Adactin.qa.Pages.LoginPage.<init>(LoginPage.java:38)
	at sun.reflect.GeneratedConstructorAccessor11.newInstance(Unknown Source)
	at sun.reflect.DelegatingConstructorAccessorImpl.newInstance(Unknown Source)
	at java.lang.reflect.Constructor.newInstance(Unknown Source)
	at java.lang.Class.newInstance(Unknown Source)
	at org.openqa.selenium.support.PageFactory.instantiatePage(PageFactory.java:131)
	at org.openqa.selenium.support.PageFactory.initElements(PageFactory.java:64)
	at com.Adactin.qa.Pages.LoginPage.<init>(LoginPage.java:38)
	at sun.reflect.GeneratedConstructorAccessor11.newInstance(Unknown Source)
	at sun.reflect.DelegatingConstructorAccessorImpl.newInstance(Unknown Source)
	at java.lang.reflect.Constructor.newInstance(Unknown Source)
	at java.lang.Class.newInstance(Unknown Source)
	at org.openqa.selenium.support.PageFactory.instantiatePage(PageFactory.java:131)
	at org.openqa.selenium.support.PageFactory.initElements(PageFactory.java:64)
	at com.Adactin.qa.Pages.LoginPage.<init>(LoginPage.java:38)
	at sun.reflect.GeneratedConstructorAccessor11.newInstance(Unknown Source)
	at sun.reflect.DelegatingConstructorAccessorImpl.newInstance(Unknown Source)
	at java.lang.reflect.Constructor.newInstance(Unknown Source)
	at java.lang.Class.newInstance(Unknown Source)
	at org.openqa.selenium.support.PageFactory.instantiatePage(PageFactory.java:131)
	at org.openqa.selenium.support.PageFactory.initElements(PageFactory.java:64)
	at com.Adactin.qa.Pages.LoginPage.<init>(LoginPage.java:38)
	at sun.reflect.GeneratedConstructorAccessor11.newInstance(Unknown Source)
	at sun.reflect.DelegatingConstructorAccessorImpl.newInstance(Unknown Source)
	at java.lang.reflect.Constructor.newInstance(Unknown Source)
	at java.lang.Class.newInstance(Unknown Source)
	at org.openqa.selenium.support.PageFactory.instantiatePage(PageFactory.java:131)
	at org.openqa.selenium.support.PageFactory.initElements(PageFactory.java:64)
	at com.Adactin.qa.Pages.LoginPage.<init>(LoginPage.java:38)
	at sun.reflect.GeneratedConstructorAccessor11.newInstance(Unknown Source)
	at sun.reflect.DelegatingConstructorAccessorImpl.newInstance(Unknown Source)
	at java.lang.reflect.Constructor.newInstance(Unknown Source)
	at java.lang.Class.newInstance(Unknown Source)
	at org.openqa.selenium.support.PageFactory.instantiatePage(PageFactory.java:131)
	at org.openqa.selenium.support.PageFactory.initElements(PageFactory.java:64)
	at com.Adactin.qa.Pages.LoginPage.<init>(LoginPage.java:38)
	at sun.reflect.GeneratedConstructorAccessor11.newInstance(Unknown Source)
	at sun.reflect.DelegatingConstructorAccessorImpl.newInstance(Unknown Source)
	at java.lang.reflect.Constructor.newInstance(Unknown Source)
	at java.lang.Class.newInstance(Unknown Source)
	at org.openqa.selenium.support.PageFactory.instantiatePage(PageFactory.java:131)
	at org.openqa.selenium.support.PageFactory.initElements(PageFactory.java:64)
	at com.Adactin.qa.Pages.LoginPage.<init>(LoginPage.java:38)
	at sun.reflect.GeneratedConstructorAccessor11.newInstance(Unknown Source)
	at sun.reflect.DelegatingConstructorAccessorImpl.newInstance(Unknown Source)
	at java.lang.reflect.Constructor.newInstance(Unknown Source)
	at java.lang.Class.newInstance(Unknown Source)
	at org.openqa.selenium.support.PageFactory.instantiatePage(PageFactory.java:131)
	at org.openqa.selenium.support.PageFactory.initElements(PageFactory.java:64)
	at com.Adactin.qa.Pages.LoginPage.<init>(LoginPage.java:38)
	at sun.reflect.GeneratedConstructorAccessor11.newInstance(Unknown Source)
	at sun.reflect.DelegatingConstructorAccessorImpl.newInstance(Unknown Source)
	at java.lang.reflect.Constructor.newInstance(Unknown Source)
	at java.lang.Class.newInstance(Unknown Source)
	at org.openqa.selenium.support.PageFactory.instantiatePage(PageFactory.java:131)
	at org.openqa.selenium.support.PageFactory.initElements(PageFactory.java:64)
	at com.Adactin.qa.Pages.LoginPage.<init>(LoginPage.java:38)
	at sun.reflect.GeneratedConstructorAccessor11.newInstance(Unknown Source)
	at sun.reflect.DelegatingConstructorAccessorImpl.newInstance(Unknown Source)
	at java.lang.reflect.Constructor.newInstance(Unknown Source)
	at java.lang.Class.newInstance(Unknown Source)
	at org.openqa.selenium.support.PageFactory.instantiatePage(PageFactory.java:131)
	at org.openqa.selenium.support.PageFactory.initElements(PageFactory.java:64)
	at com.Adactin.qa.Pages.LoginPage.<init>(LoginPage.java:38)
	at sun.reflect.GeneratedConstructorAccessor11.newInstance(Unknown Source)
	at sun.reflect.DelegatingConstructorAccessorImpl.newInstance(Unknown Source)
	at java.lang.reflect.Constructor.newInstance(Unknown Source)
	at java.lang.Class.newInstance(Unknown Source)
	at org.openqa.selenium.support.PageFactory.instantiatePage(PageFactory.java:131)
	at org.openqa.selenium.support.PageFactory.initElements(PageFactory.java:64)
	at com.Adactin.qa.Pages.LoginPage.<init>(LoginPage.java:38)
	at sun.reflect.GeneratedConstructorAccessor11.newInstance(Unknown Source)
	at sun.reflect.DelegatingConstructorAccessorImpl.newInstance(Unknown Source)
	at java.lang.reflect.Constructor.newInstance(Unknown Source)
	at java.lang.Class.newInstance(Unknown Source)
	at org.openqa.selenium.support.PageFactory.instantiatePage(PageFactory.java:131)
	at org.openqa.selenium.support.PageFactory.initElements(PageFactory.java:64)
	at com.Adactin.qa.Pages.LoginPage.<init>(LoginPage.java:38)
	at sun.reflect.GeneratedConstructorAccessor11.newInstance(Unknown Source)
	at sun.reflect.DelegatingConstructorAccessorImpl.newInstance(Unknown Source)
	at java.lang.reflect.Constructor.newInstance(Unknown Source)
	at java.lang.Class.newInstance(Unknown Source)
	at org.openqa.selenium.support.PageFactory.instantiatePage(PageFactory.java:131)
	at org.openqa.selenium.support.PageFactory.initElements(PageFactory.java:64)
	at com.Adactin.qa.Pages.LoginPage.<init>(LoginPage.java:38)
	at sun.reflect.GeneratedConstructorAccessor11.newInstance(Unknown Source)
	at sun.reflect.DelegatingConstructorAccessorImpl.newInstance(Unknown Source)
	at java.lang.reflect.Constructor.newInstance(Unknown Source)
	at java.lang.Class.newInstance(Unknown Source)
	at org.openqa.selenium.support.PageFactory.instantiatePage(PageFactory.java:131)
	at org.openqa.selenium.support.PageFactory.initElements(PageFactory.java:64)
	at com.Adactin.qa.Pages.LoginPage.<init>(LoginPage.java:38)
	at sun.reflect.GeneratedConstructorAccessor11.newInstance(Unknown Source)
	at sun.reflect.DelegatingConstructorAccessorImpl.newInstance(Unknown Source)
	at java.lang.reflect.Constructor.newInstance(Unknown Source)
	at java.lang.Class.newInstance(Unknown Source)
	at org.openqa.selenium.support.PageFactory.instantiatePage(PageFactory.java:131)
	at org.openqa.selenium.support.PageFactory.initElements(PageFactory.java:64)
	at com.Adactin.qa.Pages.LoginPage.<init>(LoginPage.java:38)
	at sun.reflect.GeneratedConstructorAccessor11.newInstance(Unknown Source)
	at sun.reflect.DelegatingConstructorAccessorImpl.newInstance(Unknown Source)
	at java.lang.reflect.Constructor.newInstance(Unknown Source)
	at java.lang.Class.newInstance(Unknown Source)
	at org.openqa.selenium.support.PageFactory.instantiatePage(PageFactory.java:131)
	at org.openqa.selenium.support.PageFactory.initElements(PageFactory.java:64)
	at com.Adactin.qa.Pages.LoginPage.<init>(LoginPage.java:38)
	at sun.reflect.GeneratedConstructorAccessor11.newInstance(Unknown Source)
	at sun.reflect.DelegatingConstructorAccessorImpl.newInstance(Unknown Source)
	at java.lang.reflect.Constructor.newInstance(Unknown Source)
	at java.lang.Class.newInstance(Unknown Source)
	at org.openqa.selenium.support.PageFactory.instantiatePage(PageFactory.java:131)
	at org.openqa.selenium.support.PageFactory.initElements(PageFactory.java:64)
	at com.Adactin.qa.Pages.LoginPage.<init>(LoginPage.java:38)
	at sun.reflect.GeneratedConstructorAccessor11.newInstance(Unknown Source)
	at sun.reflect.DelegatingConstructorAccessorImpl.newInstance(Unknown Source)
	at java.lang.reflect.Constructor.newInstance(Unknown Source)
	at java.lang.Class.newInstance(Unknown Source)
	at org.openqa.selenium.support.PageFactory.instantiatePage(PageFactory.java:131)
	at org.openqa.selenium.support.PageFactory.initElements(PageFactory.java:64)
	at com.Adactin.qa.Pages.LoginPage.<init>(LoginPage.java:38)
	at sun.reflect.GeneratedConstructorAccessor11.newInstance(Unknown Source)
	at sun.reflect.DelegatingConstructorAccessorImpl.newInstance(Unknown Source)
	at java.lang.reflect.Constructor.newInstance(Unknown Source)
	at java.lang.Class.newInstance(Unknown Source)
	at org.openqa.selenium.support.PageFactory.instantiatePage(PageFactory.java:131)
	at org.openqa.selenium.support.PageFactory.initElements(PageFactory.java:64)
	at com.Adactin.qa.Pages.LoginPage.<init>(LoginPage.java:38)
	at sun.reflect.GeneratedConstructorAccessor11.newInstance(Unknown Source)
	at sun.reflect.DelegatingConstructorAccessorImpl.newInstance(Unknown Source)
	at java.lang.reflect.Constructor.newInstance(Unknown Source)
	at java.lang.Class.newInstance(Unknown Source)
	at org.openqa.selenium.support.PageFactory.instantiatePage(PageFactory.java:131)
	at org.openqa.selenium.support.PageFactory.initElements(PageFactory.java:64)
	at com.Adactin.qa.Pages.LoginPage.<init>(LoginPage.java:38)
	at sun.reflect.GeneratedConstructorAccessor11.newInstance(Unknown Source)
	at sun.reflect.DelegatingConstructorAccessorImpl.newInstance(Unknown Source)
	at java.lang.reflect.Constructor.newInstance(Unknown Source)
	at java.lang.Class.newInstance(Unknown Source)
	at org.openqa.selenium.support.PageFactory.instantiatePage(PageFactory.java:131)
	at org.openqa.selenium.support.PageFactory.initElements(PageFactory.java:64)
	at com.Adactin.qa.Pages.LoginPage.<init>(LoginPage.java:38)
	at sun.reflect.GeneratedConstructorAccessor11.newInstance(Unknown Source)
	at sun.reflect.DelegatingConstructorAccessorImpl.newInstance(Unknown Source)
	at java.lang.reflect.Constructor.newInstance(Unknown Source)
	at java.lang.Class.newInstance(Unknown Source)
	at org.openqa.selenium.support.PageFactory.instantiatePage(PageFactory.java:131)
	at org.openqa.selenium.support.PageFactory.initElements(PageFactory.java:64)
	at com.Adactin.qa.Pages.LoginPage.<init>(LoginPage.java:38)
	at sun.reflect.GeneratedConstructorAccessor11.newInstance(Unknown Source)
	at sun.reflect.DelegatingConstructorAccessorImpl.newInstance(Unknown Source)
	at java.lang.reflect.Constructor.newInstance(Unknown Source)
	at java.lang.Class.newInstance(Unknown Source)
]]>
    </failure>
  </testcase> <!-- LoginTest -->
  <testcase name="varifylogo" time="0.003" classname="com.Adactin.qa.TestCases.LoginPageTest">
    <failure type="java.lang.StackOverflowError">
      <![CDATA[java.lang.StackOverflowError
	at java.io.InputStream.<init>(Unknown Source)
	at java.io.FileInputStream.<init>(Unknown Source)
	at java.io.FileInputStream.<init>(Unknown Source)
	at com.Adactin.qa.Base.TestBase.<init>(TestBase.java:26)
	at com.Adactin.qa.Pages.LoginPage.<init>(LoginPage.java:35)
	at sun.reflect.GeneratedConstructorAccessor11.newInstance(Unknown Source)
	at sun.reflect.DelegatingConstructorAccessorImpl.newInstance(Unknown Source)
	at java.lang.reflect.Constructor.newInstance(Unknown Source)
	at java.lang.Class.newInstance(Unknown Source)
	at org.openqa.selenium.support.PageFactory.instantiatePage(PageFactory.java:131)
	at org.openqa.selenium.support.PageFactory.initElements(PageFactory.java:64)
	at com.Adactin.qa.Pages.LoginPage.<init>(LoginPage.java:38)
	at sun.reflect.GeneratedConstructorAccessor11.newInstance(Unknown Source)
	at sun.reflect.DelegatingConstructorAccessorImpl.newInstance(Unknown Source)
	at java.lang.reflect.Constructor.newInstance(Unknown Source)
	at java.lang.Class.newInstance(Unknown Source)
	at org.openqa.selenium.support.PageFactory.instantiatePage(PageFactory.java:131)
	at org.openqa.selenium.support.PageFactory.initElements(PageFactory.java:64)
	at com.Adactin.qa.Pages.LoginPage.<init>(LoginPage.java:38)
	at sun.reflect.GeneratedConstructorAccessor11.newInstance(Unknown Source)
	at sun.reflect.DelegatingConstructorAccessorImpl.newInstance(Unknown Source)
	at java.lang.reflect.Constructor.newInstance(Unknown Source)
	at java.lang.Class.newInstance(Unknown Source)
	at org.openqa.selenium.support.PageFactory.instantiatePage(PageFactory.java:131)
	at org.openqa.selenium.support.PageFactory.initElements(PageFactory.java:64)
	at com.Adactin.qa.Pages.LoginPage.<init>(LoginPage.java:38)
	at sun.reflect.GeneratedConstructorAccessor11.newInstance(Unknown Source)
	at sun.reflect.DelegatingConstructorAccessorImpl.newInstance(Unknown Source)
	at java.lang.reflect.Constructor.newInstance(Unknown Source)
	at java.lang.Class.newInstance(Unknown Source)
	at org.openqa.selenium.support.PageFactory.instantiatePage(PageFactory.java:131)
	at org.openqa.selenium.support.PageFactory.initElements(PageFactory.java:64)
	at com.Adactin.qa.Pages.LoginPage.<init>(LoginPage.java:38)
	at sun.reflect.GeneratedConstructorAccessor11.newInstance(Unknown Source)
	at sun.reflect.DelegatingConstructorAccessorImpl.newInstance(Unknown Source)
	at java.lang.reflect.Constructor.newInstance(Unknown Source)
	at java.lang.Class.newInstance(Unknown Source)
	at org.openqa.selenium.support.PageFactory.instantiatePage(PageFactory.java:131)
	at org.openqa.selenium.support.PageFactory.initElements(PageFactory.java:64)
	at com.Adactin.qa.Pages.LoginPage.<init>(LoginPage.java:38)
	at sun.reflect.GeneratedConstructorAccessor11.newInstance(Unknown Source)
	at sun.reflect.DelegatingConstructorAccessorImpl.newInstance(Unknown Source)
	at java.lang.reflect.Constructor.newInstance(Unknown Source)
	at java.lang.Class.newInstance(Unknown Source)
	at org.openqa.selenium.support.PageFactory.instantiatePage(PageFactory.java:131)
	at org.openqa.selenium.support.PageFactory.initElements(PageFactory.java:64)
	at com.Adactin.qa.Pages.LoginPage.<init>(LoginPage.java:38)
	at sun.reflect.GeneratedConstructorAccessor11.newInstance(Unknown Source)
	at sun.reflect.DelegatingConstructorAccessorImpl.newInstance(Unknown Source)
	at java.lang.reflect.Constructor.newInstance(Unknown Source)
	at java.lang.Class.newInstance(Unknown Source)
	at org.openqa.selenium.support.PageFactory.instantiatePage(PageFactory.java:131)
	at org.openqa.selenium.support.PageFactory.initElements(PageFactory.java:64)
	at com.Adactin.qa.Pages.LoginPage.<init>(LoginPage.java:38)
	at sun.reflect.GeneratedConstructorAccessor11.newInstance(Unknown Source)
	at sun.reflect.DelegatingConstructorAccessorImpl.newInstance(Unknown Source)
	at java.lang.reflect.Constructor.newInstance(Unknown Source)
	at java.lang.Class.newInstance(Unknown Source)
	at org.openqa.selenium.support.PageFactory.instantiatePage(PageFactory.java:131)
	at org.openqa.selenium.support.PageFactory.initElements(PageFactory.java:64)
	at com.Adactin.qa.Pages.LoginPage.<init>(LoginPage.java:38)
	at sun.reflect.GeneratedConstructorAccessor11.newInstance(Unknown Source)
	at sun.reflect.DelegatingConstructorAccessorImpl.newInstance(Unknown Source)
	at java.lang.reflect.Constructor.newInstance(Unknown Source)
	at java.lang.Class.newInstance(Unknown Source)
	at org.openqa.selenium.support.PageFactory.instantiatePage(PageFactory.java:131)
	at org.openqa.selenium.support.PageFactory.initElements(PageFactory.java:64)
	at com.Adactin.qa.Pages.LoginPage.<init>(LoginPage.java:38)
	at sun.reflect.GeneratedConstructorAccessor11.newInstance(Unknown Source)
	at sun.reflect.DelegatingConstructorAccessorImpl.newInstance(Unknown Source)
	at java.lang.reflect.Constructor.newInstance(Unknown Source)
	at java.lang.Class.newInstance(Unknown Source)
	at org.openqa.selenium.support.PageFactory.instantiatePage(PageFactory.java:131)
	at org.openqa.selenium.support.PageFactory.initElements(PageFactory.java:64)
	at com.Adactin.qa.Pages.LoginPage.<init>(LoginPage.java:38)
	at sun.reflect.GeneratedConstructorAccessor11.newInstance(Unknown Source)
	at sun.reflect.DelegatingConstructorAccessorImpl.newInstance(Unknown Source)
	at java.lang.reflect.Constructor.newInstance(Unknown Source)
	at java.lang.Class.newInstance(Unknown Source)
	at org.openqa.selenium.support.PageFactory.instantiatePage(PageFactory.java:131)
	at org.openqa.selenium.support.PageFactory.initElements(PageFactory.java:64)
	at com.Adactin.qa.Pages.LoginPage.<init>(LoginPage.java:38)
	at sun.reflect.GeneratedConstructorAccessor11.newInstance(Unknown Source)
	at sun.reflect.DelegatingConstructorAccessorImpl.newInstance(Unknown Source)
	at java.lang.reflect.Constructor.newInstance(Unknown Source)
	at java.lang.Class.newInstance(Unknown Source)
	at org.openqa.selenium.support.PageFactory.instantiatePage(PageFactory.java:131)
	at org.openqa.selenium.support.PageFactory.initElements(PageFactory.java:64)
	at com.Adactin.qa.Pages.LoginPage.<init>(LoginPage.java:38)
	at sun.reflect.GeneratedConstructorAccessor11.newInstance(Unknown Source)
	at sun.reflect.DelegatingConstructorAccessorImpl.newInstance(Unknown Source)
	at java.lang.reflect.Constructor.newInstance(Unknown Source)
	at java.lang.Class.newInstance(Unknown Source)
	at org.openqa.selenium.support.PageFactory.instantiatePage(PageFactory.java:131)
	at org.openqa.selenium.support.PageFactory.initElements(PageFactory.java:64)
	at com.Adactin.qa.Pages.LoginPage.<init>(LoginPage.java:38)
	at sun.reflect.GeneratedConstructorAccessor11.newInstance(Unknown Source)
	at sun.reflect.DelegatingConstructorAccessorImpl.newInstance(Unknown Source)
	at java.lang.reflect.Constructor.newInstance(Unknown Source)
	at java.lang.Class.newInstance(Unknown Source)
	at org.openqa.selenium.support.PageFactory.instantiatePage(PageFactory.java:131)
	at org.openqa.selenium.support.PageFactory.initElements(PageFactory.java:64)
	at com.Adactin.qa.Pages.LoginPage.<init>(LoginPage.java:38)
	at sun.reflect.GeneratedConstructorAccessor11.newInstance(Unknown Source)
	at sun.reflect.DelegatingConstructorAccessorImpl.newInstance(Unknown Source)
	at java.lang.reflect.Constructor.newInstance(Unknown Source)
	at java.lang.Class.newInstance(Unknown Source)
	at org.openqa.selenium.support.PageFactory.instantiatePage(PageFactory.java:131)
[...]
	at sun.reflect.DelegatingConstructorAccessorImpl.newInstance(Unknown Source)
	at java.lang.reflect.Constructor.newInstance(Unknown Source)
	at java.lang.Class.newInstance(Unknown Source)
	at org.openqa.selenium.support.PageFactory.instantiatePage(PageFactory.java:131)
	at org.openqa.selenium.support.PageFactory.initElements(PageFactory.java:64)
	at com.Adactin.qa.Pages.LoginPage.<init>(LoginPage.java:38)
	at sun.reflect.GeneratedConstructorAccessor11.newInstance(Unknown Source)
	at sun.reflect.DelegatingConstructorAccessorImpl.newInstance(Unknown Source)
	at java.lang.reflect.Constructor.newInstance(Unknown Source)
	at java.lang.Class.newInstance(Unknown Source)
	at org.openqa.selenium.support.PageFactory.instantiatePage(PageFactory.java:131)
	at org.openqa.selenium.support.PageFactory.initElements(PageFactory.java:64)
	at com.Adactin.qa.Pages.LoginPage.<init>(LoginPage.java:38)
	at sun.reflect.GeneratedConstructorAccessor11.newInstance(Unknown Source)
	at sun.reflect.DelegatingConstructorAccessorImpl.newInstance(Unknown Source)
	at java.lang.reflect.Constructor.newInstance(Unknown Source)
	at java.lang.Class.newInstance(Unknown Source)
	at org.openqa.selenium.support.PageFactory.instantiatePage(PageFactory.java:131)
	at org.openqa.selenium.support.PageFactory.initElements(PageFactory.java:64)
	at com.Adactin.qa.Pages.LoginPage.<init>(LoginPage.java:38)
	at sun.reflect.GeneratedConstructorAccessor11.newInstance(Unknown Source)
	at sun.reflect.DelegatingConstructorAccessorImpl.newInstance(Unknown Source)
	at java.lang.reflect.Constructor.newInstance(Unknown Source)
	at java.lang.Class.newInstance(Unknown Source)
	at org.openqa.selenium.support.PageFactory.instantiatePage(PageFactory.java:131)
	at org.openqa.selenium.support.PageFactory.initElements(PageFactory.java:64)
	at com.Adactin.qa.Pages.LoginPage.<init>(LoginPage.java:38)
	at sun.reflect.GeneratedConstructorAccessor11.newInstance(Unknown Source)
	at sun.reflect.DelegatingConstructorAccessorImpl.newInstance(Unknown Source)
	at java.lang.reflect.Constructor.newInstance(Unknown Source)
	at java.lang.Class.newInstance(Unknown Source)
	at org.openqa.selenium.support.PageFactory.instantiatePage(PageFactory.java:131)
	at org.openqa.selenium.support.PageFactory.initElements(PageFactory.java:64)
	at com.Adactin.qa.Pages.LoginPage.<init>(LoginPage.java:38)
	at sun.reflect.GeneratedConstructorAccessor11.newInstance(Unknown Source)
	at sun.reflect.DelegatingConstructorAccessorImpl.newInstance(Unknown Source)
	at java.lang.reflect.Constructor.newInstance(Unknown Source)
	at java.lang.Class.newInstance(Unknown Source)
	at org.openqa.selenium.support.PageFactory.instantiatePage(PageFactory.java:131)
	at org.openqa.selenium.support.PageFactory.initElements(PageFactory.java:64)
	at com.Adactin.qa.Pages.LoginPage.<init>(LoginPage.java:38)
	at sun.reflect.GeneratedConstructorAccessor11.newInstance(Unknown Source)
	at sun.reflect.DelegatingConstructorAccessorImpl.newInstance(Unknown Source)
	at java.lang.reflect.Constructor.newInstance(Unknown Source)
	at java.lang.Class.newInstance(Unknown Source)
	at org.openqa.selenium.support.PageFactory.instantiatePage(PageFactory.java:131)
	at org.openqa.selenium.support.PageFactory.initElements(PageFactory.java:64)
	at com.Adactin.qa.Pages.LoginPage.<init>(LoginPage.java:38)
	at sun.reflect.GeneratedConstructorAccessor11.newInstance(Unknown Source)
	at sun.reflect.DelegatingConstructorAccessorImpl.newInstance(Unknown Source)
	at java.lang.reflect.Constructor.newInstance(Unknown Source)
	at java.lang.Class.newInstance(Unknown Source)
	at org.openqa.selenium.support.PageFactory.instantiatePage(PageFactory.java:131)
	at org.openqa.selenium.support.PageFactory.initElements(PageFactory.java:64)
	at com.Adactin.qa.Pages.LoginPage.<init>(LoginPage.java:38)
	at sun.reflect.GeneratedConstructorAccessor11.newInstance(Unknown Source)
	at sun.reflect.DelegatingConstructorAccessorImpl.newInstance(Unknown Source)
	at java.lang.reflect.Constructor.newInstance(Unknown Source)
	at java.lang.Class.newInstance(Unknown Source)
	at org.openqa.selenium.support.PageFactory.instantiatePage(PageFactory.java:131)
	at org.openqa.selenium.support.PageFactory.initElements(PageFactory.java:64)
	at com.Adactin.qa.Pages.LoginPage.<init>(LoginPage.java:38)
	at sun.reflect.GeneratedConstructorAccessor11.newInstance(Unknown Source)
	at sun.reflect.DelegatingConstructorAccessorImpl.newInstance(Unknown Source)
	at java.lang.reflect.Constructor.newInstance(Unknown Source)
	at java.lang.Class.newInstance(Unknown Source)
	at org.openqa.selenium.support.PageFactory.instantiatePage(PageFactory.java:131)
	at org.openqa.selenium.support.PageFactory.initElements(PageFactory.java:64)
	at com.Adactin.qa.Pages.LoginPage.<init>(LoginPage.java:38)
	at sun.reflect.GeneratedConstructorAccessor11.newInstance(Unknown Source)
	at sun.reflect.DelegatingConstructorAccessorImpl.newInstance(Unknown Source)
	at java.lang.reflect.Constructor.newInstance(Unknown Source)
	at java.lang.Class.newInstance(Unknown Source)
	at org.openqa.selenium.support.PageFactory.instantiatePage(PageFactory.java:131)
	at org.openqa.selenium.support.PageFactory.initElements(PageFactory.java:64)
	at com.Adactin.qa.Pages.LoginPage.<init>(LoginPage.java:38)
	at sun.reflect.GeneratedConstructorAccessor11.newInstance(Unknown Source)
	at sun.reflect.DelegatingConstructorAccessorImpl.newInstance(Unknown Source)
	at java.lang.reflect.Constructor.newInstance(Unknown Source)
	at java.lang.Class.newInstance(Unknown Source)
	at org.openqa.selenium.support.PageFactory.instantiatePage(PageFactory.java:131)
	at org.openqa.selenium.support.PageFactory.initElements(PageFactory.java:64)
	at com.Adactin.qa.Pages.LoginPage.<init>(LoginPage.java:38)
	at sun.reflect.GeneratedConstructorAccessor11.newInstance(Unknown Source)
	at sun.reflect.DelegatingConstructorAccessorImpl.newInstance(Unknown Source)
	at java.lang.reflect.Constructor.newInstance(Unknown Source)
	at java.lang.Class.newInstance(Unknown Source)
	at org.openqa.selenium.support.PageFactory.instantiatePage(PageFactory.java:131)
	at org.openqa.selenium.support.PageFactory.initElements(PageFactory.java:64)
	at com.Adactin.qa.Pages.LoginPage.<init>(LoginPage.java:38)
	at sun.reflect.GeneratedConstructorAccessor11.newInstance(Unknown Source)
	at sun.reflect.DelegatingConstructorAccessorImpl.newInstance(Unknown Source)
	at java.lang.reflect.Constructor.newInstance(Unknown Source)
	at java.lang.Class.newInstance(Unknown Source)
	at org.openqa.selenium.support.PageFactory.instantiatePage(PageFactory.java:131)
	at org.openqa.selenium.support.PageFactory.initElements(PageFactory.java:64)
	at com.Adactin.qa.Pages.LoginPage.<init>(LoginPage.java:38)
	at sun.reflect.GeneratedConstructorAccessor11.newInstance(Unknown Source)
	at sun.reflect.DelegatingConstructorAccessorImpl.newInstance(Unknown Source)
	at java.lang.reflect.Constructor.newInstance(Unknown Source)
	at java.lang.Class.newInstance(Unknown Source)
	at org.openqa.selenium.support.PageFactory.instantiatePage(PageFactory.java:131)
	at org.openqa.selenium.support.PageFactory.initElements(PageFactory.java:64)
	at com.Adactin.qa.Pages.LoginPage.<init>(LoginPage.java:38)
	at sun.reflect.GeneratedConstructorAccessor11.newInstance(Unknown Source)
	at sun.reflect.DelegatingConstructorAccessorImpl.newInstance(Unknown Source)
	at java.lang.reflect.Constructor.newInstance(Unknown Source)
	at java.lang.Class.newInstance(Unknown Source)
	at org.openqa.selenium.support.PageFactory.instantiatePage(PageFactory.java:131)
	at org.openqa.selenium.support.PageFactory.initElements(PageFactory.java:64)
	at com.Adactin.qa.Pages.LoginPage.<init>(LoginPage.java:38)
	at sun.reflect.GeneratedConstructorAccessor11.newInstance(Unknown Source)
	at sun.reflect.DelegatingConstructorAccessorImpl.newInstance(Unknown Source)
	at java.lang.reflect.Constructor.newInstance(Unknown Source)
	at java.lang.Class.newInstance(Unknown Source)
	at org.openqa.selenium.support.PageFactory.instantiatePage(PageFactory.java:131)
	at org.openqa.selenium.support.PageFactory.initElements(PageFactory.java:64)
	at com.Adactin.qa.Pages.LoginPage.<init>(LoginPage.java:38)
	at sun.reflect.GeneratedConstructorAccessor11.newInstance(Unknown Source)
	at sun.reflect.DelegatingConstructorAccessorImpl.newInstance(Unknown Source)
	at java.lang.reflect.Constructor.newInstance(Unknown Source)
	at java.lang.Class.newInstance(Unknown Source)
	at org.openqa.selenium.support.PageFactory.instantiatePage(PageFactory.java:131)
	at org.openqa.selenium.support.PageFactory.initElements(PageFactory.java:64)
	at com.Adactin.qa.Pages.LoginPage.<init>(LoginPage.java:38)
	at sun.reflect.GeneratedConstructorAccessor11.newInstance(Unknown Source)
	at sun.reflect.DelegatingConstructorAccessorImpl.newInstance(Unknown Source)
	at java.lang.reflect.Constructor.newInstance(Unknown Source)
	at java.lang.Class.newInstance(Unknown Source)
	at org.openqa.selenium.support.PageFactory.instantiatePage(PageFactory.java:131)
	at org.openqa.selenium.support.PageFactory.initElements(PageFactory.java:64)
	at com.Adactin.qa.Pages.LoginPage.<init>(LoginPage.java:38)
	at sun.reflect.GeneratedConstructorAccessor11.newInstance(Unknown Source)
	at sun.reflect.DelegatingConstructorAccessorImpl.newInstance(Unknown Source)
	at java.lang.reflect.Constructor.newInstance(Unknown Source)
	at java.lang.Class.newInstance(Unknown Source)
	at org.openqa.selenium.support.PageFactory.instantiatePage(PageFactory.java:131)
	at org.openqa.selenium.support.PageFactory.initElements(PageFactory.java:64)
	at com.Adactin.qa.Pages.LoginPage.<init>(LoginPage.java:38)
	at sun.reflect.GeneratedConstructorAccessor11.newInstance(Unknown Source)
	at sun.reflect.DelegatingConstructorAccessorImpl.newInstance(Unknown Source)
	at java.lang.reflect.Constructor.newInstance(Unknown Source)
	at java.lang.Class.newInstance(Unknown Source)
	at org.openqa.selenium.support.PageFactory.instantiatePage(PageFactory.java:131)
	at org.openqa.selenium.support.PageFactory.initElements(PageFactory.java:64)
	at com.Adactin.qa.Pages.LoginPage.<init>(LoginPage.java:38)
	at sun.reflect.GeneratedConstructorAccessor11.newInstance(Unknown Source)
	at sun.reflect.DelegatingConstructorAccessorImpl.newInstance(Unknown Source)
	at java.lang.reflect.Constructor.newInstance(Unknown Source)
	at java.lang.Class.newInstance(Unknown Source)
	at org.openqa.selenium.support.PageFactory.instantiatePage(PageFactory.java:131)
	at org.openqa.selenium.support.PageFactory.initElements(PageFactory.java:64)
	at com.Adactin.qa.Pages.LoginPage.<init>(LoginPage.java:38)
	at sun.reflect.GeneratedConstructorAccessor11.newInstance(Unknown Source)
	at sun.reflect.DelegatingConstructorAccessorImpl.newInstance(Unknown Source)
	at java.lang.reflect.Constructor.newInstance(Unknown Source)
	at java.lang.Class.newInstance(Unknown Source)
	at org.openqa.selenium.support.PageFactory.instantiatePage(PageFactory.java:131)
	at org.openqa.selenium.support.PageFactory.initElements(PageFactory.java:64)
	at com.Adactin.qa.Pages.LoginPage.<init>(LoginPage.java:38)
	at sun.reflect.GeneratedConstructorAccessor11.newInstance(Unknown Source)
	at sun.reflect.DelegatingConstructorAccessorImpl.newInstance(Unknown Source)
	at java.lang.reflect.Constructor.newInstance(Unknown Source)
	at java.lang.Class.newInstance(Unknown Source)
	at org.openqa.selenium.support.PageFactory.instantiatePage(PageFactory.java:131)
	at org.openqa.selenium.support.PageFactory.initElements(PageFactory.java:64)
	at com.Adactin.qa.Pages.LoginPage.<init>(LoginPage.java:38)
	at sun.reflect.GeneratedConstructorAccessor11.newInstance(Unknown Source)
	at sun.reflect.DelegatingConstructorAccessorImpl.newInstance(Unknown Source)
	at java.lang.reflect.Constructor.newInstance(Unknown Source)
	at java.lang.Class.newInstance(Unknown Source)
	at org.openqa.selenium.support.PageFactory.instantiatePage(PageFactory.java:131)
	at org.openqa.selenium.support.PageFactory.initElements(PageFactory.java:64)
	at com.Adactin.qa.Pages.LoginPage.<init>(LoginPage.java:38)
	at sun.reflect.GeneratedConstructorAccessor11.newInstance(Unknown Source)
	at sun.reflect.DelegatingConstructorAccessorImpl.newInstance(Unknown Source)
	at java.lang.reflect.Constructor.newInstance(Unknown Source)
	at java.lang.Class.newInstance(Unknown Source)
	at org.openqa.selenium.support.PageFactory.instantiatePage(PageFactory.java:131)
	at org.openqa.selenium.support.PageFactory.initElements(PageFactory.java:64)
	at com.Adactin.qa.Pages.LoginPage.<init>(LoginPage.java:38)
	at sun.reflect.GeneratedConstructorAccessor11.newInstance(Unknown Source)
	at sun.reflect.DelegatingConstructorAccessorImpl.newInstance(Unknown Source)
	at java.lang.reflect.Constructor.newInstance(Unknown Source)
	at java.lang.Class.newInstance(Unknown Source)
	at org.openqa.selenium.support.PageFactory.instantiatePage(PageFactory.java:131)
	at org.openqa.selenium.support.PageFactory.initElements(PageFactory.java:64)
	at com.Adactin.qa.Pages.LoginPage.<init>(LoginPage.java:38)
	at sun.reflect.GeneratedConstructorAccessor11.newInstance(Unknown Source)
	at sun.reflect.DelegatingConstructorAccessorImpl.newInstance(Unknown Source)
	at java.lang.reflect.Constructor.newInstance(Unknown Source)
	at java.lang.Class.newInstance(Unknown Source)
	at org.openqa.selenium.support.PageFactory.instantiatePage(PageFactory.java:131)
	at org.openqa.selenium.support.PageFactory.initElements(PageFactory.java:64)
	at com.Adactin.qa.Pages.LoginPage.<init>(LoginPage.java:38)
	at sun.reflect.GeneratedConstructorAccessor11.newInstance(Unknown Source)
	at sun.reflect.DelegatingConstructorAccessorImpl.newInstance(Unknown Source)
	at java.lang.reflect.Constructor.newInstance(Unknown Source)
	at java.lang.Class.newInstance(Unknown Source)
	at org.openqa.selenium.support.PageFactory.instantiatePage(PageFactory.java:131)
	at org.openqa.selenium.support.PageFactory.initElements(PageFactory.java:64)
	at com.Adactin.qa.Pages.LoginPage.<init>(LoginPage.java:38)
	at sun.reflect.GeneratedConstructorAccessor11.newInstance(Unknown Source)
	at sun.reflect.DelegatingConstructorAccessorImpl.newInstance(Unknown Source)
	at java.lang.reflect.Constructor.newInstance(Unknown Source)
	at java.lang.Class.newInstance(Unknown Source)
	at org.openqa.selenium.support.PageFactory.instantiatePage(PageFactory.java:131)
	at org.openqa.selenium.support.PageFactory.initElements(PageFactory.java:64)
	at com.Adactin.qa.Pages.LoginPage.<init>(LoginPage.java:38)
	at sun.reflect.GeneratedConstructorAccessor11.newInstance(Unknown Source)
	at sun.reflect.DelegatingConstructorAccessorImpl.newInstance(Unknown Source)
	at java.lang.reflect.Constructor.newInstance(Unknown Source)
	at java.lang.Class.newInstance(Unknown Source)
	at org.openqa.selenium.support.PageFactory.instantiatePage(PageFactory.java:131)
	at org.openqa.selenium.support.PageFactory.initElements(PageFactory.java:64)
	at com.Adactin.qa.Pages.LoginPage.<init>(LoginPage.java:38)
	at sun.reflect.GeneratedConstructorAccessor11.newInstance(Unknown Source)
	at sun.reflect.DelegatingConstructorAccessorImpl.newInstance(Unknown Source)
	at java.lang.reflect.Constructor.newInstance(Unknown Source)
	at java.lang.Class.newInstance(Unknown Source)
	at org.openqa.selenium.support.PageFactory.instantiatePage(PageFactory.java:131)
	at org.openqa.selenium.support.PageFactory.initElements(PageFactory.java:64)
	at com.Adactin.qa.Pages.LoginPage.<init>(LoginPage.java:38)
	at sun.reflect.GeneratedConstructorAccessor11.newInstance(Unknown Source)
	at sun.reflect.DelegatingConstructorAccessorImpl.newInstance(Unknown Source)
	at java.lang.reflect.Constructor.newInstance(Unknown Source)
	at java.lang.Class.newInstance(Unknown Source)
	at org.openqa.selenium.support.PageFactory.instantiatePage(PageFactory.java:131)
	at org.openqa.selenium.support.PageFactory.initElements(PageFactory.java:64)
	at com.Adactin.qa.Pages.LoginPage.<init>(LoginPage.java:38)
	at sun.reflect.GeneratedConstructorAccessor11.newInstance(Unknown Source)
	at sun.reflect.DelegatingConstructorAccessorImpl.newInstance(Unknown Source)
	at java.lang.reflect.Constructor.newInstance(Unknown Source)
	at java.lang.Class.newInstance(Unknown Source)
	at org.openqa.selenium.support.PageFactory.instantiatePage(PageFactory.java:131)
	at org.openqa.selenium.support.PageFactory.initElements(PageFactory.java:64)
	at com.Adactin.qa.Pages.LoginPage.<init>(LoginPage.java:38)
	at sun.reflect.GeneratedConstructorAccessor11.newInstance(Unknown Source)
	at sun.reflect.DelegatingConstructorAccessorImpl.newInstance(Unknown Source)
	at java.lang.reflect.Constructor.newInstance(Unknown Source)
	at java.lang.Class.newInstance(Unknown Source)
	at org.openqa.selenium.support.PageFactory.instantiatePage(PageFactory.java:131)
	at org.openqa.selenium.support.PageFactory.initElements(PageFactory.java:64)
	at com.Adactin.qa.Pages.LoginPage.<init>(LoginPage.java:38)
	at sun.reflect.GeneratedConstructorAccessor11.newInstance(Unknown Source)
	at sun.reflect.DelegatingConstructorAccessorImpl.newInstance(Unknown Source)
	at java.lang.reflect.Constructor.newInstance(Unknown Source)
	at java.lang.Class.newInstance(Unknown Source)
	at org.openqa.selenium.support.PageFactory.instantiatePage(PageFactory.java:131)
	at org.openqa.selenium.support.PageFactory.initElements(PageFactory.java:64)
	at com.Adactin.qa.Pages.LoginPage.<init>(LoginPage.java:38)
	at sun.reflect.GeneratedConstructorAccessor11.newInstance(Unknown Source)
	at sun.reflect.DelegatingConstructorAccessorImpl.newInstance(Unknown Source)
	at java.lang.reflect.Constructor.newInstance(Unknown Source)
	at java.lang.Class.newInstance(Unknown Source)
	at org.openqa.selenium.support.PageFactory.instantiatePage(PageFactory.java:131)
	at org.openqa.selenium.support.PageFactory.initElements(PageFactory.java:64)
	at com.Adactin.qa.Pages.LoginPage.<init>(LoginPage.java:38)
	at sun.reflect.GeneratedConstructorAccessor11.newInstance(Unknown Source)
	at sun.reflect.DelegatingConstructorAccessorImpl.newInstance(Unknown Source)
	at java.lang.reflect.Constructor.newInstance(Unknown Source)
	at java.lang.Class.newInstance(Unknown Source)
	at org.openqa.selenium.support.PageFactory.instantiatePage(PageFactory.java:131)
	at org.openqa.selenium.support.PageFactory.initElements(PageFactory.java:64)
	at com.Adactin.qa.Pages.LoginPage.<init>(LoginPage.java:38)
	at sun.reflect.GeneratedConstructorAccessor11.newInstance(Unknown Source)
	at sun.reflect.DelegatingConstructorAccessorImpl.newInstance(Unknown Source)
	at java.lang.reflect.Constructor.newInstance(Unknown Source)
	at java.lang.Class.newInstance(Unknown Source)
	at org.openqa.selenium.support.PageFactory.instantiatePage(PageFactory.java:131)
	at org.openqa.selenium.support.PageFactory.initElements(PageFactory.java:64)
	at com.Adactin.qa.Pages.LoginPage.<init>(LoginPage.java:38)
	at sun.reflect.GeneratedConstructorAccessor11.newInstance(Unknown Source)
	at sun.reflect.DelegatingConstructorAccessorImpl.newInstance(Unknown Source)
	at java.lang.reflect.Constructor.newInstance(Unknown Source)
	at java.lang.Class.newInstance(Unknown Source)
	at org.openqa.selenium.support.PageFactory.instantiatePage(PageFactory.java:131)
	at org.openqa.selenium.support.PageFactory.initElements(PageFactory.java:64)
	at com.Adactin.qa.Pages.LoginPage.<init>(LoginPage.java:38)
	at sun.reflect.GeneratedConstructorAccessor11.newInstance(Unknown Source)
	at sun.reflect.DelegatingConstructorAccessorImpl.newInstance(Unknown Source)
	at java.lang.reflect.Constructor.newInstance(Unknown Source)
	at java.lang.Class.newInstance(Unknown Source)
]]>
    </failure>
  </testcase> <!-- LoginPageTitleTest -->
</testsuite> <!-- com.Adactin.qa.TestCases.LoginPageTest -->
