<?xml version="1.0" encoding="UTF-8"?>
<testng-results skipped="0" failed="0" total="1" passed="1">
  <reporter-output>
  </reporter-output>
  <suite name="Default suite" duration-ms="41051" started-at="2019-07-20T04:02:35Z" finished-at="2019-07-20T04:03:16Z">
    <groups>
    </groups>
    <test name="Default test" duration-ms="41051" started-at="2019-07-20T04:02:35Z" finished-at="2019-07-20T04:03:16Z">
      <class name="workingwithScreenShots.googleScreenShot">
        <test-method status="PASS" signature="openbrow()[pri:0, instance:workingwithScreenShots.googleScreenShot@2a2d45ba]" name="openbrow" is-config="true" duration-ms="8243" started-at="2019-07-20T09:32:35Z" finished-at="2019-07-20T09:32:44Z">
          <reporter-output>
          </reporter-output>
        </test-method> <!-- openbrow -->
        <test-method status="PASS" signature="TakeScreenShots()[pri:0, instance:workingwithScreenShots.googleScreenShot@2a2d45ba]" name="TakeScreenShots" duration-ms="32770" started-at="2019-07-20T09:32:44Z" finished-at="2019-07-20T09:33:16Z">
          <reporter-output>
          </reporter-output>
        </test-method> <!-- TakeScreenShots -->
      </class> <!-- workingwithScreenShots.googleScreenShot -->
    </test> <!-- Default test -->
  </suite> <!-- Default suite -->
</testng-results>
